<?xml version="1.0" encoding="UTF-8"?>
<robot generator="Robot 7.4.2 (Python 3.13.12 on win32)" generated="2026-06-20T14:06:57.904469" rpa="false" schemaversion="5">
<suite id="s1" name="Tests" source="C:\Users\aayus_ucf5jw3\OneDrive\Desktop\ParaBank Sprint\tests">
<suite id="s1-s1" name="Api" source="C:\Users\aayus_ucf5jw3\OneDrive\Desktop\ParaBank Sprint\tests\api">
<suite id="s1-s1-s1" name="TC-API-04" source="C:\Users\aayus_ucf5jw3\OneDrive\Desktop\ParaBank Sprint\tests\api\TC-API-04.robot">
<kw name="Load Environment" owner="common_keywords" type="SETUP">
<kw name="Load Env" owner="environment">
<arg>${ENV}</arg>
<status status="PASS" start="2026-06-20T14:06:58.245610" elapsed="0.000952"/>
</kw>
<kw name="Get Env" owner="environment">
<msg time="2026-06-20T14:06:58.246819" level="INFO">${url} = https://parabank.parasoft.com</msg>
<var>${url}</var>
<arg>baseurl</arg>
<status status="PASS" start="2026-06-20T14:06:58.246692" elapsed="0.000157"/>
</kw>
<kw name="Get Env" owner="environment">
<msg time="2026-06-20T14:06:58.247037" level="INFO">${username} = aayushsuwlka080704</msg>
<var>${username}</var>
<arg>username</arg>
<status status="PASS" start="2026-06-20T14:06:58.246943" elapsed="0.000117"/>
</kw>
<kw name="Get Env" owner="environment">
<msg time="2026-06-20T14:06:58.247224" level="INFO">${password} = Aayush@08</msg>
<var>${password}</var>
<arg>password</arg>
<status status="PASS" start="2026-06-20T14:06:58.247137" elapsed="0.000108"/>
</kw>
<kw name="Set Global Variable" owner="BuiltIn">
<msg time="2026-06-20T14:06:58.248156" level="INFO">${BASE_URL} = https://parabank.parasoft.com</msg>
<arg>${BASE_URL}</arg>
<arg>${url}</arg>
<doc>Makes a variable available globally in all tests and suites.</doc>
<status status="PASS" start="2026-06-20T14:06:58.247337" elapsed="0.000859"/>
</kw>
<kw name="Set Global Variable" owner="BuiltIn">
<msg time="2026-06-20T14:06:58.248530" level="INFO">${USERNAME} = aayushsuwlka080704</msg>
<arg>${USERNAME}</arg>
<arg>${username}</arg>
<doc>Makes a variable available globally in all tests and suites.</doc>
<status status="PASS" start="2026-06-20T14:06:58.248294" elapsed="0.000271"/>
</kw>
<kw name="Set Global Variable" owner="BuiltIn">
<msg time="2026-06-20T14:06:58.248906" level="INFO">${PASSWORD} = Aayush@08</msg>
<arg>${PASSWORD}</arg>
<arg>${password}</arg>
<doc>Makes a variable available globally in all tests and suites.</doc>
<status status="PASS" start="2026-06-20T14:06:58.248673" elapsed="0.000267"/>
</kw>
<status status="PASS" start="2026-06-20T14:06:58.245033" elapsed="0.003964"/>
</kw>
<test id="s1-s1-s1-t1" name="TC-API-04" line="12">
<kw name="Open Application" owner="common_keywords" type="SETUP">
<kw name="Open Browser" owner="SeleniumLibrary">
<msg time="2026-06-20T14:06:58.249735" level="INFO">Opening browser 'chrome' to base url 'https://parabank.parasoft.com'.</msg>
<arg>${BASE_URL}</arg>
<arg>${BROWSER}</arg>
<doc>Opens a new browser instance to the optional ``url``.</doc>
<status status="PASS" start="2026-06-20T14:06:58.249558" elapsed="3.202367"/>
</kw>
<kw name="Maximize Browser Window" owner="SeleniumLibrary">
<doc>Maximizes current browser window.</doc>
<status status="PASS" start="2026-06-20T14:07:01.452221" elapsed="0.029972"/>
</kw>
<doc>Opens the application</doc>
<status status="PASS" start="2026-06-20T14:06:58.249372" elapsed="3.232940"/>
</kw>
<kw name="Open a Savings Account with Valid Details" owner="account_page">
<kw name="Ensure User Is Logged In" owner="common_keywords">
<kw name="Login User" owner="login">
<kw name="Input Text" owner="SeleniumLibrary">
<msg time="2026-06-20T14:07:01.483829" level="INFO">Typing text 'aayushsuwlka080704' into text field 'xpath=//input[@name='username']'.</msg>
<arg>${login_username}</arg>
<arg>${username}</arg>
<doc>Types the given ``text`` into the text field identified by ``locator``.</doc>
<status status="PASS" start="2026-06-20T14:07:01.483461" elapsed="0.071450"/>
</kw>
<kw name="Input Text" owner="SeleniumLibrary">
<msg time="2026-06-20T14:07:01.555553" level="INFO">Typing text 'Aayush@08' into text field 'xpath=//input[@name='password']'.</msg>
<arg>${login_password}</arg>
<arg>${password}</arg>
<doc>Types the given ``text`` into the text field identified by ``locator``.</doc>
<status status="PASS" start="2026-06-20T14:07:01.555185" elapsed="0.066003"/>
</kw>
<kw name="Click Element" owner="SeleniumLibrary">
<msg time="2026-06-20T14:07:01.621793" level="INFO">Clicking element 'xpath=//input[@value='Log In']'.</msg>
<arg>${login_btn}</arg>
<doc>Click the element identified by ``locator``.</doc>
<status status="PASS" start="2026-06-20T14:07:01.621450" elapsed="0.929294"/>
</kw>
<arg>${USERNAME}</arg>
<arg>${PASSWORD}</arg>
<status status="PASS" start="2026-06-20T14:07:01.483182" elapsed="1.067693"/>
</kw>
<kw name="Run Keyword And Return Status" owner="BuiltIn">
<kw name="Wait Until Page Contains" owner="SeleniumLibrary">
<arg>Accounts Overview</arg>
<arg>10s</arg>
<doc>Waits until ``text`` appears on the current page.</doc>
<status status="PASS" start="2026-06-20T14:07:02.551569" elapsed="0.010714"/>
</kw>
<msg time="2026-06-20T14:07:02.562436" level="INFO">${login_success} = True</msg>
<var>${login_success}</var>
<arg>Wait Until Page Contains</arg>
<arg>Accounts Overview</arg>
<arg>10s</arg>
<doc>Runs the specified keyword and returns the status as a Boolean value.</doc>
<status status="PASS" start="2026-06-20T14:07:02.551083" elapsed="0.011381"/>
</kw>
<if>
<branch type="IF" condition="not ${login_success}">
<kw name="Go To" owner="SeleniumLibrary">
<arg>${BASE_URL}</arg>
<doc>Navigates the current browser window to the provided ``url``.</doc>
<status status="NOT RUN" start="2026-06-20T14:07:02.562832" elapsed="0.000030"/>
</kw>
<kw name="Register With Valid Credentials" owner="register_page">
<doc>Test case to verify login with valid credentials  @</doc>
<status status="NOT RUN" start="2026-06-20T14:07:02.563083" elapsed="0.000028"/>
</kw>
<status status="NOT RUN" start="2026-06-20T14:07:02.562582" elapsed="0.000561"/>
</branch>
<status status="PASS" start="2026-06-20T14:07:02.562545" elapsed="0.000638"/>
</if>
<status status="PASS" start="2026-06-20T14:07:01.482958" elapsed="1.080276"/>
</kw>
<kw name="Click Element" owner="SeleniumLibrary">
<msg time="2026-06-20T14:07:02.563524" level="INFO">Clicking element 'xpath=//a[text()='Open New Account']'.</msg>
<arg>${open_new_account}</arg>
<doc>Click the element identified by ``locator``.</doc>
<status status="PASS" start="2026-06-20T14:07:02.563324" elapsed="0.358386"/>
</kw>
<kw name="Click Element" owner="SeleniumLibrary">
<msg time="2026-06-20T14:07:02.922435" level="INFO">Clicking element 'xpath=//select[@id='type']'.</msg>
<arg>${account_type_dropdown}</arg>
<doc>Click the element identified by ``locator``.</doc>
<status status="PASS" start="2026-06-20T14:07:02.922050" elapsed="0.055518"/>
</kw>
<kw name="Wait Until Page Contains Element" owner="SeleniumLibrary">
<arg>${savings_option}</arg>
<arg>5s</arg>
<doc>Waits until the element ``locator`` appears on the current page.</doc>
<status status="PASS" start="2026-06-20T14:07:02.977780" elapsed="0.009671"/>
</kw>
<kw name="Sleep" owner="BuiltIn">
<msg time="2026-06-20T14:07:05.988550" level="INFO">Slept 3 seconds.</msg>
<arg>3s</arg>
<doc>Pauses the test executed for the given time.</doc>
<status status="PASS" start="2026-06-20T14:07:02.987758" elapsed="3.000924"/>
</kw>
<kw name="Select From List By Index" owner="SeleniumLibrary">
<msg time="2026-06-20T14:07:05.989194" level="INFO">Selecting options from selection list 'xpath=//select[@id='type']' by index 0.</msg>
<arg>${account_type_dropdown}</arg>
<arg>0</arg>
<doc>Selects options from selection list ``locator`` by ``indexes``.</doc>
<status status="PASS" start="2026-06-20T14:07:05.988901" elapsed="0.042570"/>
</kw>
<kw name="Get List Items" owner="SeleniumLibrary">
<msg time="2026-06-20T14:07:06.099139" level="INFO">${accounts} = ['14343', '14787', '14898', '15231', '15564']</msg>
<var>${accounts}</var>
<arg>id=fromAccountId</arg>
<doc>Returns all labels or values of selection list ``locator``.</doc>
<status status="PASS" start="2026-06-20T14:07:06.031694" elapsed="0.067497"/>
</kw>
<kw name="Sleep" owner="BuiltIn">
<msg time="2026-06-20T14:07:12.100254" level="INFO">Slept 6 seconds.</msg>
<arg>6s</arg>
<doc>Pauses the test executed for the given time.</doc>
<status status="PASS" start="2026-06-20T14:07:06.099611" elapsed="6.000780"/>
</kw>
<kw name="Set Variable" owner="BuiltIn">
<msg time="2026-06-20T14:07:12.101019" level="INFO">${source_account} = 14343</msg>
<var>${source_account}</var>
<arg>${accounts}[0]</arg>
<doc>Returns the given values which can then be assigned to a variables.</doc>
<status status="PASS" start="2026-06-20T14:07:12.100604" elapsed="0.000449"/>
</kw>
<kw name="Set Suite Variable" owner="BuiltIn">
<msg time="2026-06-20T14:07:12.102424" level="INFO">${SOURCE_ACCOUNT_NUMBER} = 14343</msg>
<arg>${SOURCE_ACCOUNT_NUMBER}</arg>
<arg>${source_account}</arg>
<doc>Makes a variable available everywhere within the scope of the current suite.</doc>
<status status="PASS" start="2026-06-20T14:07:12.101219" elapsed="0.001270"/>
</kw>
<kw name="Click Element" owner="SeleniumLibrary">
<msg time="2026-06-20T14:07:12.102790" level="INFO">Clicking element 'xpath=//option[@value='1']'.</msg>
<arg>${savings_option}</arg>
<doc>Click the element identified by ``locator``.</doc>
<status status="PASS" start="2026-06-20T14:07:12.102612" elapsed="0.022760"/>
</kw>
<kw name="Sleep" owner="BuiltIn">
<msg time="2026-06-20T14:07:13.126146" level="INFO">Slept 1 second.</msg>
<arg>1s</arg>
<doc>Pauses the test executed for the given time.</doc>
<status status="PASS" start="2026-06-20T14:07:12.125636" elapsed="1.000665"/>
</kw>
<kw name="Click Element" owner="SeleniumLibrary">
<msg time="2026-06-20T14:07:13.126877" level="INFO">Clicking element 'xpath=//input[@value='Open New Account']'.</msg>
<arg>${open_new_account_btn}</arg>
<doc>Click the element identified by ``locator``.</doc>
<status status="PASS" start="2026-06-20T14:07:13.126561" elapsed="0.052550"/>
</kw>
<kw name="Sleep" owner="BuiltIn">
<msg time="2026-06-20T14:07:14.180048" level="INFO">Slept 1 second.</msg>
<arg>1s</arg>
<doc>Pauses the test executed for the given time.</doc>
<status status="PASS" start="2026-06-20T14:07:13.179286" elapsed="1.000954"/>
</kw>
<kw name="Get Text" owner="SeleniumLibrary">
<msg time="2026-06-20T14:07:14.196083" level="INFO">${account_number} = 15675</msg>
<var>${account_number}</var>
<arg>xpath=//a[@id="newAccountId"]</arg>
<doc>Returns the text value of the element identified by ``locator``.</doc>
<status status="PASS" start="2026-06-20T14:07:14.180553" elapsed="0.015585"/>
</kw>
<kw name="Set Suite Variable" owner="BuiltIn">
<msg time="2026-06-20T14:07:14.197529" level="INFO">${SAVINGS_ACCOUNT_NUMBER} = 15675</msg>
<arg>${SAVINGS_ACCOUNT_NUMBER}</arg>
<arg>${account_number}</arg>
<doc>Makes a variable available everywhere within the scope of the current suite.</doc>
<status status="PASS" start="2026-06-20T14:07:14.196348" elapsed="0.001255"/>
</kw>
<kw name="Log To Console" owner="BuiltIn">
<arg>${SOURCE_ACCOUNT_NUMBER}</arg>
<doc>Logs the given message to the console.</doc>
<status status="PASS" start="2026-06-20T14:07:14.197717" elapsed="0.000322"/>
</kw>
<kw name="Log To Console" owner="BuiltIn">
<arg>${SAVINGS_ACCOUNT_NUMBER}</arg>
<doc>Logs the given message to the console.</doc>
<status status="PASS" start="2026-06-20T14:07:14.198142" elapsed="0.000205"/>
</kw>
<kw name="Wait Until Page Contains Element" owner="SeleniumLibrary">
<arg>${account_open_message}</arg>
<arg>5s</arg>
<doc>Waits until the element ``locator`` appears on the current page.</doc>
<status status="PASS" start="2026-06-20T14:07:14.198489" elapsed="0.007552"/>
</kw>
<doc>This keyword opens a savings account with valid details. @</doc>
<status status="PASS" start="2026-06-20T14:07:01.482599" elapsed="12.723603"/>
</kw>
<kw name="Get Customer Id" owner="api_keywords">
<kw name="Create Session" owner="RequestsLibrary">
<msg time="2026-06-20T14:07:14.207155" level="INFO">Creating Session using : alias=bank, url=https://parabank.parasoft.com/parabank/services/bank, headers={'Accept': 'application/json'},                     cookies={}, auth=None, timeout=None, proxies=None, verify=True,                     debug=0 </msg>
<arg>bank</arg>
<arg>${URL}</arg>
<arg>verify=True</arg>
<arg>headers={'Accept':'application/json'}</arg>
<doc>Create Session: create a HTTP session to a server</doc>
<status status="PASS" start="2026-06-20T14:07:14.206817" elapsed="0.000569"/>
</kw>
<kw name="GET On Session" owner="RequestsLibrary">
<msg time="2026-06-20T14:07:15.610830" level="INFO">GET Request : url=https://parabank.parasoft.com/parabank/services/bank/login/aayushsuwlka080704/Aayush@08 
 path_url=/parabank/services/bank/login/aayushsuwlka080704/Aayush@08 
 headers={'User-Agent': 'python-requests/2.33.1', 'Accept-Encoding': 'gzip, deflate', 'Accept': 'application/json', 'Connection': 'keep-alive'} 
 body=None 
 </msg>
<msg time="2026-06-20T14:07:15.611002" level="INFO">GET Response : url=https://parabank.parasoft.com/parabank/services/bank/login/aayushsuwlka080704/Aayush@08 
 status=200, reason=OK 
 headers={'Date': 'Sat, 20 Jun 2026 08:37:15 GMT', 'Content-Type': 'application/json', 'Transfer-Encoding': 'chunked', 'Connection': 'keep-alive', 'Server': 'cloudflare', 'cf-cache-status': 'DYNAMIC', 'X-Content-Type-Options': 'nosniff', 'Content-Encoding': 'gzip', 'CF-RAY': 'a0e973510905d26d-FRA'} 
 body={"id":12878,"firstName":"Aayush","lastName":"Suwalka","address":{"street":"B-325, Subhash Nagar","city":"Bhilwara","state":"Rajasthan","zipCode":"311001"},"phoneNumber":"6350032742","ssn":"123456"} 
 </msg>
<msg time="2026-06-20T14:07:15.611173" level="INFO">${response} = &lt;Response [200]&gt;</msg>
<var>${response}</var>
<arg>bank</arg>
<arg>/login/${USERNAME}/${PASSWORD}</arg>
<doc>Sends a GET request on a previously created HTTP Session.</doc>
<status status="PASS" start="2026-06-20T14:07:14.207539" elapsed="1.403685"/>
</kw>
<kw name="Should Be Equal As Integers" owner="BuiltIn">
<msg time="2026-06-20T14:07:15.612180" level="INFO">Argument types are:
&lt;class 'int'&gt;
&lt;class 'str'&gt;</msg>
<arg>${response.status_code}</arg>
<arg>200</arg>
<doc>Fails if objects are unequal after converting them to integers.</doc>
<status status="PASS" start="2026-06-20T14:07:15.611431" elapsed="0.000815"/>
</kw>
<kw name="Set Variable" owner="BuiltIn">
<msg time="2026-06-20T14:07:15.613515" level="INFO">${body} = {'id': 12878, 'firstName': 'Aayush', 'lastName': 'Suwalka', 'address': {'street': 'B-325, Subhash Nagar', 'city': 'Bhilwara', 'state': 'Rajasthan', 'zipCode': '311001'}, 'phoneNumber': '6350032742', '...</msg>
<var>${body}</var>
<arg>${response.json()}</arg>
<doc>Returns the given values which can then be assigned to a variables.</doc>
<status status="PASS" start="2026-06-20T14:07:15.612391" elapsed="0.001157"/>
</kw>
<kw name="Set Variable" owner="BuiltIn">
<msg time="2026-06-20T14:07:15.613924" level="INFO">${customerID} = 12878</msg>
<var>${customerID}</var>
<arg>${body}[id]</arg>
<doc>Returns the given values which can then be assigned to a variables.</doc>
<status status="PASS" start="2026-06-20T14:07:15.613666" elapsed="0.000285"/>
</kw>
<kw name="Set Suite Variable" owner="BuiltIn">
<msg time="2026-06-20T14:07:15.614338" level="INFO">${Customer_Id} = 12878</msg>
<arg>${Customer_Id}</arg>
<arg>${customerID}</arg>
<doc>Makes a variable available everywhere within the scope of the current suite.</doc>
<status status="PASS" start="2026-06-20T14:07:15.614066" elapsed="0.000312"/>
</kw>
<doc>Getting the customer id of the logged in user @</doc>
<status status="PASS" start="2026-06-20T14:07:14.206474" elapsed="1.407971"/>
</kw>
<kw name="Get all Accounts of Customer" owner="api_keywords">
<kw name="Create Session" owner="RequestsLibrary">
<msg time="2026-06-20T14:07:15.615031" level="INFO">Creating Session using : alias=bank, url=https://parabank.parasoft.com/parabank/services/bank, headers={'Accept': 'application/json'},                     cookies={}, auth=None, timeout=None, proxies=None, verify=True,                     debug=0 </msg>
<arg>bank</arg>
<arg>${URL}</arg>
<arg>verify=True</arg>
<arg>headers={"Accept": "application/json"}</arg>
<doc>Create Session: create a HTTP session to a server</doc>
<status status="PASS" start="2026-06-20T14:07:15.614812" elapsed="0.000464"/>
</kw>
<kw name="GET On Session" owner="RequestsLibrary">
<msg time="2026-06-20T14:07:16.924421" level="INFO">GET Request : url=https://parabank.parasoft.com/parabank/services/bank/customers/12878/accounts 
 path_url=/parabank/services/bank/customers/12878/accounts 
 headers={'User-Agent': 'python-requests/2.33.1', 'Accept-Encoding': 'gzip, deflate', 'Accept': 'application/json', 'Connection': 'keep-alive'} 
 body=None 
 </msg>
<msg time="2026-06-20T14:07:16.924597" level="INFO">GET Response : url=https://parabank.parasoft.com/parabank/services/bank/customers/12878/accounts 
 status=200, reason=OK 
 headers={'Date': 'Sat, 20 Jun 2026 08:37:16 GMT', 'Content-Type': 'application/json', 'Transfer-Encoding': 'chunked', 'Connection': 'keep-alive', 'Server': 'cloudflare', 'cf-cache-status': 'DYNAMIC', 'X-Content-Type-Options': 'nosniff', 'Content-Encoding': 'gzip', 'CF-RAY': 'a0e973592c83d9cf-FRA'} 
 body=[{"id":14343,"customerId":12878,"type":"CHECKING","balance":-184.50},{"id":14787,"customerId":12878,"type":"CHECKING","balance":300.00},{"id":14898,"customerId":12878,"type":"SAVINGS","balance":100.00},{"id":15231,"customerId":12878,"type":"SAVINGS","balance":100.00},{"id":15564,"customerId":12878,"type":"SAVINGS","balance":100.00},{"id":15675,"customerId":12878,"type":"SAVINGS","balance":100.00}] 
 </msg>
<msg time="2026-06-20T14:07:16.924803" level="INFO">${response} = &lt;Response [200]&gt;</msg>
<var>${response}</var>
<arg>bank</arg>
<arg>/customers/${Customer_Id}/accounts</arg>
<doc>Sends a GET request on a previously created HTTP Session.</doc>
<status status="PASS" start="2026-06-20T14:07:15.615463" elapsed="1.309390"/>
</kw>
<kw name="Log To Console" owner="BuiltIn">
<arg>${response.status_code}</arg>
<doc>Logs the given message to the console.</doc>
<status status="PASS" start="2026-06-20T14:07:16.925109" elapsed="0.000857"/>
</kw>
<kw name="Set Variable" owner="BuiltIn">
<msg time="2026-06-20T14:07:16.927299" level="INFO">${body} = [{'id': 14343, 'customerId': 12878, 'type': 'CHECKING', 'balance': -184.5}, {'id': 14787, 'customerId': 12878, 'type': 'CHECKING', 'balance': 300.0}, {'id': 14898, 'customerId': 12878, 'type': 'SAVING...</msg>
<var>${body}</var>
<arg>${response.json()}</arg>
<doc>Returns the given values which can then be assigned to a variables.</doc>
<status status="PASS" start="2026-06-20T14:07:16.926187" elapsed="0.001157"/>
</kw>
<kw name="Log To Console" owner="BuiltIn">
<arg>${body}</arg>
<doc>Logs the given message to the console.</doc>
<status status="PASS" start="2026-06-20T14:07:16.927510" elapsed="0.000350"/>
</kw>
<kw name="Set Variable" owner="BuiltIn">
<msg time="2026-06-20T14:07:16.928354" level="INFO">${acc_Id} = 14343</msg>
<var>${acc_Id}</var>
<arg>${body}[0][id]</arg>
<doc>Returns the given values which can then be assigned to a variables.</doc>
<status status="PASS" start="2026-06-20T14:07:16.928016" elapsed="0.000377"/>
</kw>
<kw name="Set Variable" owner="BuiltIn">
<msg time="2026-06-20T14:07:16.928844" level="INFO">${acc_type} = CHECKING</msg>
<var>${acc_type}</var>
<arg>${body}[0][type]</arg>
<doc>Returns the given values which can then be assigned to a variables.</doc>
<status status="PASS" start="2026-06-20T14:07:16.928545" elapsed="0.000331"/>
</kw>
<kw name="Set Suite Variable" owner="BuiltIn">
<msg time="2026-06-20T14:07:16.930669" level="INFO">${Expected_Account_Type} = CHECKING</msg>
<arg>${Expected_Account_Type}</arg>
<arg>${acc_type}</arg>
<doc>Makes a variable available everywhere within the scope of the current suite.</doc>
<status status="PASS" start="2026-06-20T14:07:16.929031" elapsed="0.001707"/>
</kw>
<kw name="Set Suite Variable" owner="BuiltIn">
<msg time="2026-06-20T14:07:16.932741" level="INFO">${Account_Id} = 14343</msg>
<arg>${Account_Id}</arg>
<arg>${acc_Id}</arg>
<doc>Makes a variable available everywhere within the scope of the current suite.</doc>
<status status="PASS" start="2026-06-20T14:07:16.930919" elapsed="0.001893"/>
</kw>
<doc>Getting all the accounts of a customer @</doc>
<status status="PASS" start="2026-06-20T14:07:15.614614" elapsed="1.318313"/>
</kw>
<kw name="Check Account Balance" owner="api_keywords">
<kw name="Create Session" owner="RequestsLibrary">
<msg time="2026-06-20T14:07:16.933845" level="INFO">Creating Session using : alias=bank, url=https://parabank.parasoft.com/parabank/services/bank, headers={'Accept': 'application/json'},                     cookies={}, auth=None, timeout=None, proxies=None, verify=True,                     debug=0 </msg>
<arg>bank</arg>
<arg>${URL}</arg>
<arg>verify=True</arg>
<arg>headers={"Accept": "application/json"}</arg>
<doc>Create Session: create a HTTP session to a server</doc>
<status status="PASS" start="2026-06-20T14:07:16.933549" elapsed="0.000482"/>
</kw>
<kw name="GET On Session" owner="RequestsLibrary">
<msg time="2026-06-20T14:07:21.162083" level="INFO">GET Request : url=https://parabank.parasoft.com/parabank/services/bank/accounts/14343 
 path_url=/parabank/services/bank/accounts/14343 
 headers={'User-Agent': 'python-requests/2.33.1', 'Accept-Encoding': 'gzip, deflate', 'Accept': 'application/json', 'Connection': 'keep-alive'} 
 body=None 
 </msg>
<msg time="2026-06-20T14:07:21.162236" level="INFO">GET Response : url=https://parabank.parasoft.com/parabank/services/bank/accounts/14343 
 status=200, reason=OK 
 headers={'Date': 'Sat, 20 Jun 2026 08:37:19 GMT', 'Content-Type': 'application/json', 'Transfer-Encoding': 'chunked', 'Connection': 'keep-alive', 'Server': 'cloudflare', 'cf-cache-status': 'DYNAMIC', 'X-Content-Type-Options': 'nosniff', 'Content-Encoding': 'gzip', 'CF-RAY': 'a0e9736c5d1c8fe0-FRA'} 
 body={"id":14343,"customerId":12878,"type":"CHECKING","balance":-184.50} 
 </msg>
<msg time="2026-06-20T14:07:21.162431" level="INFO">${response} = &lt;Response [200]&gt;</msg>
<var>${response}</var>
<arg>bank</arg>
<arg>/accounts/${Account_Id}</arg>
<doc>Sends a GET request on a previously created HTTP Session.</doc>
<status status="PASS" start="2026-06-20T14:07:16.934198" elapsed="4.228280"/>
</kw>
<kw name="Should Be Equal As Integers" owner="BuiltIn">
<msg time="2026-06-20T14:07:21.164006" level="INFO">Argument types are:
&lt;class 'int'&gt;
&lt;class 'str'&gt;</msg>
<arg>${response.status_code}</arg>
<arg>200</arg>
<doc>Fails if objects are unequal after converting them to integers.</doc>
<status status="PASS" start="2026-06-20T14:07:21.162742" elapsed="0.001365"/>
</kw>
<kw name="Set Variable" owner="BuiltIn">
<msg time="2026-06-20T14:07:21.165481" level="INFO">${body} = {'id': 14343, 'customerId': 12878, 'type': 'CHECKING', 'balance': -184.5}</msg>
<var>${body}</var>
<arg>${response.json()}</arg>
<doc>Returns the given values which can then be assigned to a variables.</doc>
<status status="PASS" start="2026-06-20T14:07:21.164303" elapsed="0.001225"/>
</kw>
<kw name="Log To Console" owner="BuiltIn">
<arg>${body}[balance]</arg>
<doc>Logs the given message to the console.</doc>
<status status="PASS" start="2026-06-20T14:07:21.165717" elapsed="0.000440"/>
</kw>
<return>
<value>${body}[balance]</value>
<status status="PASS" start="2026-06-20T14:07:21.166229" elapsed="0.000066"/>
</return>
<msg time="2026-06-20T14:07:21.166443" level="INFO">${balance_before} = -184.5</msg>
<var>${balance_before}</var>
<doc>Checks the account balance @</doc>
<status status="PASS" start="2026-06-20T14:07:16.933233" elapsed="4.233236"/>
</kw>
<kw name="Log To Console" owner="BuiltIn">
<arg>${balance_before}</arg>
<doc>Logs the given message to the console.</doc>
<status status="PASS" start="2026-06-20T14:07:21.166578" elapsed="0.000233"/>
</kw>
<kw name="Transfer Funds through API" owner="api_keywords">
<kw name="Create Session" owner="RequestsLibrary">
<msg time="2026-06-20T14:07:21.167527" level="INFO">Creating Session using : alias=bank, url=https://parabank.parasoft.com/parabank/services/bank, headers={'Accept': 'application/json'},                     cookies={}, auth=None, timeout=None, proxies=None, verify=True,                     debug=0 </msg>
<arg>bank</arg>
<arg>${URL}</arg>
<arg>verify=True</arg>
<arg>headers={"Accept": "application/json"}</arg>
<doc>Create Session: create a HTTP session to a server</doc>
<status status="PASS" start="2026-06-20T14:07:21.167263" elapsed="0.000546"/>
</kw>
<kw name="Create Dictionary" owner="BuiltIn">
<msg time="2026-06-20T14:07:21.168777" level="INFO">${params} = {'amount': '100', 'fromAccountId': '14343', 'toAccountId': '15675'}</msg>
<var>${params}</var>
<arg>amount=${amt}</arg>
<arg>fromAccountId=${src_acc}</arg>
<arg>toAccountId=${to_acc}</arg>
<doc>Creates and returns a dictionary based on the given ``items``.</doc>
<status status="PASS" start="2026-06-20T14:07:21.168024" elapsed="0.000809"/>
</kw>
<kw name="POST On Session" owner="RequestsLibrary">
<msg time="2026-06-20T14:07:23.052396" level="INFO">POST Request : url=https://parabank.parasoft.com/parabank/services/bank/transfer?amount=100&amp;fromAccountId=14343&amp;toAccountId=15675 
 path_url=/parabank/services/bank/transfer?amount=100&amp;fromAccountId=14343&amp;toAccountId=15675 
 headers={'User-Agent': 'python-requests/2.33.1', 'Accept-Encoding': 'gzip, deflate', 'Accept': 'application/json', 'Connection': 'keep-alive', 'Content-Length': '0'} 
 body=None 
 </msg>
<msg time="2026-06-20T14:07:23.052490" level="INFO">POST Response : url=https://parabank.parasoft.com/parabank/services/bank/transfer?amount=100&amp;fromAccountId=14343&amp;toAccountId=15675 
 status=200, reason=OK 
 headers={'Date': 'Sat, 20 Jun 2026 08:37:22 GMT', 'Content-Type': 'application/json', 'Transfer-Encoding': 'chunked', 'Connection': 'keep-alive', 'Server': 'cloudflare', 'cf-cache-status': 'DYNAMIC', 'X-Content-Type-Options': 'nosniff', 'Content-Encoding': 'gzip', 'CF-RAY': 'a0e9737ff881d299-FRA'} 
 body=Successfully transferred $100 from account #14343 to account #15675 
 </msg>
<msg time="2026-06-20T14:07:23.052621" level="INFO">${response} = &lt;Response [200]&gt;</msg>
<var>${response}</var>
<arg>bank</arg>
<arg>/transfer</arg>
<arg>params=${params}</arg>
<doc>Sends a POST request on a previously created HTTP Session.</doc>
<status status="PASS" start="2026-06-20T14:07:21.169037" elapsed="1.883614"/>
</kw>
<return>
<value>${response}</value>
<status status="PASS" start="2026-06-20T14:07:23.052736" elapsed="0.000061"/>
</return>
<msg time="2026-06-20T14:07:23.052930" level="INFO">${res} = &lt;Response [200]&gt;</msg>
<var>${res}</var>
<arg>100</arg>
<arg>${SOURCE_ACCOUNT_NUMBER}</arg>
<arg>${SAVINGS_ACCOUNT_NUMBER}</arg>
<doc>Tranfer funds between account through API @</doc>
<status status="PASS" start="2026-06-20T14:07:21.166983" elapsed="1.885969"/>
</kw>
<kw name="Should Be Equal As Strings" owner="BuiltIn">
<msg time="2026-06-20T14:07:23.053758" level="INFO">Argument types are:
&lt;class 'int'&gt;
&lt;class 'str'&gt;</msg>
<arg>${res.status_code}</arg>
<arg>200</arg>
<doc>Fails if objects are unequal after converting them to strings.</doc>
<status status="PASS" start="2026-06-20T14:07:23.053091" elapsed="0.000722"/>
</kw>
<kw name="Check Account Balance" owner="api_keywords">
<kw name="Create Session" owner="RequestsLibrary">
<msg time="2026-06-20T14:07:23.054323" level="INFO">Creating Session using : alias=bank, url=https://parabank.parasoft.com/parabank/services/bank, headers={'Accept': 'application/json'},                     cookies={}, auth=None, timeout=None, proxies=None, verify=True,                     debug=0 </msg>
<arg>bank</arg>
<arg>${URL}</arg>
<arg>verify=True</arg>
<arg>headers={"Accept": "application/json"}</arg>
<doc>Create Session: create a HTTP session to a server</doc>
<status status="PASS" start="2026-06-20T14:07:23.054151" elapsed="0.000286"/>
</kw>
<kw name="GET On Session" owner="RequestsLibrary">
<msg time="2026-06-20T14:07:24.661662" level="INFO">GET Request : url=https://parabank.parasoft.com/parabank/services/bank/accounts/14343 
 path_url=/parabank/services/bank/accounts/14343 
 headers={'User-Agent': 'python-requests/2.33.1', 'Accept-Encoding': 'gzip, deflate', 'Accept': 'application/json', 'Connection': 'keep-alive'} 
 body=None 
 </msg>
<msg time="2026-06-20T14:07:24.661771" level="INFO">GET Response : url=https://parabank.parasoft.com/parabank/services/bank/accounts/14343 
 status=200, reason=OK 
 headers={'Date': 'Sat, 20 Jun 2026 08:37:24 GMT', 'Content-Type': 'application/json', 'Transfer-Encoding': 'chunked', 'Connection': 'keep-alive', 'Server': 'cloudflare', 'cf-cache-status': 'DYNAMIC', 'X-Content-Type-Options': 'nosniff', 'Content-Encoding': 'gzip', 'CF-RAY': 'a0e973868e803614-FRA'} 
 body={"id":14343,"customerId":12878,"type":"CHECKING","balance":-284.50} 
 </msg>
<msg time="2026-06-20T14:07:24.661912" level="INFO">${response} = &lt;Response [200]&gt;</msg>
<var>${response}</var>
<arg>bank</arg>
<arg>/accounts/${Account_Id}</arg>
<doc>Sends a GET request on a previously created HTTP Session.</doc>
<status status="PASS" start="2026-06-20T14:07:23.054535" elapsed="1.607405"/>
</kw>
<kw name="Should Be Equal As Integers" owner="BuiltIn">
<msg time="2026-06-20T14:07:24.662849" level="INFO">Argument types are:
&lt;class 'int'&gt;
&lt;class 'str'&gt;</msg>
<arg>${response.status_code}</arg>
<arg>200</arg>
<doc>Fails if objects are unequal after converting them to integers.</doc>
<status status="PASS" start="2026-06-20T14:07:24.662118" elapsed="0.000787"/>
</kw>
<kw name="Set Variable" owner="BuiltIn">
<msg time="2026-06-20T14:07:24.663682" level="INFO">${body} = {'id': 14343, 'customerId': 12878, 'type': 'CHECKING', 'balance': -284.5}</msg>
<var>${body}</var>
<arg>${response.json()}</arg>
<doc>Returns the given values which can then be assigned to a variables.</doc>
<status status="PASS" start="2026-06-20T14:07:24.663019" elapsed="0.000691"/>
</kw>
<kw name="Log To Console" owner="BuiltIn">
<arg>${body}[balance]</arg>
<doc>Logs the given message to the console.</doc>
<status status="PASS" start="2026-06-20T14:07:24.663812" elapsed="0.000254"/>
</kw>
<return>
<value>${body}[balance]</value>
<status status="PASS" start="2026-06-20T14:07:24.664163" elapsed="0.000087"/>
</return>
<msg time="2026-06-20T14:07:24.664392" level="INFO">${balance_after} = -284.5</msg>
<var>${balance_after}</var>
<doc>Checks the account balance @</doc>
<status status="PASS" start="2026-06-20T14:07:23.053974" elapsed="1.610443"/>
</kw>
<kw name="Log To Console" owner="BuiltIn">
<arg>${balance_after}</arg>
<doc>Logs the given message to the console.</doc>
<status status="PASS" start="2026-06-20T14:07:24.664526" elapsed="0.000258"/>
</kw>
<kw name="Evaluate" owner="BuiltIn">
<msg time="2026-06-20T14:07:24.665242" level="INFO">${difference} = 100.0</msg>
<var>${difference}</var>
<arg>${balance_before} - ${balance_after}</arg>
<doc>Evaluates the given expression in Python and returns the result.</doc>
<status status="PASS" start="2026-06-20T14:07:24.664936" elapsed="0.000333"/>
</kw>
<kw name="Should Be Equal As Numbers" owner="BuiltIn">
<msg time="2026-06-20T14:07:24.665561" level="INFO">Argument types are:
&lt;class 'float'&gt;
&lt;class 'str'&gt;</msg>
<arg>${difference}</arg>
<arg>100</arg>
<doc>Fails if objects are unequal after converting them to real numbers.</doc>
<status status="PASS" start="2026-06-20T14:07:24.665372" elapsed="0.000242"/>
</kw>
<kw name="Close Application" owner="common_keywords" type="TEARDOWN">
<kw name="Close All Browsers" owner="SeleniumLibrary">
<doc>Closes all open browsers and resets the browser cache.</doc>
<status status="PASS" start="2026-06-20T14:07:24.666055" elapsed="6.253680"/>
</kw>
<doc>Closing the application</doc>
<status status="PASS" start="2026-06-20T14:07:24.665820" elapsed="6.254070"/>
</kw>
<doc>Testcase to vrify the funds tranfdered between two accounts</doc>
<status status="PASS" start="2026-06-20T14:06:58.249046" elapsed="32.670924"/>
</test>
<status status="PASS" start="2026-06-20T14:06:57.941606" elapsed="32.979019"/>
</suite>
<status status="PASS" start="2026-06-20T14:06:57.940569" elapsed="32.980772"/>
</suite>
<status status="PASS" start="2026-06-20T14:06:57.905951" elapsed="33.015875"/>
</suite>
<statistics>
<total>
<stat pass="1" fail="0" skip="0">All Tests</stat>
</total>
<tag>
</tag>
<suite>
<stat name="Tests" id="s1" pass="1" fail="0" skip="0">Tests</stat>
<stat name="Api" id="s1-s1" pass="1" fail="0" skip="0">Tests.Api</stat>
<stat name="TC-API-04" id="s1-s1-s1" pass="1" fail="0" skip="0">Tests.Api.TC-API-04</stat>
</suite>
</statistics>
<errors>
<msg time="2026-06-20T14:06:58.242299" level="ERROR">Error in file 'C:\Users\aayus_ucf5jw3\OneDrive\Desktop\ParaBank Sprint\resources\keywords\api_keywords.robot' on line 8: Setting variable '${password}' failed: Recursive variable definition.</msg>
<msg time="2026-06-20T14:06:58.243429" level="ERROR">Error in file 'C:\Users\aayus_ucf5jw3\OneDrive\Desktop\ParaBank Sprint\resources\keywords\api_keywords.robot' on line 7: Setting variable '${username}' failed: Recursive variable definition.</msg>
</errors>
</robot>
