<?xml version="1.0" encoding="UTF-8"?>
<robot generator="Robot 7.4.2 (Python 3.13.12 on win32)" generated="2026-06-24T23:47:46.785659" rpa="false" schemaversion="5">
<suite id="s1" name="Data Driven Csv" source="C:\Users\aayus_ucf5jw3\OneDrive\Desktop\ParaBank Sprint\data_driven_csv.robot">
<test id="s1-t1" name="Register Aayush" line="25">
<kw name="Navigate To Parabank Register Page" type="SETUP">
<kw name="Open Browser" owner="SeleniumLibrary">
<msg time="2026-06-24T23:47:47.213855" level="INFO">Opening browser 'chrome' to base url 'https://parabank.parasoft.com/parabank/index.htm'.</msg>
<arg>${BASE_URL}</arg>
<arg>chrome</arg>
<doc>Opens a new browser instance to the optional ``url``.</doc>
<status status="PASS" start="2026-06-24T23:47:47.213600" elapsed="8.009365"/>
</kw>
<kw name="Maximize Browser Window" owner="SeleniumLibrary">
<doc>Maximizes current browser window.</doc>
<status status="PASS" start="2026-06-24T23:47:55.223305" elapsed="0.021254"/>
</kw>
<kw name="Sleep" owner="BuiltIn">
<msg time="2026-06-24T23:47:57.245953" level="INFO">Slept 2 seconds.</msg>
<arg>2s</arg>
<doc>Pauses the test executed for the given time.</doc>
<status status="PASS" start="2026-06-24T23:47:55.244818" elapsed="2.001331"/>
</kw>
<kw name="Wait Until Element Is Visible" owner="SeleniumLibrary">
<arg>xpath=//a[text()="Register"]</arg>
<arg>timeout=10s</arg>
<doc>Waits until the element ``locator`` is visible.</doc>
<status status="PASS" start="2026-06-24T23:47:57.246401" elapsed="0.073853"/>
</kw>
<kw name="Click Element" owner="SeleniumLibrary">
<msg time="2026-06-24T23:47:57.320763" level="INFO">Clicking element 'xpath=//a[text()="Register"]'.</msg>
<arg>xpath=//a[text()="Register"]</arg>
<doc>Click the element identified by ``locator``.</doc>
<status status="PASS" start="2026-06-24T23:47:57.320453" elapsed="7.195461"/>
</kw>
<status status="PASS" start="2026-06-24T23:47:47.212669" elapsed="17.303440"/>
</kw>
<kw name="Register User">
<kw name="Input Text" owner="SeleniumLibrary">
<msg time="2026-06-24T23:48:04.518162" level="INFO">Typing text 'Aayush' into text field 'xpath=//input[@id="customer.firstName"]'.</msg>
<arg>${first_name_field}</arg>
<arg>${Firstname}</arg>
<doc>Types the given ``text`` into the text field identified by ``locator``.</doc>
<status status="PASS" start="2026-06-24T23:48:04.517806" elapsed="0.089258"/>
</kw>
<kw name="Input Text" owner="SeleniumLibrary">
<msg time="2026-06-24T23:48:04.607662" level="INFO">Typing text 'Suwalka' into text field 'xpath=//input[@id="customer.lastName"]'.</msg>
<arg>${last_name_field}</arg>
<arg>${Lastname}</arg>
<doc>Types the given ``text`` into the text field identified by ``locator``.</doc>
<status status="PASS" start="2026-06-24T23:48:04.607308" elapsed="0.061937"/>
</kw>
<kw name="Input Text" owner="SeleniumLibrary">
<msg time="2026-06-24T23:48:04.669959" level="INFO">Typing text 'B- 325, Subhash Nagar' into text field 'xpath=//input[@id="customer.address.street"]'.</msg>
<arg>${address_field}</arg>
<arg>${Address}</arg>
<doc>Types the given ``text`` into the text field identified by ``locator``.</doc>
<status status="PASS" start="2026-06-24T23:48:04.669487" elapsed="0.067079"/>
</kw>
<kw name="Input Text" owner="SeleniumLibrary">
<msg time="2026-06-24T23:48:04.737178" level="INFO">Typing text 'Bhilwara' into text field 'xpath=//input[@id="customer.address.city"]'.</msg>
<arg>${city_field}</arg>
<arg>${City}</arg>
<doc>Types the given ``text`` into the text field identified by ``locator``.</doc>
<status status="PASS" start="2026-06-24T23:48:04.736819" elapsed="0.060435"/>
</kw>
<kw name="Input Text" owner="SeleniumLibrary">
<msg time="2026-06-24T23:48:04.797817" level="INFO">Typing text 'Rajasthan' into text field 'xpath=//input[@id="customer.address.state"]'.</msg>
<arg>${state_field}</arg>
<arg>${State}</arg>
<doc>Types the given ``text`` into the text field identified by ``locator``.</doc>
<status status="PASS" start="2026-06-24T23:48:04.797487" elapsed="0.058009"/>
</kw>
<kw name="Input Text" owner="SeleniumLibrary">
<msg time="2026-06-24T23:48:04.856051" level="INFO">Typing text '256341' into text field 'xpath=//input[@id="customer.address.zipCode"]'.</msg>
<arg>${zip_field}</arg>
<arg>${Zipcode}</arg>
<doc>Types the given ``text`` into the text field identified by ``locator``.</doc>
<status status="PASS" start="2026-06-24T23:48:04.855735" elapsed="0.056287"/>
</kw>
<kw name="Input Text" owner="SeleniumLibrary">
<msg time="2026-06-24T23:48:04.912556" level="INFO">Typing text '9564875641' into text field 'xpath=//input[@id="customer.phoneNumber"]'.</msg>
<arg>${phone_field}</arg>
<arg>${Phno}</arg>
<doc>Types the given ``text`` into the text field identified by ``locator``.</doc>
<status status="PASS" start="2026-06-24T23:48:04.912204" elapsed="0.056270"/>
</kw>
<kw name="Input Text" owner="SeleniumLibrary">
<msg time="2026-06-24T23:48:04.969141" level="INFO">Typing text '564789' into text field 'xpath=//input[@id="customer.ssn"]'.</msg>
<arg>${ssn_field}</arg>
<arg>${SSN}</arg>
<doc>Types the given ``text`` into the text field identified by ``locator``.</doc>
<status status="PASS" start="2026-06-24T23:48:04.968863" elapsed="0.054813"/>
</kw>
<kw name="Input Text" owner="SeleniumLibrary">
<msg time="2026-06-24T23:48:05.024370" level="INFO">Typing text 'aayushsuwalka08' into text field 'xpath=//input[@id="customer.username"]'.</msg>
<arg>${username_field}</arg>
<arg>${Username}</arg>
<doc>Types the given ``text`` into the text field identified by ``locator``.</doc>
<status status="PASS" start="2026-06-24T23:48:05.023990" elapsed="0.059530"/>
</kw>
<kw name="Input Text" owner="SeleniumLibrary">
<msg time="2026-06-24T23:48:05.084093" level="INFO">Typing text 'Aayush@)8' into text field 'xpath=//input[@id="customer.password"]'.</msg>
<arg>${password_field}</arg>
<arg>${Password}</arg>
<doc>Types the given ``text`` into the text field identified by ``locator``.</doc>
<status status="PASS" start="2026-06-24T23:48:05.083734" elapsed="0.056392"/>
</kw>
<kw name="Input Text" owner="SeleniumLibrary">
<msg time="2026-06-24T23:48:05.140580" level="INFO">Typing text 'Aayush@)8' into text field 'xpath=//input[@id="repeatedPassword"]'.</msg>
<arg>${confirm_password_field}</arg>
<arg>${Confirm}</arg>
<doc>Types the given ``text`` into the text field identified by ``locator``.</doc>
<status status="PASS" start="2026-06-24T23:48:05.140325" elapsed="0.052986"/>
</kw>
<kw name="Click Element" owner="SeleniumLibrary">
<msg time="2026-06-24T23:48:05.193751" level="INFO">Clicking element 'xpath=//input[@value="Register"]'.</msg>
<arg>${register_field}</arg>
<doc>Click the element identified by ``locator``.</doc>
<status status="PASS" start="2026-06-24T23:48:05.193488" elapsed="1.492762"/>
</kw>
<arg>Firstname=Aayush</arg>
<arg>Lastname=Suwalka</arg>
<arg>Address=B- 325, Subhash Nagar</arg>
<arg>City=Bhilwara</arg>
<arg>State=Rajasthan</arg>
<arg>Zipcode=256341</arg>
<arg>Phno=9564875641</arg>
<arg>SSN=564789</arg>
<arg>Username=aayushsuwalka08</arg>
<arg>Password=Aayush@)8</arg>
<arg>Confirm=Aayush@)8</arg>
<status status="PASS" start="2026-06-24T23:48:04.517287" elapsed="2.169096"/>
</kw>
<kw name="Close Browser" owner="SeleniumLibrary" type="TEARDOWN">
<doc>Closes the current browser.</doc>
<status status="PASS" start="2026-06-24T23:48:06.686975" elapsed="2.182554"/>
</kw>
<tag>datadriver</tag>
<status status="PASS" start="2026-06-24T23:47:47.211366" elapsed="21.658456"/>
</test>
<test id="s1-t2" name="Register Anshul" line="25">
<kw name="Navigate To Parabank Register Page" type="SETUP">
<kw name="Open Browser" owner="SeleniumLibrary">
<msg time="2026-06-24T23:48:08.871939" level="INFO">Opening browser 'chrome' to base url 'https://parabank.parasoft.com/parabank/index.htm'.</msg>
<arg>${BASE_URL}</arg>
<arg>chrome</arg>
<doc>Opens a new browser instance to the optional ``url``.</doc>
<status status="PASS" start="2026-06-24T23:48:08.871756" elapsed="6.021681"/>
</kw>
<kw name="Maximize Browser Window" owner="SeleniumLibrary">
<doc>Maximizes current browser window.</doc>
<status status="PASS" start="2026-06-24T23:48:14.893712" elapsed="0.036801"/>
</kw>
<kw name="Sleep" owner="BuiltIn">
<msg time="2026-06-24T23:48:16.931879" level="INFO">Slept 2 seconds.</msg>
<arg>2s</arg>
<doc>Pauses the test executed for the given time.</doc>
<status status="PASS" start="2026-06-24T23:48:14.930994" elapsed="2.001112"/>
</kw>
<kw name="Wait Until Element Is Visible" owner="SeleniumLibrary">
<arg>xpath=//a[text()="Register"]</arg>
<arg>timeout=10s</arg>
<doc>Waits until the element ``locator`` is visible.</doc>
<status status="PASS" start="2026-06-24T23:48:16.932447" elapsed="0.016692"/>
</kw>
<kw name="Click Element" owner="SeleniumLibrary">
<msg time="2026-06-24T23:48:16.949565" level="INFO">Clicking element 'xpath=//a[text()="Register"]'.</msg>
<arg>xpath=//a[text()="Register"]</arg>
<doc>Click the element identified by ``locator``.</doc>
<status status="PASS" start="2026-06-24T23:48:16.949358" elapsed="5.595416"/>
</kw>
<status status="PASS" start="2026-06-24T23:48:08.871494" elapsed="13.673480"/>
</kw>
<kw name="Register User">
<kw name="Input Text" owner="SeleniumLibrary">
<msg time="2026-06-24T23:48:22.546712" level="INFO">Typing text 'Anshul' into text field 'xpath=//input[@id="customer.firstName"]'.</msg>
<arg>${first_name_field}</arg>
<arg>${Firstname}</arg>
<doc>Types the given ``text`` into the text field identified by ``locator``.</doc>
<status status="PASS" start="2026-06-24T23:48:22.546371" elapsed="0.075439"/>
</kw>
<kw name="Input Text" owner="SeleniumLibrary">
<msg time="2026-06-24T23:48:22.622334" level="INFO">Typing text 'Suwalka' into text field 'xpath=//input[@id="customer.lastName"]'.</msg>
<arg>${last_name_field}</arg>
<arg>${Lastname}</arg>
<doc>Types the given ``text`` into the text field identified by ``locator``.</doc>
<status status="PASS" start="2026-06-24T23:48:22.621998" elapsed="0.057244"/>
</kw>
<kw name="Input Text" owner="SeleniumLibrary">
<msg time="2026-06-24T23:48:22.679864" level="INFO">Typing text '234 Wakad' into text field 'xpath=//input[@id="customer.address.street"]'.</msg>
<arg>${address_field}</arg>
<arg>${Address}</arg>
<doc>Types the given ``text`` into the text field identified by ``locator``.</doc>
<status status="PASS" start="2026-06-24T23:48:22.679486" elapsed="0.056532"/>
</kw>
<kw name="Input Text" owner="SeleniumLibrary">
<msg time="2026-06-24T23:48:22.736640" level="INFO">Typing text 'Pune' into text field 'xpath=//input[@id="customer.address.city"]'.</msg>
<arg>${city_field}</arg>
<arg>${City}</arg>
<doc>Types the given ``text`` into the text field identified by ``locator``.</doc>
<status status="PASS" start="2026-06-24T23:48:22.736261" elapsed="0.058623"/>
</kw>
<kw name="Input Text" owner="SeleniumLibrary">
<msg time="2026-06-24T23:48:22.795513" level="INFO">Typing text 'Maharastra' into text field 'xpath=//input[@id="customer.address.state"]'.</msg>
<arg>${state_field}</arg>
<arg>${State}</arg>
<doc>Types the given ``text`` into the text field identified by ``locator``.</doc>
<status status="PASS" start="2026-06-24T23:48:22.795156" elapsed="0.056624"/>
</kw>
<kw name="Input Text" owner="SeleniumLibrary">
<msg time="2026-06-24T23:48:22.852365" level="INFO">Typing text '526412' into text field 'xpath=//input[@id="customer.address.zipCode"]'.</msg>
<arg>${zip_field}</arg>
<arg>${Zipcode}</arg>
<doc>Types the given ``text`` into the text field identified by ``locator``.</doc>
<status status="PASS" start="2026-06-24T23:48:22.852029" elapsed="0.064796"/>
</kw>
<kw name="Input Text" owner="SeleniumLibrary">
<msg time="2026-06-24T23:48:22.917265" level="INFO">Typing text '8569873256' into text field 'xpath=//input[@id="customer.phoneNumber"]'.</msg>
<arg>${phone_field}</arg>
<arg>${Phno}</arg>
<doc>Types the given ``text`` into the text field identified by ``locator``.</doc>
<status status="PASS" start="2026-06-24T23:48:22.917009" elapsed="0.069270"/>
</kw>
<kw name="Input Text" owner="SeleniumLibrary">
<msg time="2026-06-24T23:48:22.986718" level="INFO">Typing text '965874' into text field 'xpath=//input[@id="customer.ssn"]'.</msg>
<arg>${ssn_field}</arg>
<arg>${SSN}</arg>
<doc>Types the given ``text`` into the text field identified by ``locator``.</doc>
<status status="PASS" start="2026-06-24T23:48:22.986470" elapsed="0.058869"/>
</kw>
<kw name="Input Text" owner="SeleniumLibrary">
<msg time="2026-06-24T23:48:23.046024" level="INFO">Typing text 'anshulsuwalka04' into text field 'xpath=//input[@id="customer.username"]'.</msg>
<arg>${username_field}</arg>
<arg>${Username}</arg>
<doc>Types the given ``text`` into the text field identified by ``locator``.</doc>
<status status="PASS" start="2026-06-24T23:48:23.045607" elapsed="0.074996"/>
</kw>
<kw name="Input Text" owner="SeleniumLibrary">
<msg time="2026-06-24T23:48:23.121221" level="INFO">Typing text 'Anshul@98' into text field 'xpath=//input[@id="customer.password"]'.</msg>
<arg>${password_field}</arg>
<arg>${Password}</arg>
<doc>Types the given ``text`` into the text field identified by ``locator``.</doc>
<status status="PASS" start="2026-06-24T23:48:23.120860" elapsed="0.071409"/>
</kw>
<kw name="Input Text" owner="SeleniumLibrary">
<msg time="2026-06-24T23:48:23.192993" level="INFO">Typing text 'Anshul@98' into text field 'xpath=//input[@id="repeatedPassword"]'.</msg>
<arg>${confirm_password_field}</arg>
<arg>${Confirm}</arg>
<doc>Types the given ``text`` into the text field identified by ``locator``.</doc>
<status status="PASS" start="2026-06-24T23:48:23.192579" elapsed="0.070179"/>
</kw>
<kw name="Click Element" owner="SeleniumLibrary">
<msg time="2026-06-24T23:48:23.263208" level="INFO">Clicking element 'xpath=//input[@value="Register"]'.</msg>
<arg>${register_field}</arg>
<doc>Click the element identified by ``locator``.</doc>
<status status="PASS" start="2026-06-24T23:48:23.262961" elapsed="4.097084"/>
</kw>
<arg>Firstname=Anshul</arg>
<arg>Lastname=Suwalka</arg>
<arg>Address=234 Wakad</arg>
<arg>City=Pune</arg>
<arg>State=Maharastra</arg>
<arg>Zipcode=526412</arg>
<arg>Phno=8569873256</arg>
<arg>SSN=965874</arg>
<arg>Username=anshulsuwalka04</arg>
<arg>Password=Anshul@98</arg>
<arg>Confirm=Anshul@98</arg>
<status status="PASS" start="2026-06-24T23:48:22.545619" elapsed="4.814594"/>
</kw>
<kw name="Close Browser" owner="SeleniumLibrary" type="TEARDOWN">
<doc>Closes the current browser.</doc>
<status status="PASS" start="2026-06-24T23:48:27.360741" elapsed="2.197897"/>
</kw>
<tag>datadriver</tag>
<status status="PASS" start="2026-06-24T23:48:08.870477" elapsed="20.688668"/>
</test>
<test id="s1-t3" name="Register Saurabh" line="25">
<kw name="Navigate To Parabank Register Page" type="SETUP">
<kw name="Open Browser" owner="SeleniumLibrary">
<msg time="2026-06-24T23:48:29.561423" level="INFO">Opening browser 'chrome' to base url 'https://parabank.parasoft.com/parabank/index.htm'.</msg>
<arg>${BASE_URL}</arg>
<arg>chrome</arg>
<doc>Opens a new browser instance to the optional ``url``.</doc>
<status status="PASS" start="2026-06-24T23:48:29.561247" elapsed="6.629696"/>
</kw>
<kw name="Maximize Browser Window" owner="SeleniumLibrary">
<doc>Maximizes current browser window.</doc>
<status status="PASS" start="2026-06-24T23:48:36.191192" elapsed="0.034189"/>
</kw>
<kw name="Sleep" owner="BuiltIn">
<msg time="2026-06-24T23:48:38.226105" level="INFO">Slept 2 seconds.</msg>
<arg>2s</arg>
<doc>Pauses the test executed for the given time.</doc>
<status status="PASS" start="2026-06-24T23:48:36.225584" elapsed="2.000672"/>
</kw>
<kw name="Wait Until Element Is Visible" owner="SeleniumLibrary">
<arg>xpath=//a[text()="Register"]</arg>
<arg>timeout=10s</arg>
<doc>Waits until the element ``locator`` is visible.</doc>
<status status="PASS" start="2026-06-24T23:48:38.226470" elapsed="0.019539"/>
</kw>
<kw name="Click Element" owner="SeleniumLibrary">
<msg time="2026-06-24T23:48:38.246515" level="INFO">Clicking element 'xpath=//a[text()="Register"]'.</msg>
<arg>xpath=//a[text()="Register"]</arg>
<doc>Click the element identified by ``locator``.</doc>
<status status="PASS" start="2026-06-24T23:48:38.246231" elapsed="16.270437"/>
</kw>
<status status="PASS" start="2026-06-24T23:48:29.560996" elapsed="24.956045"/>
</kw>
<kw name="Register User">
<kw name="Input Text" owner="SeleniumLibrary">
<msg time="2026-06-24T23:48:54.518793" level="INFO">Typing text 'Saurabh' into text field 'xpath=//input[@id="customer.firstName"]'.</msg>
<arg>${first_name_field}</arg>
<arg>${Firstname}</arg>
<doc>Types the given ``text`` into the text field identified by ``locator``.</doc>
<status status="PASS" start="2026-06-24T23:48:54.518483" elapsed="0.077371"/>
</kw>
<kw name="Input Text" owner="SeleniumLibrary">
<msg time="2026-06-24T23:48:54.596407" level="INFO">Typing text 'Tiwari' into text field 'xpath=//input[@id="customer.lastName"]'.</msg>
<arg>${last_name_field}</arg>
<arg>${Lastname}</arg>
<doc>Types the given ``text`` into the text field identified by ``locator``.</doc>
<status status="PASS" start="2026-06-24T23:48:54.596039" elapsed="0.057376"/>
</kw>
<kw name="Input Text" owner="SeleniumLibrary">
<msg time="2026-06-24T23:48:54.653846" level="INFO">Typing text 'C-435, Tilak Nagar' into text field 'xpath=//input[@id="customer.address.street"]'.</msg>
<arg>${address_field}</arg>
<arg>${Address}</arg>
<doc>Types the given ``text`` into the text field identified by ``locator``.</doc>
<status status="PASS" start="2026-06-24T23:48:54.653617" elapsed="0.059976"/>
</kw>
<kw name="Input Text" owner="SeleniumLibrary">
<msg time="2026-06-24T23:48:54.714046" level="INFO">Typing text 'Mumbai' into text field 'xpath=//input[@id="customer.address.city"]'.</msg>
<arg>${city_field}</arg>
<arg>${City}</arg>
<doc>Types the given ``text`` into the text field identified by ``locator``.</doc>
<status status="PASS" start="2026-06-24T23:48:54.713772" elapsed="0.057920"/>
</kw>
<kw name="Input Text" owner="SeleniumLibrary">
<msg time="2026-06-24T23:48:54.772249" level="INFO">Typing text 'Maharstra' into text field 'xpath=//input[@id="customer.address.state"]'.</msg>
<arg>${state_field}</arg>
<arg>${State}</arg>
<doc>Types the given ``text`` into the text field identified by ``locator``.</doc>
<status status="PASS" start="2026-06-24T23:48:54.771899" elapsed="0.054658"/>
</kw>
<kw name="Input Text" owner="SeleniumLibrary">
<msg time="2026-06-24T23:48:54.827008" level="INFO">Typing text '526394' into text field 'xpath=//input[@id="customer.address.zipCode"]'.</msg>
<arg>${zip_field}</arg>
<arg>${Zipcode}</arg>
<doc>Types the given ``text`` into the text field identified by ``locator``.</doc>
<status status="PASS" start="2026-06-24T23:48:54.826749" elapsed="0.052602"/>
</kw>
<kw name="Input Text" owner="SeleniumLibrary">
<msg time="2026-06-24T23:48:54.879945" level="INFO">Typing text '6532487945' into text field 'xpath=//input[@id="customer.phoneNumber"]'.</msg>
<arg>${phone_field}</arg>
<arg>${Phno}</arg>
<doc>Types the given ``text`` into the text field identified by ``locator``.</doc>
<status status="PASS" start="2026-06-24T23:48:54.879616" elapsed="0.055923"/>
</kw>
<kw name="Input Text" owner="SeleniumLibrary">
<msg time="2026-06-24T23:48:54.936103" level="INFO">Typing text '654879' into text field 'xpath=//input[@id="customer.ssn"]'.</msg>
<arg>${ssn_field}</arg>
<arg>${SSN}</arg>
<doc>Types the given ``text`` into the text field identified by ``locator``.</doc>
<status status="PASS" start="2026-06-24T23:48:54.935773" elapsed="0.080252"/>
</kw>
<kw name="Input Text" owner="SeleniumLibrary">
<msg time="2026-06-24T23:48:55.016586" level="INFO">Typing text 'saurabhtiwari09' into text field 'xpath=//input[@id="customer.username"]'.</msg>
<arg>${username_field}</arg>
<arg>${Username}</arg>
<doc>Types the given ``text`` into the text field identified by ``locator``.</doc>
<status status="PASS" start="2026-06-24T23:48:55.016263" elapsed="0.067822"/>
</kw>
<kw name="Input Text" owner="SeleniumLibrary">
<msg time="2026-06-24T23:48:55.084634" level="INFO">Typing text 'Saurabh@34' into text field 'xpath=//input[@id="customer.password"]'.</msg>
<arg>${password_field}</arg>
<arg>${Password}</arg>
<doc>Types the given ``text`` into the text field identified by ``locator``.</doc>
<status status="PASS" start="2026-06-24T23:48:55.084292" elapsed="0.056462"/>
</kw>
<kw name="Input Text" owner="SeleniumLibrary">
<msg time="2026-06-24T23:48:55.141212" level="INFO">Typing text 'Saurabh@34' into text field 'xpath=//input[@id="repeatedPassword"]'.</msg>
<arg>${confirm_password_field}</arg>
<arg>${Confirm}</arg>
<doc>Types the given ``text`` into the text field identified by ``locator``.</doc>
<status status="PASS" start="2026-06-24T23:48:55.140972" elapsed="0.054700"/>
</kw>
<kw name="Click Element" owner="SeleniumLibrary">
<msg time="2026-06-24T23:48:55.196252" level="INFO">Clicking element 'xpath=//input[@value="Register"]'.</msg>
<arg>${register_field}</arg>
<doc>Click the element identified by ``locator``.</doc>
<status status="PASS" start="2026-06-24T23:48:55.195907" elapsed="0.443338"/>
</kw>
<arg>Firstname=Saurabh</arg>
<arg>Lastname=Tiwari</arg>
<arg>Address=C-435, Tilak Nagar</arg>
<arg>City=Mumbai</arg>
<arg>State=Maharstra</arg>
<arg>Zipcode=526394</arg>
<arg>Phno=6532487945</arg>
<arg>SSN=654879</arg>
<arg>Username=saurabhtiwari09</arg>
<arg>Password=Saurabh@34</arg>
<arg>Confirm=Saurabh@34</arg>
<status status="PASS" start="2026-06-24T23:48:54.517601" elapsed="1.121795"/>
</kw>
<kw name="Close Browser" owner="SeleniumLibrary" type="TEARDOWN">
<doc>Closes the current browser.</doc>
<status status="PASS" start="2026-06-24T23:48:55.639940" elapsed="2.184111"/>
</kw>
<tag>datadriver</tag>
<status status="PASS" start="2026-06-24T23:48:29.559964" elapsed="28.264542"/>
</test>
<test id="s1-t4" name="Register Pulkit" line="25">
<kw name="Navigate To Parabank Register Page" type="SETUP">
<kw name="Open Browser" owner="SeleniumLibrary">
<msg time="2026-06-24T23:48:57.827110" level="INFO">Opening browser 'chrome' to base url 'https://parabank.parasoft.com/parabank/index.htm'.</msg>
<arg>${BASE_URL}</arg>
<arg>chrome</arg>
<doc>Opens a new browser instance to the optional ``url``.</doc>
<status status="PASS" start="2026-06-24T23:48:57.826932" elapsed="5.373393"/>
</kw>
<kw name="Maximize Browser Window" owner="SeleniumLibrary">
<doc>Maximizes current browser window.</doc>
<status status="PASS" start="2026-06-24T23:49:03.200569" elapsed="0.042656"/>
</kw>
<kw name="Sleep" owner="BuiltIn">
<msg time="2026-06-24T23:49:05.244413" level="INFO">Slept 2 seconds.</msg>
<arg>2s</arg>
<doc>Pauses the test executed for the given time.</doc>
<status status="PASS" start="2026-06-24T23:49:03.243390" elapsed="2.001179"/>
</kw>
<kw name="Wait Until Element Is Visible" owner="SeleniumLibrary">
<arg>xpath=//a[text()="Register"]</arg>
<arg>timeout=10s</arg>
<doc>Waits until the element ``locator`` is visible.</doc>
<status status="PASS" start="2026-06-24T23:49:05.244782" elapsed="0.016084"/>
</kw>
<kw name="Click Element" owner="SeleniumLibrary">
<msg time="2026-06-24T23:49:05.261348" level="INFO">Clicking element 'xpath=//a[text()="Register"]'.</msg>
<arg>xpath=//a[text()="Register"]</arg>
<doc>Click the element identified by ``locator``.</doc>
<status status="PASS" start="2026-06-24T23:49:05.261131" elapsed="4.672760"/>
</kw>
<status status="PASS" start="2026-06-24T23:48:57.826665" elapsed="12.107390"/>
</kw>
<kw name="Register User">
<kw name="Input Text" owner="SeleniumLibrary">
<msg time="2026-06-24T23:49:09.935433" level="INFO">Typing text 'Pulkit' into text field 'xpath=//input[@id="customer.firstName"]'.</msg>
<arg>${first_name_field}</arg>
<arg>${Firstname}</arg>
<doc>Types the given ``text`` into the text field identified by ``locator``.</doc>
<status status="PASS" start="2026-06-24T23:49:09.935200" elapsed="0.078266"/>
</kw>
<kw name="Input Text" owner="SeleniumLibrary">
<msg time="2026-06-24T23:49:10.013932" level="INFO">Typing text 'Jangid' into text field 'xpath=//input[@id="customer.lastName"]'.</msg>
<arg>${last_name_field}</arg>
<arg>${Lastname}</arg>
<doc>Types the given ``text`` into the text field identified by ``locator``.</doc>
<status status="PASS" start="2026-06-24T23:49:10.013651" elapsed="0.057554"/>
</kw>
<kw name="Input Text" owner="SeleniumLibrary">
<msg time="2026-06-24T23:49:10.071726" level="INFO">Typing text 'F-321, Aazad Nagar' into text field 'xpath=//input[@id="customer.address.street"]'.</msg>
<arg>${address_field}</arg>
<arg>${Address}</arg>
<doc>Types the given ``text`` into the text field identified by ``locator``.</doc>
<status status="PASS" start="2026-06-24T23:49:10.071475" elapsed="0.074806"/>
</kw>
<kw name="Input Text" owner="SeleniumLibrary">
<msg time="2026-06-24T23:49:10.146776" level="INFO">Typing text 'Noida' into text field 'xpath=//input[@id="customer.address.city"]'.</msg>
<arg>${city_field}</arg>
<arg>${City}</arg>
<doc>Types the given ``text`` into the text field identified by ``locator``.</doc>
<status status="PASS" start="2026-06-24T23:49:10.146459" elapsed="0.056758"/>
</kw>
<kw name="Input Text" owner="SeleniumLibrary">
<msg time="2026-06-24T23:49:10.203836" level="INFO">Typing text 'Delhi' into text field 'xpath=//input[@id="customer.address.state"]'.</msg>
<arg>${state_field}</arg>
<arg>${State}</arg>
<doc>Types the given ``text`` into the text field identified by ``locator``.</doc>
<status status="PASS" start="2026-06-24T23:49:10.203510" elapsed="0.055529"/>
</kw>
<kw name="Input Text" owner="SeleniumLibrary">
<msg time="2026-06-24T23:49:10.259508" level="INFO">Typing text '789546' into text field 'xpath=//input[@id="customer.address.zipCode"]'.</msg>
<arg>${zip_field}</arg>
<arg>${Zipcode}</arg>
<doc>Types the given ``text`` into the text field identified by ``locator``.</doc>
<status status="PASS" start="2026-06-24T23:49:10.259252" elapsed="0.057495"/>
</kw>
<kw name="Input Text" owner="SeleniumLibrary">
<msg time="2026-06-24T23:49:10.317377" level="INFO">Typing text '7014023456' into text field 'xpath=//input[@id="customer.phoneNumber"]'.</msg>
<arg>${phone_field}</arg>
<arg>${Phno}</arg>
<doc>Types the given ``text`` into the text field identified by ``locator``.</doc>
<status status="PASS" start="2026-06-24T23:49:10.317023" elapsed="0.055860"/>
</kw>
<kw name="Input Text" owner="SeleniumLibrary">
<msg time="2026-06-24T23:49:10.373484" level="INFO">Typing text '258741' into text field 'xpath=//input[@id="customer.ssn"]'.</msg>
<arg>${ssn_field}</arg>
<arg>${SSN}</arg>
<doc>Types the given ``text`` into the text field identified by ``locator``.</doc>
<status status="PASS" start="2026-06-24T23:49:10.373121" elapsed="0.052925"/>
</kw>
<kw name="Input Text" owner="SeleniumLibrary">
<msg time="2026-06-24T23:49:10.426495" level="INFO">Typing text 'pulkitjangid08' into text field 'xpath=//input[@id="customer.username"]'.</msg>
<arg>${username_field}</arg>
<arg>${Username}</arg>
<doc>Types the given ``text`` into the text field identified by ``locator``.</doc>
<status status="PASS" start="2026-06-24T23:49:10.426241" elapsed="0.056373"/>
</kw>
<kw name="Input Text" owner="SeleniumLibrary">
<msg time="2026-06-24T23:49:10.483193" level="INFO">Typing text 'Pulkit@90' into text field 'xpath=//input[@id="customer.password"]'.</msg>
<arg>${password_field}</arg>
<arg>${Password}</arg>
<doc>Types the given ``text`` into the text field identified by ``locator``.</doc>
<status status="PASS" start="2026-06-24T23:49:10.482866" elapsed="0.054681"/>
</kw>
<kw name="Input Text" owner="SeleniumLibrary">
<msg time="2026-06-24T23:49:10.537972" level="INFO">Typing text 'Pulkit@90' into text field 'xpath=//input[@id="repeatedPassword"]'.</msg>
<arg>${confirm_password_field}</arg>
<arg>${Confirm}</arg>
<doc>Types the given ``text`` into the text field identified by ``locator``.</doc>
<status status="PASS" start="2026-06-24T23:49:10.537722" elapsed="0.051885"/>
</kw>
<kw name="Click Element" owner="SeleniumLibrary">
<msg time="2026-06-24T23:49:10.589995" level="INFO">Clicking element 'xpath=//input[@value="Register"]'.</msg>
<arg>${register_field}</arg>
<doc>Click the element identified by ``locator``.</doc>
<status status="PASS" start="2026-06-24T23:49:10.589784" elapsed="0.458163"/>
</kw>
<arg>Firstname=Pulkit</arg>
<arg>Lastname=Jangid</arg>
<arg>Address=F-321, Aazad Nagar</arg>
<arg>City=Noida</arg>
<arg>State=Delhi</arg>
<arg>Zipcode=789546</arg>
<arg>Phno=7014023456</arg>
<arg>SSN=258741</arg>
<arg>Username=pulkitjangid08</arg>
<arg>Password=Pulkit@90</arg>
<arg>Confirm=Pulkit@90</arg>
<status status="PASS" start="2026-06-24T23:49:09.934729" elapsed="1.113405"/>
</kw>
<kw name="Close Browser" owner="SeleniumLibrary" type="TEARDOWN">
<doc>Closes the current browser.</doc>
<status status="PASS" start="2026-06-24T23:49:11.048696" elapsed="2.161892"/>
</kw>
<tag>datadriver</tag>
<status status="PASS" start="2026-06-24T23:48:57.825401" elapsed="15.385726"/>
</test>
<test id="s1-t5" name="Register Maahi" line="25">
<kw name="Navigate To Parabank Register Page" type="SETUP">
<kw name="Open Browser" owner="SeleniumLibrary">
<msg time="2026-06-24T23:49:13.213330" level="INFO">Opening browser 'chrome' to base url 'https://parabank.parasoft.com/parabank/index.htm'.</msg>
<arg>${BASE_URL}</arg>
<arg>chrome</arg>
<doc>Opens a new browser instance to the optional ``url``.</doc>
<status status="PASS" start="2026-06-24T23:49:13.213155" elapsed="6.354194"/>
</kw>
<kw name="Maximize Browser Window" owner="SeleniumLibrary">
<doc>Maximizes current browser window.</doc>
<status status="PASS" start="2026-06-24T23:49:19.567689" elapsed="0.025719"/>
</kw>
<kw name="Sleep" owner="BuiltIn">
<msg time="2026-06-24T23:49:21.594499" level="INFO">Slept 2 seconds.</msg>
<arg>2s</arg>
<doc>Pauses the test executed for the given time.</doc>
<status status="PASS" start="2026-06-24T23:49:19.593591" elapsed="2.001064"/>
</kw>
<kw name="Wait Until Element Is Visible" owner="SeleniumLibrary">
<arg>xpath=//a[text()="Register"]</arg>
<arg>timeout=10s</arg>
<doc>Waits until the element ``locator`` is visible.</doc>
<status status="PASS" start="2026-06-24T23:49:21.594872" elapsed="0.018043"/>
</kw>
<kw name="Click Element" owner="SeleniumLibrary">
<msg time="2026-06-24T23:49:21.613440" level="INFO">Clicking element 'xpath=//a[text()="Register"]'.</msg>
<arg>xpath=//a[text()="Register"]</arg>
<doc>Click the element identified by ``locator``.</doc>
<status status="PASS" start="2026-06-24T23:49:21.613149" elapsed="2.381734"/>
</kw>
<status status="PASS" start="2026-06-24T23:49:13.212890" elapsed="10.782185"/>
</kw>
<kw name="Register User">
<kw name="Input Text" owner="SeleniumLibrary">
<msg time="2026-06-24T23:49:23.996701" level="INFO">Typing text 'Maahi' into text field 'xpath=//input[@id="customer.firstName"]'.</msg>
<arg>${first_name_field}</arg>
<arg>${Firstname}</arg>
<doc>Types the given ``text`` into the text field identified by ``locator``.</doc>
<status status="PASS" start="2026-06-24T23:49:23.996359" elapsed="0.076301"/>
</kw>
<kw name="Input Text" owner="SeleniumLibrary">
<msg time="2026-06-24T23:49:24.073337" level="INFO">Typing text 'Pathak' into text field 'xpath=//input[@id="customer.lastName"]'.</msg>
<arg>${last_name_field}</arg>
<arg>${Lastname}</arg>
<doc>Types the given ``text`` into the text field identified by ``locator``.</doc>
<status status="PASS" start="2026-06-24T23:49:24.072983" elapsed="0.058513"/>
</kw>
<kw name="Input Text" owner="SeleniumLibrary">
<msg time="2026-06-24T23:49:24.131892" level="INFO">Typing text '54, Chungi K Pass' into text field 'xpath=//input[@id="customer.address.street"]'.</msg>
<arg>${address_field}</arg>
<arg>${Address}</arg>
<doc>Types the given ``text`` into the text field identified by ``locator``.</doc>
<status status="PASS" start="2026-06-24T23:49:24.131662" elapsed="0.063322"/>
</kw>
<kw name="Input Text" owner="SeleniumLibrary">
<msg time="2026-06-24T23:49:24.195555" level="INFO">Typing text 'Hindaon' into text field 'xpath=//input[@id="customer.address.city"]'.</msg>
<arg>${city_field}</arg>
<arg>${City}</arg>
<doc>Types the given ``text`` into the text field identified by ``locator``.</doc>
<status status="PASS" start="2026-06-24T23:49:24.195211" elapsed="0.061899"/>
</kw>
<kw name="Input Text" owner="SeleniumLibrary">
<msg time="2026-06-24T23:49:24.257550" level="INFO">Typing text 'Rajasthan' into text field 'xpath=//input[@id="customer.address.state"]'.</msg>
<arg>${state_field}</arg>
<arg>${State}</arg>
<doc>Types the given ``text`` into the text field identified by ``locator``.</doc>
<status status="PASS" start="2026-06-24T23:49:24.257307" elapsed="0.057027"/>
</kw>
<kw name="Input Text" owner="SeleniumLibrary">
<msg time="2026-06-24T23:49:24.314937" level="INFO">Typing text '456879' into text field 'xpath=//input[@id="customer.address.zipCode"]'.</msg>
<arg>${zip_field}</arg>
<arg>${Zipcode}</arg>
<doc>Types the given ``text`` into the text field identified by ``locator``.</doc>
<status status="PASS" start="2026-06-24T23:49:24.314573" elapsed="0.054334"/>
</kw>
<kw name="Input Text" owner="SeleniumLibrary">
<msg time="2026-06-24T23:49:24.369369" level="INFO">Typing text '6377956523' into text field 'xpath=//input[@id="customer.phoneNumber"]'.</msg>
<arg>${phone_field}</arg>
<arg>${Phno}</arg>
<doc>Types the given ``text`` into the text field identified by ``locator``.</doc>
<status status="PASS" start="2026-06-24T23:49:24.369084" elapsed="0.056369"/>
</kw>
<kw name="Input Text" owner="SeleniumLibrary">
<msg time="2026-06-24T23:49:24.425917" level="INFO">Typing text '163524' into text field 'xpath=//input[@id="customer.ssn"]'.</msg>
<arg>${ssn_field}</arg>
<arg>${SSN}</arg>
<doc>Types the given ``text`` into the text field identified by ``locator``.</doc>
<status status="PASS" start="2026-06-24T23:49:24.425633" elapsed="0.054436"/>
</kw>
<kw name="Input Text" owner="SeleniumLibrary">
<msg time="2026-06-24T23:49:24.480475" level="INFO">Typing text 'mahipathak04' into text field 'xpath=//input[@id="customer.username"]'.</msg>
<arg>${username_field}</arg>
<arg>${Username}</arg>
<doc>Types the given ``text`` into the text field identified by ``locator``.</doc>
<status status="PASS" start="2026-06-24T23:49:24.480239" elapsed="0.076366"/>
</kw>
<kw name="Input Text" owner="SeleniumLibrary">
<msg time="2026-06-24T23:49:24.557273" level="INFO">Typing text 'Mahi#0412' into text field 'xpath=//input[@id="customer.password"]'.</msg>
<arg>${password_field}</arg>
<arg>${Password}</arg>
<doc>Types the given ``text`` into the text field identified by ``locator``.</doc>
<status status="PASS" start="2026-06-24T23:49:24.556926" elapsed="0.052933"/>
</kw>
<kw name="Input Text" owner="SeleniumLibrary">
<msg time="2026-06-24T23:49:24.610271" level="INFO">Typing text 'Mahi#0412' into text field 'xpath=//input[@id="repeatedPassword"]'.</msg>
<arg>${confirm_password_field}</arg>
<arg>${Confirm}</arg>
<doc>Types the given ``text`` into the text field identified by ``locator``.</doc>
<status status="PASS" start="2026-06-24T23:49:24.610035" elapsed="0.051377"/>
</kw>
<kw name="Click Element" owner="SeleniumLibrary">
<msg time="2026-06-24T23:49:24.661877" level="INFO">Clicking element 'xpath=//input[@value="Register"]'.</msg>
<arg>${register_field}</arg>
<doc>Click the element identified by ``locator``.</doc>
<status status="PASS" start="2026-06-24T23:49:24.661636" elapsed="0.432517"/>
</kw>
<arg>Firstname=Maahi</arg>
<arg>Lastname=Pathak</arg>
<arg>Address=54, Chungi K Pass</arg>
<arg>City=Hindaon</arg>
<arg>State=Rajasthan</arg>
<arg>Zipcode=456879</arg>
<arg>Phno=6377956523</arg>
<arg>SSN=163524</arg>
<arg>Username=mahipathak04</arg>
<arg>Password=Mahi#0412</arg>
<arg>Confirm=Mahi#0412</arg>
<status status="PASS" start="2026-06-24T23:49:23.995592" elapsed="1.098730"/>
</kw>
<kw name="Close Browser" owner="SeleniumLibrary" type="TEARDOWN">
<doc>Closes the current browser.</doc>
<status status="PASS" start="2026-06-24T23:49:25.094965" elapsed="2.157928"/>
</kw>
<tag>datadriver</tag>
<status status="PASS" start="2026-06-24T23:49:13.211865" elapsed="14.041492"/>
</test>
<test id="s1-t6" name="Register Aastha" line="25">
<kw name="Navigate To Parabank Register Page" type="SETUP">
<kw name="Open Browser" owner="SeleniumLibrary">
<msg time="2026-06-24T23:49:27.255605" level="INFO">Opening browser 'chrome' to base url 'https://parabank.parasoft.com/parabank/index.htm'.</msg>
<arg>${BASE_URL}</arg>
<arg>chrome</arg>
<doc>Opens a new browser instance to the optional ``url``.</doc>
<status status="PASS" start="2026-06-24T23:49:27.255396" elapsed="5.284718"/>
</kw>
<kw name="Maximize Browser Window" owner="SeleniumLibrary">
<doc>Maximizes current browser window.</doc>
<status status="PASS" start="2026-06-24T23:49:32.540340" elapsed="0.037466"/>
</kw>
<kw name="Sleep" owner="BuiltIn">
<msg time="2026-06-24T23:49:34.578568" level="INFO">Slept 2 seconds.</msg>
<arg>2s</arg>
<doc>Pauses the test executed for the given time.</doc>
<status status="PASS" start="2026-06-24T23:49:32.577969" elapsed="2.000751"/>
</kw>
<kw name="Wait Until Element Is Visible" owner="SeleniumLibrary">
<arg>xpath=//a[text()="Register"]</arg>
<arg>timeout=10s</arg>
<doc>Waits until the element ``locator`` is visible.</doc>
<status status="PASS" start="2026-06-24T23:49:34.578988" elapsed="0.018815"/>
</kw>
<kw name="Click Element" owner="SeleniumLibrary">
<msg time="2026-06-24T23:49:34.598187" level="INFO">Clicking element 'xpath=//a[text()="Register"]'.</msg>
<arg>xpath=//a[text()="Register"]</arg>
<doc>Click the element identified by ``locator``.</doc>
<status status="PASS" start="2026-06-24T23:49:34.597985" elapsed="2.386498"/>
</kw>
<status status="PASS" start="2026-06-24T23:49:27.255137" elapsed="9.729492"/>
</kw>
<kw name="Register User">
<kw name="Input Text" owner="SeleniumLibrary">
<msg time="2026-06-24T23:49:36.986227" level="INFO">Typing text 'Aastha' into text field 'xpath=//input[@id="customer.firstName"]'.</msg>
<arg>${first_name_field}</arg>
<arg>${Firstname}</arg>
<doc>Types the given ``text`` into the text field identified by ``locator``.</doc>
<status status="PASS" start="2026-06-24T23:49:36.985832" elapsed="0.080077"/>
</kw>
<kw name="Input Text" owner="SeleniumLibrary">
<msg time="2026-06-24T23:49:37.066476" level="INFO">Typing text 'Bilochi' into text field 'xpath=//input[@id="customer.lastName"]'.</msg>
<arg>${last_name_field}</arg>
<arg>${Lastname}</arg>
<doc>Types the given ``text`` into the text field identified by ``locator``.</doc>
<status status="PASS" start="2026-06-24T23:49:37.066182" elapsed="0.057639"/>
</kw>
<kw name="Input Text" owner="SeleniumLibrary">
<msg time="2026-06-24T23:49:37.124453" level="INFO">Typing text '678, Killa Road' into text field 'xpath=//input[@id="customer.address.street"]'.</msg>
<arg>${address_field}</arg>
<arg>${Address}</arg>
<doc>Types the given ``text`` into the text field identified by ``locator``.</doc>
<status status="PASS" start="2026-06-24T23:49:37.124076" elapsed="0.062521"/>
</kw>
<kw name="Input Text" owner="SeleniumLibrary">
<msg time="2026-06-24T23:49:37.187108" level="INFO">Typing text 'Chittourgarh' into text field 'xpath=//input[@id="customer.address.city"]'.</msg>
<arg>${city_field}</arg>
<arg>${City}</arg>
<doc>Types the given ``text`` into the text field identified by ``locator``.</doc>
<status status="PASS" start="2026-06-24T23:49:37.186780" elapsed="0.062467"/>
</kw>
<kw name="Input Text" owner="SeleniumLibrary">
<msg time="2026-06-24T23:49:37.249870" level="INFO">Typing text 'Rajasthan' into text field 'xpath=//input[@id="customer.address.state"]'.</msg>
<arg>${state_field}</arg>
<arg>${State}</arg>
<doc>Types the given ``text`` into the text field identified by ``locator``.</doc>
<status status="PASS" start="2026-06-24T23:49:37.249476" elapsed="0.071477"/>
</kw>
<kw name="Input Text" owner="SeleniumLibrary">
<msg time="2026-06-24T23:49:37.321361" level="INFO">Typing text '985621' into text field 'xpath=//input[@id="customer.address.zipCode"]'.</msg>
<arg>${zip_field}</arg>
<arg>${Zipcode}</arg>
<doc>Types the given ``text`` into the text field identified by ``locator``.</doc>
<status status="PASS" start="2026-06-24T23:49:37.321127" elapsed="0.072590"/>
</kw>
<kw name="Input Text" owner="SeleniumLibrary">
<msg time="2026-06-24T23:49:37.394125" level="INFO">Typing text '6598856412' into text field 'xpath=//input[@id="customer.phoneNumber"]'.</msg>
<arg>${phone_field}</arg>
<arg>${Phno}</arg>
<doc>Types the given ``text`` into the text field identified by ``locator``.</doc>
<status status="PASS" start="2026-06-24T23:49:37.393891" elapsed="0.056777"/>
</kw>
<kw name="Input Text" owner="SeleniumLibrary">
<msg time="2026-06-24T23:49:37.451161" level="INFO">Typing text '986574' into text field 'xpath=//input[@id="customer.ssn"]'.</msg>
<arg>${ssn_field}</arg>
<arg>${SSN}</arg>
<doc>Types the given ``text`` into the text field identified by ``locator``.</doc>
<status status="PASS" start="2026-06-24T23:49:37.450911" elapsed="0.082734"/>
</kw>
<kw name="Input Text" owner="SeleniumLibrary">
<msg time="2026-06-24T23:49:37.534231" level="INFO">Typing text 'aasthabilochi34' into text field 'xpath=//input[@id="customer.username"]'.</msg>
<arg>${username_field}</arg>
<arg>${Username}</arg>
<doc>Types the given ``text`` into the text field identified by ``locator``.</doc>
<status status="PASS" start="2026-06-24T23:49:37.533850" elapsed="0.055411"/>
</kw>
<kw name="Input Text" owner="SeleniumLibrary">
<msg time="2026-06-24T23:49:37.589748" level="INFO">Typing text 'Aastha%21' into text field 'xpath=//input[@id="customer.password"]'.</msg>
<arg>${password_field}</arg>
<arg>${Password}</arg>
<doc>Types the given ``text`` into the text field identified by ``locator``.</doc>
<status status="PASS" start="2026-06-24T23:49:37.589449" elapsed="0.052300"/>
</kw>
<kw name="Input Text" owner="SeleniumLibrary">
<msg time="2026-06-24T23:49:37.642186" level="INFO">Typing text 'Aastha%21' into text field 'xpath=//input[@id="repeatedPassword"]'.</msg>
<arg>${confirm_password_field}</arg>
<arg>${Confirm}</arg>
<doc>Types the given ``text`` into the text field identified by ``locator``.</doc>
<status status="PASS" start="2026-06-24T23:49:37.641950" elapsed="0.052331"/>
</kw>
<kw name="Click Element" owner="SeleniumLibrary">
<msg time="2026-06-24T23:49:37.694667" level="INFO">Clicking element 'xpath=//input[@value="Register"]'.</msg>
<arg>${register_field}</arg>
<doc>Click the element identified by ``locator``.</doc>
<status status="PASS" start="2026-06-24T23:49:37.694456" elapsed="0.555165"/>
</kw>
<arg>Firstname=Aastha</arg>
<arg>Lastname=Bilochi</arg>
<arg>Address=678, Killa Road</arg>
<arg>City=Chittourgarh</arg>
<arg>State=Rajasthan</arg>
<arg>Zipcode=985621</arg>
<arg>Phno=6598856412</arg>
<arg>SSN=986574</arg>
<arg>Username=aasthabilochi34</arg>
<arg>Password=Aastha%21</arg>
<arg>Confirm=Aastha%21</arg>
<status status="PASS" start="2026-06-24T23:49:36.985270" elapsed="1.264550"/>
</kw>
<kw name="Close Browser" owner="SeleniumLibrary" type="TEARDOWN">
<doc>Closes the current browser.</doc>
<status status="PASS" start="2026-06-24T23:49:38.250387" elapsed="2.189036"/>
</kw>
<tag>datadriver</tag>
<status status="PASS" start="2026-06-24T23:49:27.254114" elapsed="13.185587"/>
</test>
<test id="s1-t7" name="Register Yashika" line="25">
<kw name="Navigate To Parabank Register Page" type="SETUP">
<kw name="Open Browser" owner="SeleniumLibrary">
<msg time="2026-06-24T23:49:40.441832" level="INFO">Opening browser 'chrome' to base url 'https://parabank.parasoft.com/parabank/index.htm'.</msg>
<arg>${BASE_URL}</arg>
<arg>chrome</arg>
<doc>Opens a new browser instance to the optional ``url``.</doc>
<status status="PASS" start="2026-06-24T23:49:40.441674" elapsed="6.368650"/>
</kw>
<kw name="Maximize Browser Window" owner="SeleniumLibrary">
<doc>Maximizes current browser window.</doc>
<status status="PASS" start="2026-06-24T23:49:46.810552" elapsed="0.028052"/>
</kw>
<kw name="Sleep" owner="BuiltIn">
<msg time="2026-06-24T23:49:48.839447" level="INFO">Slept 2 seconds.</msg>
<arg>2s</arg>
<doc>Pauses the test executed for the given time.</doc>
<status status="PASS" start="2026-06-24T23:49:46.838799" elapsed="2.000802"/>
</kw>
<kw name="Wait Until Element Is Visible" owner="SeleniumLibrary">
<arg>xpath=//a[text()="Register"]</arg>
<arg>timeout=10s</arg>
<doc>Waits until the element ``locator`` is visible.</doc>
<status status="PASS" start="2026-06-24T23:49:48.839818" elapsed="0.017823"/>
</kw>
<kw name="Click Element" owner="SeleniumLibrary">
<msg time="2026-06-24T23:49:48.858062" level="INFO">Clicking element 'xpath=//a[text()="Register"]'.</msg>
<arg>xpath=//a[text()="Register"]</arg>
<doc>Click the element identified by ``locator``.</doc>
<status status="PASS" start="2026-06-24T23:49:48.857823" elapsed="2.707335"/>
</kw>
<status status="PASS" start="2026-06-24T23:49:40.441411" elapsed="11.123936"/>
</kw>
<kw name="Register User">
<kw name="Input Text" owner="SeleniumLibrary">
<msg time="2026-06-24T23:49:51.567088" level="INFO">Typing text 'Yashika' into text field 'xpath=//input[@id="customer.firstName"]'.</msg>
<arg>${first_name_field}</arg>
<arg>${Firstname}</arg>
<doc>Types the given ``text`` into the text field identified by ``locator``.</doc>
<status status="PASS" start="2026-06-24T23:49:51.566736" elapsed="0.074706"/>
</kw>
<kw name="Input Text" owner="SeleniumLibrary">
<msg time="2026-06-24T23:49:51.641971" level="INFO">Typing text 'Satija' into text field 'xpath=//input[@id="customer.lastName"]'.</msg>
<arg>${last_name_field}</arg>
<arg>${Lastname}</arg>
<doc>Types the given ``text`` into the text field identified by ``locator``.</doc>
<status status="PASS" start="2026-06-24T23:49:51.641661" elapsed="0.067810"/>
</kw>
<kw name="Input Text" owner="SeleniumLibrary">
<msg time="2026-06-24T23:49:51.709864" level="INFO">Typing text '803, Akuruti Apartments' into text field 'xpath=//input[@id="customer.address.street"]'.</msg>
<arg>${address_field}</arg>
<arg>${Address}</arg>
<doc>Types the given ``text`` into the text field identified by ``locator``.</doc>
<status status="PASS" start="2026-06-24T23:49:51.709637" elapsed="0.061811"/>
</kw>
<kw name="Input Text" owner="SeleniumLibrary">
<msg time="2026-06-24T23:49:51.771926" level="INFO">Typing text 'Alwar' into text field 'xpath=//input[@id="customer.address.city"]'.</msg>
<arg>${city_field}</arg>
<arg>${City}</arg>
<doc>Types the given ``text`` into the text field identified by ``locator``.</doc>
<status status="PASS" start="2026-06-24T23:49:51.771659" elapsed="0.059533"/>
</kw>
<kw name="Input Text" owner="SeleniumLibrary">
<msg time="2026-06-24T23:49:51.831605" level="INFO">Typing text 'Rajasthan' into text field 'xpath=//input[@id="customer.address.state"]'.</msg>
<arg>${state_field}</arg>
<arg>${State}</arg>
<doc>Types the given ``text`` into the text field identified by ``locator``.</doc>
<status status="PASS" start="2026-06-24T23:49:51.831363" elapsed="0.054833"/>
</kw>
<kw name="Input Text" owner="SeleniumLibrary">
<msg time="2026-06-24T23:49:51.886779" level="INFO">Typing text '246875' into text field 'xpath=//input[@id="customer.address.zipCode"]'.</msg>
<arg>${zip_field}</arg>
<arg>${Zipcode}</arg>
<doc>Types the given ``text`` into the text field identified by ``locator``.</doc>
<status status="PASS" start="2026-06-24T23:49:51.886432" elapsed="0.054340"/>
</kw>
<kw name="Input Text" owner="SeleniumLibrary">
<msg time="2026-06-24T23:49:51.941225" level="INFO">Typing text '7014526398' into text field 'xpath=//input[@id="customer.phoneNumber"]'.</msg>
<arg>${phone_field}</arg>
<arg>${Phno}</arg>
<doc>Types the given ``text`` into the text field identified by ``locator``.</doc>
<status status="PASS" start="2026-06-24T23:49:51.940941" elapsed="0.056840"/>
</kw>
<kw name="Input Text" owner="SeleniumLibrary">
<msg time="2026-06-24T23:49:51.998197" level="INFO">Typing text '264895' into text field 'xpath=//input[@id="customer.ssn"]'.</msg>
<arg>${ssn_field}</arg>
<arg>${SSN}</arg>
<doc>Types the given ``text`` into the text field identified by ``locator``.</doc>
<status status="PASS" start="2026-06-24T23:49:51.997957" elapsed="0.052802"/>
</kw>
<kw name="Input Text" owner="SeleniumLibrary">
<msg time="2026-06-24T23:49:52.051363" level="INFO">Typing text 'yashikasatija324' into text field 'xpath=//input[@id="customer.username"]'.</msg>
<arg>${username_field}</arg>
<arg>${Username}</arg>
<doc>Types the given ``text`` into the text field identified by ``locator``.</doc>
<status status="PASS" start="2026-06-24T23:49:52.051021" elapsed="0.057389"/>
</kw>
<kw name="Input Text" owner="SeleniumLibrary">
<msg time="2026-06-24T23:49:52.109229" level="INFO">Typing text 'Yashika28' into text field 'xpath=//input[@id="customer.password"]'.</msg>
<arg>${password_field}</arg>
<arg>${Password}</arg>
<doc>Types the given ``text`` into the text field identified by ``locator``.</doc>
<status status="PASS" start="2026-06-24T23:49:52.108871" elapsed="0.054727"/>
</kw>
<kw name="Input Text" owner="SeleniumLibrary">
<msg time="2026-06-24T23:49:52.164043" level="INFO">Typing text 'Yashika28' into text field 'xpath=//input[@id="repeatedPassword"]'.</msg>
<arg>${confirm_password_field}</arg>
<arg>${Confirm}</arg>
<doc>Types the given ``text`` into the text field identified by ``locator``.</doc>
<status status="PASS" start="2026-06-24T23:49:52.163806" elapsed="0.051238"/>
</kw>
<kw name="Click Element" owner="SeleniumLibrary">
<msg time="2026-06-24T23:49:52.215436" level="INFO">Clicking element 'xpath=//input[@value="Register"]'.</msg>
<arg>${register_field}</arg>
<doc>Click the element identified by ``locator``.</doc>
<status status="PASS" start="2026-06-24T23:49:52.215223" elapsed="1.469869"/>
</kw>
<arg>Firstname=Yashika</arg>
<arg>Lastname=Satija</arg>
<arg>Address=803, Akuruti Apartments</arg>
<arg>City=Alwar</arg>
<arg>State=Rajasthan</arg>
<arg>Zipcode=246875</arg>
<arg>Phno=7014526398</arg>
<arg>SSN=264895</arg>
<arg>Username=yashikasatija324</arg>
<arg>Password=Yashika28</arg>
<arg>Confirm=Yashika28</arg>
<status status="PASS" start="2026-06-24T23:49:51.565980" elapsed="2.119253"/>
</kw>
<kw name="Close Browser" owner="SeleniumLibrary" type="TEARDOWN">
<doc>Closes the current browser.</doc>
<status status="PASS" start="2026-06-24T23:49:53.685785" elapsed="2.175023"/>
</kw>
<tag>datadriver</tag>
<status status="PASS" start="2026-06-24T23:49:40.440386" elapsed="15.420798"/>
</test>
<test id="s1-t8" name="Register Bhoomika" line="25">
<kw name="Navigate To Parabank Register Page" type="SETUP">
<kw name="Open Browser" owner="SeleniumLibrary">
<msg time="2026-06-24T23:49:55.863385" level="INFO">Opening browser 'chrome' to base url 'https://parabank.parasoft.com/parabank/index.htm'.</msg>
<arg>${BASE_URL}</arg>
<arg>chrome</arg>
<doc>Opens a new browser instance to the optional ``url``.</doc>
<status status="PASS" start="2026-06-24T23:49:55.863208" elapsed="5.773805"/>
</kw>
<kw name="Maximize Browser Window" owner="SeleniumLibrary">
<doc>Maximizes current browser window.</doc>
<status status="PASS" start="2026-06-24T23:50:01.637307" elapsed="0.035112"/>
</kw>
<kw name="Sleep" owner="BuiltIn">
<msg time="2026-06-24T23:50:03.673362" level="INFO">Slept 2 seconds.</msg>
<arg>2s</arg>
<doc>Pauses the test executed for the given time.</doc>
<status status="PASS" start="2026-06-24T23:50:01.672607" elapsed="2.000967"/>
</kw>
<kw name="Wait Until Element Is Visible" owner="SeleniumLibrary">
<arg>xpath=//a[text()="Register"]</arg>
<arg>timeout=10s</arg>
<doc>Waits until the element ``locator`` is visible.</doc>
<status status="PASS" start="2026-06-24T23:50:03.673791" elapsed="0.019564"/>
</kw>
<kw name="Click Element" owner="SeleniumLibrary">
<msg time="2026-06-24T23:50:03.693749" level="INFO">Clicking element 'xpath=//a[text()="Register"]'.</msg>
<arg>xpath=//a[text()="Register"]</arg>
<doc>Click the element identified by ``locator``.</doc>
<status status="PASS" start="2026-06-24T23:50:03.693541" elapsed="3.904796"/>
</kw>
<status status="PASS" start="2026-06-24T23:49:55.862954" elapsed="11.735495"/>
</kw>
<kw name="Register User">
<kw name="Input Text" owner="SeleniumLibrary">
<msg time="2026-06-24T23:50:07.599458" level="INFO">Typing text 'Bhoomika' into text field 'xpath=//input[@id="customer.firstName"]'.</msg>
<arg>${first_name_field}</arg>
<arg>${Firstname}</arg>
<doc>Types the given ``text`` into the text field identified by ``locator``.</doc>
<status status="PASS" start="2026-06-24T23:50:07.599242" elapsed="0.076735"/>
</kw>
<kw name="Input Text" owner="SeleniumLibrary">
<msg time="2026-06-24T23:50:07.676438" level="INFO">Typing text 'Goswami' into text field 'xpath=//input[@id="customer.lastName"]'.</msg>
<arg>${last_name_field}</arg>
<arg>${Lastname}</arg>
<doc>Types the given ``text`` into the text field identified by ``locator``.</doc>
<status status="PASS" start="2026-06-24T23:50:07.676144" elapsed="0.056373"/>
</kw>
<kw name="Input Text" owner="SeleniumLibrary">
<msg time="2026-06-24T23:50:07.732958" level="INFO">Typing text 'L-99, Nehru Vihar' into text field 'xpath=//input[@id="customer.address.street"]'.</msg>
<arg>${address_field}</arg>
<arg>${Address}</arg>
<doc>Types the given ``text`` into the text field identified by ``locator``.</doc>
<status status="PASS" start="2026-06-24T23:50:07.732710" elapsed="0.059220"/>
</kw>
<kw name="Input Text" owner="SeleniumLibrary">
<msg time="2026-06-24T23:50:07.792361" level="INFO">Typing text 'Indore' into text field 'xpath=//input[@id="customer.address.city"]'.</msg>
<arg>${city_field}</arg>
<arg>${City}</arg>
<doc>Types the given ``text`` into the text field identified by ``locator``.</doc>
<status status="PASS" start="2026-06-24T23:50:07.792118" elapsed="0.062859"/>
</kw>
<kw name="Input Text" owner="SeleniumLibrary">
<msg time="2026-06-24T23:50:07.855710" level="INFO">Typing text 'Madhya Pradesh' into text field 'xpath=//input[@id="customer.address.state"]'.</msg>
<arg>${state_field}</arg>
<arg>${State}</arg>
<doc>Types the given ``text`` into the text field identified by ``locator``.</doc>
<status status="PASS" start="2026-06-24T23:50:07.855313" elapsed="0.057717"/>
</kw>
<kw name="Input Text" owner="SeleniumLibrary">
<msg time="2026-06-24T23:50:07.913471" level="INFO">Typing text '642981' into text field 'xpath=//input[@id="customer.address.zipCode"]'.</msg>
<arg>${zip_field}</arg>
<arg>${Zipcode}</arg>
<doc>Types the given ``text`` into the text field identified by ``locator``.</doc>
<status status="PASS" start="2026-06-24T23:50:07.913206" elapsed="0.054524"/>
</kw>
<kw name="Input Text" owner="SeleniumLibrary">
<msg time="2026-06-24T23:50:07.968201" level="INFO">Typing text '8456235246' into text field 'xpath=//input[@id="customer.phoneNumber"]'.</msg>
<arg>${phone_field}</arg>
<arg>${Phno}</arg>
<doc>Types the given ``text`` into the text field identified by ``locator``.</doc>
<status status="PASS" start="2026-06-24T23:50:07.967911" elapsed="0.056085"/>
</kw>
<kw name="Input Text" owner="SeleniumLibrary">
<msg time="2026-06-24T23:50:08.024647" level="INFO">Typing text '415698' into text field 'xpath=//input[@id="customer.ssn"]'.</msg>
<arg>${ssn_field}</arg>
<arg>${SSN}</arg>
<doc>Types the given ``text`` into the text field identified by ``locator``.</doc>
<status status="PASS" start="2026-06-24T23:50:08.024269" elapsed="0.054542"/>
</kw>
<kw name="Input Text" owner="SeleniumLibrary">
<msg time="2026-06-24T23:50:08.079333" level="INFO">Typing text 'bhoomikagoswami65' into text field 'xpath=//input[@id="customer.username"]'.</msg>
<arg>${username_field}</arg>
<arg>${Username}</arg>
<doc>Types the given ``text`` into the text field identified by ``locator``.</doc>
<status status="PASS" start="2026-06-24T23:50:08.078994" elapsed="0.078623"/>
</kw>
<kw name="Input Text" owner="SeleniumLibrary">
<msg time="2026-06-24T23:50:08.158228" level="INFO">Typing text 'Bhoomika$07' into text field 'xpath=//input[@id="customer.password"]'.</msg>
<arg>${password_field}</arg>
<arg>${Password}</arg>
<doc>Types the given ``text`` into the text field identified by ``locator``.</doc>
<status status="PASS" start="2026-06-24T23:50:08.157810" elapsed="0.078704"/>
</kw>
<kw name="Input Text" owner="SeleniumLibrary">
<msg time="2026-06-24T23:50:08.236936" level="INFO">Typing text 'Bhoomika$07' into text field 'xpath=//input[@id="repeatedPassword"]'.</msg>
<arg>${confirm_password_field}</arg>
<arg>${Confirm}</arg>
<doc>Types the given ``text`` into the text field identified by ``locator``.</doc>
<status status="PASS" start="2026-06-24T23:50:08.236677" elapsed="0.055483"/>
</kw>
<kw name="Click Element" owner="SeleniumLibrary">
<msg time="2026-06-24T23:50:08.292639" level="INFO">Clicking element 'xpath=//input[@value="Register"]'.</msg>
<arg>${register_field}</arg>
<doc>Click the element identified by ``locator``.</doc>
<status status="PASS" start="2026-06-24T23:50:08.292394" elapsed="1.595070"/>
</kw>
<arg>Firstname=Bhoomika</arg>
<arg>Lastname=Goswami</arg>
<arg>Address=L-99, Nehru Vihar</arg>
<arg>City=Indore</arg>
<arg>State=Madhya Pradesh</arg>
<arg>Zipcode=642981</arg>
<arg>Phno=8456235246</arg>
<arg>SSN=415698</arg>
<arg>Username=bhoomikagoswami65</arg>
<arg>Password=Bhoomika$07</arg>
<arg>Confirm=Bhoomika$07</arg>
<status status="PASS" start="2026-06-24T23:50:07.598889" elapsed="2.288719"/>
</kw>
<kw name="Close Browser" owner="SeleniumLibrary" type="TEARDOWN">
<doc>Closes the current browser.</doc>
<status status="PASS" start="2026-06-24T23:50:09.888171" elapsed="2.166031"/>
</kw>
<tag>datadriver</tag>
<status status="PASS" start="2026-06-24T23:49:55.861884" elapsed="16.192861"/>
</test>
<test id="s1-t9" name="Register Devesh" line="25">
<kw name="Navigate To Parabank Register Page" type="SETUP">
<kw name="Open Browser" owner="SeleniumLibrary">
<msg time="2026-06-24T23:50:12.057034" level="INFO">Opening browser 'chrome' to base url 'https://parabank.parasoft.com/parabank/index.htm'.</msg>
<arg>${BASE_URL}</arg>
<arg>chrome</arg>
<doc>Opens a new browser instance to the optional ``url``.</doc>
<status status="PASS" start="2026-06-24T23:50:12.056854" elapsed="8.772089"/>
</kw>
<kw name="Maximize Browser Window" owner="SeleniumLibrary">
<doc>Maximizes current browser window.</doc>
<status status="PASS" start="2026-06-24T23:50:20.829286" elapsed="0.023529"/>
</kw>
<kw name="Sleep" owner="BuiltIn">
<msg time="2026-06-24T23:50:22.853780" level="INFO">Slept 2 seconds.</msg>
<arg>2s</arg>
<doc>Pauses the test executed for the given time.</doc>
<status status="PASS" start="2026-06-24T23:50:20.853101" elapsed="2.000835"/>
</kw>
<kw name="Wait Until Element Is Visible" owner="SeleniumLibrary">
<arg>xpath=//a[text()="Register"]</arg>
<arg>timeout=10s</arg>
<doc>Waits until the element ``locator`` is visible.</doc>
<status status="PASS" start="2026-06-24T23:50:22.854179" elapsed="0.018837"/>
</kw>
<kw name="Click Element" owner="SeleniumLibrary">
<msg time="2026-06-24T23:50:22.873393" level="INFO">Clicking element 'xpath=//a[text()="Register"]'.</msg>
<arg>xpath=//a[text()="Register"]</arg>
<doc>Click the element identified by ``locator``.</doc>
<status status="PASS" start="2026-06-24T23:50:22.873212" elapsed="2.446280"/>
</kw>
<status status="PASS" start="2026-06-24T23:50:12.056566" elapsed="13.263106"/>
</kw>
<kw name="Register User">
<kw name="Input Text" owner="SeleniumLibrary">
<msg time="2026-06-24T23:50:25.321094" level="INFO">Typing text 'Devesh' into text field 'xpath=//input[@id="customer.firstName"]'.</msg>
<arg>${first_name_field}</arg>
<arg>${Firstname}</arg>
<doc>Types the given ``text`` into the text field identified by ``locator``.</doc>
<status status="PASS" start="2026-06-24T23:50:25.320834" elapsed="0.087215"/>
</kw>
<kw name="Input Text" owner="SeleniumLibrary">
<msg time="2026-06-24T23:50:25.408576" level="INFO">Typing text 'Joshi' into text field 'xpath=//input[@id="customer.lastName"]'.</msg>
<arg>${last_name_field}</arg>
<arg>${Lastname}</arg>
<doc>Types the given ``text`` into the text field identified by ``locator``.</doc>
<status status="PASS" start="2026-06-24T23:50:25.408313" elapsed="0.066198"/>
</kw>
<kw name="Input Text" owner="SeleniumLibrary">
<msg time="2026-06-24T23:50:25.475165" level="INFO">Typing text 'A-78, Krishna Kunj' into text field 'xpath=//input[@id="customer.address.street"]'.</msg>
<arg>${address_field}</arg>
<arg>${Address}</arg>
<doc>Types the given ``text`` into the text field identified by ``locator``.</doc>
<status status="PASS" start="2026-06-24T23:50:25.474792" elapsed="0.066049"/>
</kw>
<kw name="Input Text" owner="SeleniumLibrary">
<msg time="2026-06-24T23:50:25.541321" level="INFO">Typing text 'Bikaner' into text field 'xpath=//input[@id="customer.address.city"]'.</msg>
<arg>${city_field}</arg>
<arg>${City}</arg>
<doc>Types the given ``text`` into the text field identified by ``locator``.</doc>
<status status="PASS" start="2026-06-24T23:50:25.541012" elapsed="0.059167"/>
</kw>
<kw name="Input Text" owner="SeleniumLibrary">
<msg time="2026-06-24T23:50:25.600713" level="INFO">Typing text 'Rajasthan' into text field 'xpath=//input[@id="customer.address.state"]'.</msg>
<arg>${state_field}</arg>
<arg>${State}</arg>
<doc>Types the given ``text`` into the text field identified by ``locator``.</doc>
<status status="PASS" start="2026-06-24T23:50:25.600426" elapsed="0.055867"/>
</kw>
<kw name="Input Text" owner="SeleniumLibrary">
<msg time="2026-06-24T23:50:25.657101" level="INFO">Typing text '754689' into text field 'xpath=//input[@id="customer.address.zipCode"]'.</msg>
<arg>${zip_field}</arg>
<arg>${Zipcode}</arg>
<doc>Types the given ``text`` into the text field identified by ``locator``.</doc>
<status status="PASS" start="2026-06-24T23:50:25.656732" elapsed="0.057298"/>
</kw>
<kw name="Input Text" owner="SeleniumLibrary">
<msg time="2026-06-24T23:50:25.714477" level="INFO">Typing text '6985789456' into text field 'xpath=//input[@id="customer.phoneNumber"]'.</msg>
<arg>${phone_field}</arg>
<arg>${Phno}</arg>
<doc>Types the given ``text`` into the text field identified by ``locator``.</doc>
<status status="PASS" start="2026-06-24T23:50:25.714205" elapsed="0.059208"/>
</kw>
<kw name="Input Text" owner="SeleniumLibrary">
<msg time="2026-06-24T23:50:25.774068" level="INFO">Typing text '235698' into text field 'xpath=//input[@id="customer.ssn"]'.</msg>
<arg>${ssn_field}</arg>
<arg>${SSN}</arg>
<doc>Types the given ``text`` into the text field identified by ``locator``.</doc>
<status status="PASS" start="2026-06-24T23:50:25.773699" elapsed="0.058867"/>
</kw>
<kw name="Input Text" owner="SeleniumLibrary">
<msg time="2026-06-24T23:50:25.833188" level="INFO">Typing text 'deshjoshi78' into text field 'xpath=//input[@id="customer.username"]'.</msg>
<arg>${username_field}</arg>
<arg>${Username}</arg>
<doc>Types the given ``text`` into the text field identified by ``locator``.</doc>
<status status="PASS" start="2026-06-24T23:50:25.832846" elapsed="0.061698"/>
</kw>
<kw name="Input Text" owner="SeleniumLibrary">
<msg time="2026-06-24T23:50:25.895119" level="INFO">Typing text 'DeveshJosi@#54' into text field 'xpath=//input[@id="customer.password"]'.</msg>
<arg>${password_field}</arg>
<arg>${Password}</arg>
<doc>Types the given ``text`` into the text field identified by ``locator``.</doc>
<status status="PASS" start="2026-06-24T23:50:25.894817" elapsed="0.074508"/>
</kw>
<kw name="Input Text" owner="SeleniumLibrary">
<msg time="2026-06-24T23:50:25.969827" level="INFO">Typing text 'DeveshJosi@#54' into text field 'xpath=//input[@id="repeatedPassword"]'.</msg>
<arg>${confirm_password_field}</arg>
<arg>${Confirm}</arg>
<doc>Types the given ``text`` into the text field identified by ``locator``.</doc>
<status status="PASS" start="2026-06-24T23:50:25.969519" elapsed="0.084768"/>
</kw>
<kw name="Click Element" owner="SeleniumLibrary">
<msg time="2026-06-24T23:50:26.054796" level="INFO">Clicking element 'xpath=//input[@value="Register"]'.</msg>
<arg>${register_field}</arg>
<doc>Click the element identified by ``locator``.</doc>
<status status="PASS" start="2026-06-24T23:50:26.054506" elapsed="0.452873"/>
</kw>
<arg>Firstname=Devesh</arg>
<arg>Lastname=Joshi</arg>
<arg>Address=A-78, Krishna Kunj</arg>
<arg>City=Bikaner</arg>
<arg>State=Rajasthan</arg>
<arg>Zipcode=754689</arg>
<arg>Phno=6985789456</arg>
<arg>SSN=235698</arg>
<arg>Username=deshjoshi78</arg>
<arg>Password=DeveshJosi@#54</arg>
<arg>Confirm=DeveshJosi@#54</arg>
<status status="PASS" start="2026-06-24T23:50:25.320360" elapsed="1.187179"/>
</kw>
<kw name="Close Browser" owner="SeleniumLibrary" type="TEARDOWN">
<doc>Closes the current browser.</doc>
<status status="PASS" start="2026-06-24T23:50:26.508139" elapsed="2.178198"/>
</kw>
<tag>datadriver</tag>
<status status="PASS" start="2026-06-24T23:50:12.055534" elapsed="16.631134"/>
</test>
<test id="s1-t10" name="Register Akshit" line="25">
<kw name="Navigate To Parabank Register Page" type="SETUP">
<kw name="Open Browser" owner="SeleniumLibrary">
<msg time="2026-06-24T23:50:28.688861" level="INFO">Opening browser 'chrome' to base url 'https://parabank.parasoft.com/parabank/index.htm'.</msg>
<arg>${BASE_URL}</arg>
<arg>chrome</arg>
<doc>Opens a new browser instance to the optional ``url``.</doc>
<status status="PASS" start="2026-06-24T23:50:28.688649" elapsed="4.756658"/>
</kw>
<kw name="Maximize Browser Window" owner="SeleniumLibrary">
<doc>Maximizes current browser window.</doc>
<status status="PASS" start="2026-06-24T23:50:33.445582" elapsed="0.026817"/>
</kw>
<kw name="Sleep" owner="BuiltIn">
<msg time="2026-06-24T23:50:35.473139" level="INFO">Slept 2 seconds.</msg>
<arg>2s</arg>
<doc>Pauses the test executed for the given time.</doc>
<status status="PASS" start="2026-06-24T23:50:33.472615" elapsed="2.000677"/>
</kw>
<kw name="Wait Until Element Is Visible" owner="SeleniumLibrary">
<arg>xpath=//a[text()="Register"]</arg>
<arg>timeout=10s</arg>
<doc>Waits until the element ``locator`` is visible.</doc>
<status status="PASS" start="2026-06-24T23:50:35.473513" elapsed="0.019115"/>
</kw>
<kw name="Click Element" owner="SeleniumLibrary">
<msg time="2026-06-24T23:50:35.492998" level="INFO">Clicking element 'xpath=//a[text()="Register"]'.</msg>
<arg>xpath=//a[text()="Register"]</arg>
<doc>Click the element identified by ``locator``.</doc>
<status status="PASS" start="2026-06-24T23:50:35.492817" elapsed="4.322391"/>
</kw>
<status status="PASS" start="2026-06-24T23:50:28.688398" elapsed="11.126995"/>
</kw>
<kw name="Register User">
<kw name="Input Text" owner="SeleniumLibrary">
<msg time="2026-06-24T23:50:39.816923" level="INFO">Typing text 'Akshit' into text field 'xpath=//input[@id="customer.firstName"]'.</msg>
<arg>${first_name_field}</arg>
<arg>${Firstname}</arg>
<doc>Types the given ``text`` into the text field identified by ``locator``.</doc>
<status status="PASS" start="2026-06-24T23:50:39.816533" elapsed="0.074651"/>
</kw>
<kw name="Input Text" owner="SeleniumLibrary">
<msg time="2026-06-24T23:50:39.891625" level="INFO">Typing text 'Aggarwal' into text field 'xpath=//input[@id="customer.lastName"]'.</msg>
<arg>${last_name_field}</arg>
<arg>${Lastname}</arg>
<doc>Types the given ``text`` into the text field identified by ``locator``.</doc>
<status status="PASS" start="2026-06-24T23:50:39.891356" elapsed="0.056600"/>
</kw>
<kw name="Input Text" owner="SeleniumLibrary">
<msg time="2026-06-24T23:50:39.948455" level="INFO">Typing text 'H-121, Bajrang Nagar' into text field 'xpath=//input[@id="customer.address.street"]'.</msg>
<arg>${address_field}</arg>
<arg>${Address}</arg>
<doc>Types the given ``text`` into the text field identified by ``locator``.</doc>
<status status="PASS" start="2026-06-24T23:50:39.948179" elapsed="0.077270"/>
</kw>
<kw name="Input Text" owner="SeleniumLibrary">
<msg time="2026-06-24T23:50:40.025944" level="INFO">Typing text 'Kota' into text field 'xpath=//input[@id="customer.address.city"]'.</msg>
<arg>${city_field}</arg>
<arg>${City}</arg>
<doc>Types the given ``text`` into the text field identified by ``locator``.</doc>
<status status="PASS" start="2026-06-24T23:50:40.025648" elapsed="0.059184"/>
</kw>
<kw name="Input Text" owner="SeleniumLibrary">
<msg time="2026-06-24T23:50:40.085421" level="INFO">Typing text 'Rajasthan' into text field 'xpath=//input[@id="customer.address.state"]'.</msg>
<arg>${state_field}</arg>
<arg>${State}</arg>
<doc>Types the given ``text`` into the text field identified by ``locator``.</doc>
<status status="PASS" start="2026-06-24T23:50:40.085074" elapsed="0.057579"/>
</kw>
<kw name="Input Text" owner="SeleniumLibrary">
<msg time="2026-06-24T23:50:40.143255" level="INFO">Typing text '564238' into text field 'xpath=//input[@id="customer.address.zipCode"]'.</msg>
<arg>${zip_field}</arg>
<arg>${Zipcode}</arg>
<doc>Types the given ``text`` into the text field identified by ``locator``.</doc>
<status status="PASS" start="2026-06-24T23:50:40.142903" elapsed="0.081886"/>
</kw>
<kw name="Input Text" owner="SeleniumLibrary">
<msg time="2026-06-24T23:50:40.225259" level="INFO">Typing text '9965846213' into text field 'xpath=//input[@id="customer.phoneNumber"]'.</msg>
<arg>${phone_field}</arg>
<arg>${Phno}</arg>
<doc>Types the given ``text`` into the text field identified by ``locator``.</doc>
<status status="PASS" start="2026-06-24T23:50:40.224991" elapsed="0.054249"/>
</kw>
<kw name="Input Text" owner="SeleniumLibrary">
<msg time="2026-06-24T23:50:40.279861" level="INFO">Typing text '659874' into text field 'xpath=//input[@id="customer.ssn"]'.</msg>
<arg>${ssn_field}</arg>
<arg>${SSN}</arg>
<doc>Types the given ``text`` into the text field identified by ``locator``.</doc>
<status status="PASS" start="2026-06-24T23:50:40.279470" elapsed="0.056337"/>
</kw>
<kw name="Input Text" owner="SeleniumLibrary">
<msg time="2026-06-24T23:50:40.336425" level="INFO">Typing text 'akshitaggarwal09' into text field 'xpath=//input[@id="customer.username"]'.</msg>
<arg>${username_field}</arg>
<arg>${Username}</arg>
<doc>Types the given ``text`` into the text field identified by ``locator``.</doc>
<status status="PASS" start="2026-06-24T23:50:40.336063" elapsed="0.058206"/>
</kw>
<kw name="Input Text" owner="SeleniumLibrary">
<msg time="2026-06-24T23:50:40.394852" level="INFO">Typing text 'Akshit@aggarwal' into text field 'xpath=//input[@id="customer.password"]'.</msg>
<arg>${password_field}</arg>
<arg>${Password}</arg>
<doc>Types the given ``text`` into the text field identified by ``locator``.</doc>
<status status="PASS" start="2026-06-24T23:50:40.394505" elapsed="0.057471"/>
</kw>
<kw name="Input Text" owner="SeleniumLibrary">
<msg time="2026-06-24T23:50:40.452400" level="INFO">Typing text 'Akshit@aggarwal' into text field 'xpath=//input[@id="repeatedPassword"]'.</msg>
<arg>${confirm_password_field}</arg>
<arg>${Confirm}</arg>
<doc>Types the given ``text`` into the text field identified by ``locator``.</doc>
<status status="PASS" start="2026-06-24T23:50:40.452161" elapsed="0.055718"/>
</kw>
<kw name="Click Element" owner="SeleniumLibrary">
<msg time="2026-06-24T23:50:40.508269" level="INFO">Clicking element 'xpath=//input[@value="Register"]'.</msg>
<arg>${register_field}</arg>
<doc>Click the element identified by ``locator``.</doc>
<status status="PASS" start="2026-06-24T23:50:40.508052" elapsed="3.702534"/>
</kw>
<arg>Firstname=Akshit</arg>
<arg>Lastname=Aggarwal</arg>
<arg>Address=H-121, Bajrang Nagar</arg>
<arg>City=Kota</arg>
<arg>State=Rajasthan</arg>
<arg>Zipcode=564238</arg>
<arg>Phno=9965846213</arg>
<arg>SSN=659874</arg>
<arg>Username=akshitaggarwal09</arg>
<arg>Password=Akshit@aggarwal</arg>
<arg>Confirm=Akshit@aggarwal</arg>
<status status="PASS" start="2026-06-24T23:50:39.816008" elapsed="4.394709"/>
</kw>
<kw name="Close Browser" owner="SeleniumLibrary" type="TEARDOWN">
<doc>Closes the current browser.</doc>
<status status="PASS" start="2026-06-24T23:50:44.211390" elapsed="2.198387"/>
</kw>
<tag>datadriver</tag>
<status status="PASS" start="2026-06-24T23:50:28.687263" elapsed="17.722867"/>
</test>
<status status="PASS" start="2026-06-24T23:47:46.787919" elapsed="179.622980"/>
</suite>
<statistics>
<total>
<stat pass="10" fail="0" skip="0">All Tests</stat>
</total>
<tag>
<stat pass="10" fail="0" skip="0">datadriver</stat>
</tag>
<suite>
<stat name="Data Driven Csv" id="s1" pass="10" fail="0" skip="0">Data Driven Csv</stat>
</suite>
</statistics>
<errors>
</errors>
</robot>
