<?xml version="1.0" encoding="UTF-8"?>
<robot generator="Rebot 7.4.2 (Python 3.13.12 on win32)" generated="2026-06-20T14:09:08.764817" rpa="false" schemaversion="5">
<suite id="s1" name="Tests" source="C:\Users\aayus_ucf5jw3\OneDrive\Desktop\ParaBank Sprint\tests">
<suite id="s1-s1" name="1.Ui" source="C:\Users\aayus_ucf5jw3\OneDrive\Desktop\ParaBank Sprint\tests\1.ui">
<suite id="s1-s1-s1" name="TC-AC-UI-01" source="C:\Users\aayus_ucf5jw3\OneDrive\Desktop\ParaBank Sprint\tests\1.ui\TC-AC-UI-01.robot">
<kw name="Load Environment" owner="common_keywords" type="SETUP">
<kw name="Load Env" owner="environment">
<arg>${ENV}</arg>
<status status="PASS" start="2026-06-20T14:04:26.700000" elapsed="0.003089"/>
</kw>
<kw name="Get Env" owner="environment">
<msg time="2026-06-20T14:04:26.703667" level="INFO">${url} = https://parabank.parasoft.com</msg>
<var>${url}</var>
<arg>baseurl</arg>
<status status="PASS" start="2026-06-20T14:04:26.703372" elapsed="0.000368"/>
</kw>
<kw name="Get Env" owner="environment">
<msg time="2026-06-20T14:04:26.704176" level="INFO">${username} = aayushsuwlka080704</msg>
<var>${username}</var>
<arg>username</arg>
<status status="PASS" start="2026-06-20T14:04:26.703965" elapsed="0.000262"/>
</kw>
<kw name="Get Env" owner="environment">
<msg time="2026-06-20T14:04:26.704627" level="INFO">${password} = Aayush@08</msg>
<var>${password}</var>
<arg>password</arg>
<status status="PASS" start="2026-06-20T14:04:26.704394" elapsed="0.000282"/>
</kw>
<kw name="Set Global Variable" owner="BuiltIn">
<msg time="2026-06-20T14:04:26.707166" level="INFO">${BASE_URL} = https://parabank.parasoft.com</msg>
<arg>${BASE_URL}</arg>
<arg>${url}</arg>
<doc>Makes a variable available globally in all tests and suites.</doc>
<status status="PASS" start="2026-06-20T14:04:26.704866" elapsed="0.002397"/>
</kw>
<kw name="Set Global Variable" owner="BuiltIn">
<msg time="2026-06-20T14:04:26.708069" level="INFO">${USERNAME} = aayushsuwlka080704</msg>
<arg>${USERNAME}</arg>
<arg>${username}</arg>
<doc>Makes a variable available globally in all tests and suites.</doc>
<status status="PASS" start="2026-06-20T14:04:26.707482" elapsed="0.000666"/>
</kw>
<kw name="Set Global Variable" owner="BuiltIn">
<msg time="2026-06-20T14:04:26.708853" level="INFO">${PASSWORD} = Aayush@08</msg>
<arg>${PASSWORD}</arg>
<arg>${password}</arg>
<doc>Makes a variable available globally in all tests and suites.</doc>
<status status="PASS" start="2026-06-20T14:04:26.708342" elapsed="0.000585"/>
</kw>
<status status="PASS" start="2026-06-20T14:04:26.698925" elapsed="0.010126"/>
</kw>
<test id="s1-s1-s1-t1" name="TC-AC-UI-02" line="11">
<kw name="Open Application" owner="common_keywords" type="SETUP">
<kw name="Open Browser" owner="SeleniumLibrary">
<msg time="2026-06-20T14:04:26.711230" level="INFO">Opening browser 'chrome' to base url 'https://parabank.parasoft.com'.</msg>
<arg>${BASE_URL}</arg>
<arg>${BROWSER}</arg>
<doc>Opens a new browser instance to the optional ``url``.</doc>
<status status="PASS" start="2026-06-20T14:04:26.710658" elapsed="6.843343"/>
</kw>
<kw name="Maximize Browser Window" owner="SeleniumLibrary">
<doc>Maximizes current browser window.</doc>
<status status="PASS" start="2026-06-20T14:04:33.554784" elapsed="0.083066"/>
</kw>
<doc>Opens the application</doc>
<status status="PASS" start="2026-06-20T14:04:26.710074" elapsed="6.928105"/>
</kw>
<kw name="Open a Savings Account with Valid Details" owner="account_page">
<kw name="Ensure User Is Logged In" owner="common_keywords">
<kw name="Login User" owner="login">
<kw name="Input Text" owner="SeleniumLibrary">
<msg time="2026-06-20T14:04:33.653317" level="INFO">Typing text 'aayushsuwlka080704' into text field 'xpath=//input[@name='username']'.</msg>
<arg>${login_username}</arg>
<arg>${username}</arg>
<doc>Types the given ``text`` into the text field identified by ``locator``.</doc>
<status status="PASS" start="2026-06-20T14:04:33.644209" elapsed="0.376664"/>
</kw>
<kw name="Input Text" owner="SeleniumLibrary">
<msg time="2026-06-20T14:04:34.022114" level="INFO">Typing text 'Aayush@08' into text field 'xpath=//input[@name='password']'.</msg>
<arg>${login_password}</arg>
<arg>${password}</arg>
<doc>Types the given ``text`` into the text field identified by ``locator``.</doc>
<status status="PASS" start="2026-06-20T14:04:34.021353" elapsed="0.146259"/>
</kw>
<kw name="Click Element" owner="SeleniumLibrary">
<msg time="2026-06-20T14:04:34.168420" level="INFO">Clicking element 'xpath=//input[@value='Log In']'.</msg>
<arg>${login_btn}</arg>
<doc>Click the element identified by ``locator``.</doc>
<status status="PASS" start="2026-06-20T14:04:34.167983" elapsed="0.548232"/>
</kw>
<arg>${USERNAME}</arg>
<arg>${PASSWORD}</arg>
<status status="PASS" start="2026-06-20T14:04:33.642889" elapsed="1.073539"/>
</kw>
<kw name="Run Keyword And Return Status" owner="BuiltIn">
<kw name="Wait Until Page Contains" owner="SeleniumLibrary">
<msg time="2026-06-20T14:04:44.982265" level="INFO" html="true">&lt;/td&gt;&lt;/tr&gt;&lt;tr&gt;&lt;td colspan="3"&gt;&lt;a href="20260620_140423-0-selenium-screenshot-1.png"&gt;&lt;img src="20260620_140423-0-selenium-screenshot-1.png" width="800px"&gt;&lt;/a&gt;</msg>
<msg time="2026-06-20T14:04:44.982535" level="FAIL">Text 'Accounts Overview' did not appear in 10 seconds.</msg>
<arg>Accounts Overview</arg>
<arg>10s</arg>
<doc>Waits until ``text`` appears on the current page.</doc>
<status status="FAIL" start="2026-06-20T14:04:34.717638" elapsed="10.271658">Text 'Accounts Overview' did not appear in 10 seconds.</status>
</kw>
<msg time="2026-06-20T14:04:44.989639" level="INFO">${login_success} = False</msg>
<var>${login_success}</var>
<arg>Wait Until Page Contains</arg>
<arg>Accounts Overview</arg>
<arg>10s</arg>
<doc>Runs the specified keyword and returns the status as a Boolean value.</doc>
<status status="PASS" start="2026-06-20T14:04:34.716769" elapsed="10.272941"/>
</kw>
<if>
<branch type="IF" condition="not ${login_success}">
<kw name="Go To" owner="SeleniumLibrary">
<msg time="2026-06-20T14:04:44.991090" level="INFO">Opening url 'https://parabank.parasoft.com'</msg>
<arg>${BASE_URL}</arg>
<doc>Navigates the current browser window to the provided ``url``.</doc>
<status status="PASS" start="2026-06-20T14:04:44.990692" elapsed="1.739434"/>
</kw>
<kw name="Register With Valid Credentials" owner="register_page">
<kw name="Click Element" owner="SeleniumLibrary">
<msg time="2026-06-20T14:04:46.732876" level="INFO">Clicking element 'xpath=//a[text()='Register']'.</msg>
<arg>${register_btn}</arg>
<doc>Click the element identified by ``locator``.</doc>
<status status="PASS" start="2026-06-20T14:04:46.732290" elapsed="0.571054"/>
</kw>
<kw name="Wait Until Element Is Visible" owner="SeleniumLibrary">
<arg>${easy_sign_up}</arg>
<doc>Waits until the element ``locator`` is visible.</doc>
<status status="PASS" start="2026-06-20T14:04:47.303805" elapsed="0.051331"/>
</kw>
<kw name="Click Element" owner="SeleniumLibrary">
<msg time="2026-06-20T14:04:47.356177" level="INFO">Clicking element 'xpath=//input[@id='customer.firstName']'.</msg>
<arg>${first_name_field}</arg>
<doc>Click the element identified by ``locator``.</doc>
<status status="PASS" start="2026-06-20T14:04:47.355618" elapsed="0.142425"/>
</kw>
<kw name="Input Text" owner="SeleniumLibrary">
<msg time="2026-06-20T14:04:47.499359" level="INFO">Typing text 'Aayush' into text field 'xpath=//input[@id='customer.firstName']'.</msg>
<arg>${first_name_field}</arg>
<arg>Aayush</arg>
<doc>Types the given ``text`` into the text field identified by ``locator``.</doc>
<status status="PASS" start="2026-06-20T14:04:47.498563" elapsed="0.115965"/>
</kw>
<kw name="Click Element" owner="SeleniumLibrary">
<msg time="2026-06-20T14:04:47.615526" level="INFO">Clicking element 'xpath=//input[@id='customer.lastName']'.</msg>
<arg>${last_name_field}</arg>
<doc>Click the element identified by ``locator``.</doc>
<status status="PASS" start="2026-06-20T14:04:47.614984" elapsed="0.113517"/>
</kw>
<kw name="Input Text" owner="SeleniumLibrary">
<msg time="2026-06-20T14:04:47.729678" level="INFO">Typing text 'Suwalka' into text field 'xpath=//input[@id='customer.lastName']'.</msg>
<arg>${last_name_field}</arg>
<arg>Suwalka</arg>
<doc>Types the given ``text`` into the text field identified by ``locator``.</doc>
<status status="PASS" start="2026-06-20T14:04:47.728911" elapsed="0.090237"/>
</kw>
<kw name="Click Element" owner="SeleniumLibrary">
<msg time="2026-06-20T14:04:47.820206" level="INFO">Clicking element 'xpath=//input[@id='customer.address.street']'.</msg>
<arg>${address_field}</arg>
<doc>Click the element identified by ``locator``.</doc>
<status status="PASS" start="2026-06-20T14:04:47.819639" elapsed="0.105726"/>
</kw>
<kw name="Input Text" owner="SeleniumLibrary">
<msg time="2026-06-20T14:04:47.926398" level="INFO">Typing text 'B-325, Subhash Nagar' into text field 'xpath=//input[@id='customer.address.street']'.</msg>
<arg>${address_field}</arg>
<arg>B-325, Subhash Nagar</arg>
<doc>Types the given ``text`` into the text field identified by ``locator``.</doc>
<status status="PASS" start="2026-06-20T14:04:47.925779" elapsed="0.110594"/>
</kw>
<kw name="Click Element" owner="SeleniumLibrary">
<msg time="2026-06-20T14:04:48.037334" level="INFO">Clicking element 'xpath=//input[@id='customer.address.city']'.</msg>
<arg>${city_field}</arg>
<doc>Click the element identified by ``locator``.</doc>
<status status="PASS" start="2026-06-20T14:04:48.036826" elapsed="0.106505"/>
</kw>
<kw name="Input Text" owner="SeleniumLibrary">
<msg time="2026-06-20T14:04:48.144279" level="INFO">Typing text 'Bhilwara' into text field 'xpath=//input[@id='customer.address.city']'.</msg>
<arg>${city_field}</arg>
<arg>Bhilwara</arg>
<doc>Types the given ``text`` into the text field identified by ``locator``.</doc>
<status status="PASS" start="2026-06-20T14:04:48.143768" elapsed="0.103102"/>
</kw>
<kw name="Click Element" owner="SeleniumLibrary">
<msg time="2026-06-20T14:04:48.248002" level="INFO">Clicking element 'xpath=//input[@id='customer.address.state']'.</msg>
<arg>${state_field}</arg>
<doc>Click the element identified by ``locator``.</doc>
<status status="PASS" start="2026-06-20T14:04:48.247382" elapsed="0.112569"/>
</kw>
<kw name="Input Text" owner="SeleniumLibrary">
<msg time="2026-06-20T14:04:48.361281" level="INFO">Typing text 'Rajasthan' into text field 'xpath=//input[@id='customer.address.state']'.</msg>
<arg>${state_field}</arg>
<arg>Rajasthan</arg>
<doc>Types the given ``text`` into the text field identified by ``locator``.</doc>
<status status="PASS" start="2026-06-20T14:04:48.360512" elapsed="0.100885"/>
</kw>
<kw name="Click Element" owner="SeleniumLibrary">
<msg time="2026-06-20T14:04:48.462301" level="INFO">Clicking element 'xpath=//input[@id='customer.address.zipCode']'.</msg>
<arg>${zipcode-field}</arg>
<doc>Click the element identified by ``locator``.</doc>
<status status="PASS" start="2026-06-20T14:04:48.461813" elapsed="0.101278"/>
</kw>
<kw name="Input Text" owner="SeleniumLibrary">
<msg time="2026-06-20T14:04:48.564337" level="INFO">Typing text '311001' into text field 'xpath=//input[@id='customer.address.zipCode']'.</msg>
<arg>${zipcode-field}</arg>
<arg>311001</arg>
<doc>Types the given ``text`` into the text field identified by ``locator``.</doc>
<status status="PASS" start="2026-06-20T14:04:48.563574" elapsed="0.124497"/>
</kw>
<kw name="Click Element" owner="SeleniumLibrary">
<msg time="2026-06-20T14:04:48.689091" level="INFO">Clicking element 'xpath=//input[@id='customer.phoneNumber']'.</msg>
<arg>${phone_field}</arg>
<doc>Click the element identified by ``locator``.</doc>
<status status="PASS" start="2026-06-20T14:04:48.688534" elapsed="0.159356"/>
</kw>
<kw name="Input Text" owner="SeleniumLibrary">
<msg time="2026-06-20T14:04:48.848977" level="INFO">Typing text '6350032742' into text field 'xpath=//input[@id='customer.phoneNumber']'.</msg>
<arg>${phone_field}</arg>
<arg>6350032742</arg>
<doc>Types the given ``text`` into the text field identified by ``locator``.</doc>
<status status="PASS" start="2026-06-20T14:04:48.848365" elapsed="0.116824"/>
</kw>
<kw name="Click Element" owner="SeleniumLibrary">
<msg time="2026-06-20T14:04:48.966186" level="INFO">Clicking element 'xpath=//input[@id='customer.ssn']'.</msg>
<arg>${ssn_field}</arg>
<doc>Click the element identified by ``locator``.</doc>
<status status="PASS" start="2026-06-20T14:04:48.965652" elapsed="0.177534"/>
</kw>
<kw name="Input Text" owner="SeleniumLibrary">
<msg time="2026-06-20T14:04:49.144247" level="INFO">Typing text '123456' into text field 'xpath=//input[@id='customer.ssn']'.</msg>
<arg>${ssn_field}</arg>
<arg>123456</arg>
<doc>Types the given ``text`` into the text field identified by ``locator``.</doc>
<status status="PASS" start="2026-06-20T14:04:49.143692" elapsed="0.098010"/>
</kw>
<kw name="Click Element" owner="SeleniumLibrary">
<msg time="2026-06-20T14:04:49.243037" level="INFO">Clicking element 'xpath=//input[@id='customer.username']'.</msg>
<arg>${username_field}</arg>
<doc>Click the element identified by ``locator``.</doc>
<status status="PASS" start="2026-06-20T14:04:49.242338" elapsed="0.108238"/>
</kw>
<kw name="Input Text" owner="SeleniumLibrary">
<msg time="2026-06-20T14:04:49.351651" level="INFO">Typing text 'aayushsuwlka080704' into text field 'xpath=//input[@id='customer.username']'.</msg>
<arg>${username_field}</arg>
<arg>${USERNAME}</arg>
<doc>Types the given ``text`` into the text field identified by ``locator``.</doc>
<status status="PASS" start="2026-06-20T14:04:49.351044" elapsed="0.170993"/>
</kw>
<kw name="Click Element" owner="SeleniumLibrary">
<msg time="2026-06-20T14:04:49.523097" level="INFO">Clicking element 'xpath=//input[@id='customer.password']'.</msg>
<arg>${password_field}</arg>
<doc>Click the element identified by ``locator``.</doc>
<status status="PASS" start="2026-06-20T14:04:49.522497" elapsed="0.106058"/>
</kw>
<kw name="Input Text" owner="SeleniumLibrary">
<msg time="2026-06-20T14:04:49.629658" level="INFO">Typing text 'Aayush@08' into text field 'xpath=//input[@id='customer.password']'.</msg>
<arg>${password_field}</arg>
<arg>${PASSWORD}</arg>
<doc>Types the given ``text`` into the text field identified by ``locator``.</doc>
<status status="PASS" start="2026-06-20T14:04:49.629039" elapsed="0.097809"/>
</kw>
<kw name="Click Element" owner="SeleniumLibrary">
<msg time="2026-06-20T14:04:49.727866" level="INFO">Clicking element 'xpath=//input[@id='repeatedPassword']'.</msg>
<arg>${confirm_password_field}</arg>
<doc>Click the element identified by ``locator``.</doc>
<status status="PASS" start="2026-06-20T14:04:49.727305" elapsed="0.113999"/>
</kw>
<kw name="Input Text" owner="SeleniumLibrary">
<msg time="2026-06-20T14:04:49.842104" level="INFO">Typing text 'Aayush@08' into text field 'xpath=//input[@id='repeatedPassword']'.</msg>
<arg>${confirm_password_field}</arg>
<arg>${PASSWORD}</arg>
<doc>Types the given ``text`` into the text field identified by ``locator``.</doc>
<status status="PASS" start="2026-06-20T14:04:49.841611" elapsed="0.102090"/>
</kw>
<kw name="Click Button" owner="SeleniumLibrary">
<msg time="2026-06-20T14:04:49.944741" level="INFO">Clicking button 'xpath=//input[@value='Register']'.</msg>
<arg>${reg_btn}</arg>
<doc>Clicks the button identified by ``locator``.</doc>
<status status="PASS" start="2026-06-20T14:04:49.944199" elapsed="0.521840"/>
</kw>
<kw name="Wait Until Element Is Visible" owner="SeleniumLibrary">
<arg>${welcome_msg}</arg>
<doc>Waits until the element ``locator`` is visible.</doc>
<status status="PASS" start="2026-06-20T14:04:50.466444" elapsed="0.066694"/>
</kw>
<doc>Test case to verify login with valid credentials  @</doc>
<status status="PASS" start="2026-06-20T14:04:46.731215" elapsed="3.802280"/>
</kw>
<status status="PASS" start="2026-06-20T14:04:44.990000" elapsed="5.543630"/>
</branch>
<status status="PASS" start="2026-06-20T14:04:44.989908" elapsed="5.543911"/>
</if>
<status status="PASS" start="2026-06-20T14:04:33.641662" elapsed="16.892318"/>
</kw>
<kw name="Click Element" owner="SeleniumLibrary">
<msg time="2026-06-20T14:04:50.534939" level="INFO">Clicking element 'xpath=//a[text()='Open New Account']'.</msg>
<msg time="2026-06-20T14:04:50.713484" level="INFO" html="true">&lt;/td&gt;&lt;/tr&gt;&lt;tr&gt;&lt;td colspan="3"&gt;&lt;a href="20260620_140423-0-selenium-screenshot-2.png"&gt;&lt;img src="20260620_140423-0-selenium-screenshot-2.png" width="800px"&gt;&lt;/a&gt;</msg>
<msg time="2026-06-20T14:04:50.713779" level="FAIL">Element with locator 'xpath=//a[text()='Open New Account']' not found.</msg>
<arg>${open_new_account}</arg>
<doc>Click the element identified by ``locator``.</doc>
<status status="FAIL" start="2026-06-20T14:04:50.534369" elapsed="0.187057">Element with locator 'xpath=//a[text()='Open New Account']' not found.</status>
</kw>
<kw name="Click Element" owner="SeleniumLibrary">
<arg>${account_type_dropdown}</arg>
<doc>Click the element identified by ``locator``.</doc>
<status status="NOT RUN" start="2026-06-20T14:04:50.721875" elapsed="0.000065"/>
</kw>
<kw name="Wait Until Page Contains Element" owner="SeleniumLibrary">
<arg>${savings_option}</arg>
<arg>5s</arg>
<doc>Waits until the element ``locator`` appears on the current page.</doc>
<status status="NOT RUN" start="2026-06-20T14:04:50.722173" elapsed="0.000048"/>
</kw>
<kw name="Sleep" owner="BuiltIn">
<arg>3s</arg>
<doc>Pauses the test executed for the given time.</doc>
<status status="NOT RUN" start="2026-06-20T14:04:50.722438" elapsed="0.000096"/>
</kw>
<kw name="Select From List By Index" owner="SeleniumLibrary">
<arg>${account_type_dropdown}</arg>
<arg>0</arg>
<doc>Selects options from selection list ``locator`` by ``indexes``.</doc>
<status status="NOT RUN" start="2026-06-20T14:04:50.722779" elapsed="0.000047"/>
</kw>
<kw name="Get List Items" owner="SeleniumLibrary">
<var>${accounts}</var>
<arg>id=fromAccountId</arg>
<doc>Returns all labels or values of selection list ``locator``.</doc>
<status status="NOT RUN" start="2026-06-20T14:04:50.722995" elapsed="0.000039"/>
</kw>
<kw name="Sleep" owner="BuiltIn">
<arg>6s</arg>
<doc>Pauses the test executed for the given time.</doc>
<status status="NOT RUN" start="2026-06-20T14:04:50.723192" elapsed="0.000044"/>
</kw>
<kw name="Set Variable" owner="BuiltIn">
<var>${source_account}</var>
<arg>${accounts}[0]</arg>
<doc>Returns the given values which can then be assigned to a variables.</doc>
<status status="NOT RUN" start="2026-06-20T14:04:50.723397" elapsed="0.000039"/>
</kw>
<kw name="Set Suite Variable" owner="BuiltIn">
<arg>${SOURCE_ACCOUNT_NUMBER}</arg>
<arg>${source_account}</arg>
<doc>Makes a variable available everywhere within the scope of the current suite.</doc>
<status status="NOT RUN" start="2026-06-20T14:04:50.723601" elapsed="0.000059"/>
</kw>
<kw name="Click Element" owner="SeleniumLibrary">
<arg>${savings_option}</arg>
<doc>Click the element identified by ``locator``.</doc>
<status status="NOT RUN" start="2026-06-20T14:04:50.723813" elapsed="0.000039"/>
</kw>
<kw name="Sleep" owner="BuiltIn">
<arg>1s</arg>
<doc>Pauses the test executed for the given time.</doc>
<status status="NOT RUN" start="2026-06-20T14:04:50.723987" elapsed="0.000038"/>
</kw>
<kw name="Click Element" owner="SeleniumLibrary">
<arg>${open_new_account_btn}</arg>
<doc>Click the element identified by ``locator``.</doc>
<status status="NOT RUN" start="2026-06-20T14:04:50.724185" elapsed="0.000038"/>
</kw>
<kw name="Sleep" owner="BuiltIn">
<arg>1s</arg>
<doc>Pauses the test executed for the given time.</doc>
<status status="NOT RUN" start="2026-06-20T14:04:50.724374" elapsed="0.000042"/>
</kw>
<kw name="Get Text" owner="SeleniumLibrary">
<var>${account_number}</var>
<arg>xpath=//a[@id="newAccountId"]</arg>
<doc>Returns the text value of the element identified by ``locator``.</doc>
<status status="NOT RUN" start="2026-06-20T14:04:50.724561" elapsed="0.000038"/>
</kw>
<kw name="Set Suite Variable" owner="BuiltIn">
<arg>${SAVINGS_ACCOUNT_NUMBER}</arg>
<arg>${account_number}</arg>
<doc>Makes a variable available everywhere within the scope of the current suite.</doc>
<status status="NOT RUN" start="2026-06-20T14:04:50.724775" elapsed="0.000041"/>
</kw>
<kw name="Log To Console" owner="BuiltIn">
<arg>${SOURCE_ACCOUNT_NUMBER}</arg>
<doc>Logs the given message to the console.</doc>
<status status="NOT RUN" start="2026-06-20T14:04:50.724962" elapsed="0.000038"/>
</kw>
<kw name="Log To Console" owner="BuiltIn">
<arg>${SAVINGS_ACCOUNT_NUMBER}</arg>
<doc>Logs the given message to the console.</doc>
<status status="NOT RUN" start="2026-06-20T14:04:50.725136" elapsed="0.000037"/>
</kw>
<kw name="Wait Until Page Contains Element" owner="SeleniumLibrary">
<arg>${account_open_message}</arg>
<arg>5s</arg>
<doc>Waits until the element ``locator`` appears on the current page.</doc>
<status status="NOT RUN" start="2026-06-20T14:04:50.725323" elapsed="0.000039"/>
</kw>
<doc>This keyword opens a savings account with valid details. @</doc>
<status status="FAIL" start="2026-06-20T14:04:33.639079" elapsed="17.086490">Element with locator 'xpath=//a[text()='Open New Account']' not found.</status>
</kw>
<kw name="Close Application" owner="common_keywords" type="TEARDOWN">
<kw name="Close All Browsers" owner="SeleniumLibrary">
<doc>Closes all open browsers and resets the browser cache.</doc>
<status status="PASS" start="2026-06-20T14:04:50.726830" elapsed="6.413077"/>
</kw>
<doc>Closing the application</doc>
<status status="PASS" start="2026-06-20T14:04:50.726370" elapsed="6.413876"/>
</kw>
<doc>Test to validate that user can create a savings account with valid details</doc>
<status status="FAIL" start="2026-06-20T14:04:26.709163" elapsed="30.431276">Element with locator 'xpath=//a[text()='Open New Account']' not found.</status>
</test>
<status status="FAIL" start="2026-06-20T14:04:26.143000" elapsed="30.441000"/>
</suite>
<suite id="s1-s1-s2" name="TC-AC-UI-02" source="C:\Users\aayus_ucf5jw3\OneDrive\Desktop\ParaBank Sprint\tests\1.ui\TC-AC-UI-02.robot">
<kw name="Load Environment" owner="common_keywords" type="SETUP">
<kw name="Load Env" owner="environment">
<arg>${ENV}</arg>
<status status="PASS" start="2026-06-20T14:04:26.651538" elapsed="0.003321"/>
</kw>
<kw name="Get Env" owner="environment">
<msg time="2026-06-20T14:04:26.655619" level="INFO">${url} = https://parabank.parasoft.com</msg>
<var>${url}</var>
<arg>baseurl</arg>
<status status="PASS" start="2026-06-20T14:04:26.655276" elapsed="0.000454"/>
</kw>
<kw name="Get Env" owner="environment">
<msg time="2026-06-20T14:04:26.656475" level="INFO">${username} = aayushsuwlka080704</msg>
<var>${username}</var>
<arg>username</arg>
<status status="PASS" start="2026-06-20T14:04:26.656087" elapsed="0.000445"/>
</kw>
<kw name="Get Env" owner="environment">
<msg time="2026-06-20T14:04:26.656918" level="INFO">${password} = Aayush@08</msg>
<var>${password}</var>
<arg>password</arg>
<status status="PASS" start="2026-06-20T14:04:26.656716" elapsed="0.000250"/>
</kw>
<kw name="Set Global Variable" owner="BuiltIn">
<msg time="2026-06-20T14:04:26.659062" level="INFO">${BASE_URL} = https://parabank.parasoft.com</msg>
<arg>${BASE_URL}</arg>
<arg>${url}</arg>
<doc>Makes a variable available globally in all tests and suites.</doc>
<status status="PASS" start="2026-06-20T14:04:26.657162" elapsed="0.001991"/>
</kw>
<kw name="Set Global Variable" owner="BuiltIn">
<msg time="2026-06-20T14:04:26.659945" level="INFO">${USERNAME} = aayushsuwlka080704</msg>
<arg>${USERNAME}</arg>
<arg>${username}</arg>
<doc>Makes a variable available globally in all tests and suites.</doc>
<status status="PASS" start="2026-06-20T14:04:26.659378" elapsed="0.000648"/>
</kw>
<kw name="Set Global Variable" owner="BuiltIn">
<msg time="2026-06-20T14:04:26.660716" level="INFO">${PASSWORD} = Aayush@08</msg>
<arg>${PASSWORD}</arg>
<arg>${password}</arg>
<doc>Makes a variable available globally in all tests and suites.</doc>
<status status="PASS" start="2026-06-20T14:04:26.660219" elapsed="0.000568"/>
</kw>
<status status="PASS" start="2026-06-20T14:04:26.649761" elapsed="0.011146"/>
</kw>
<test id="s1-s1-s2-t1" name="TC-AC-UI-01" line="12">
<kw name="Open Application" owner="common_keywords" type="SETUP">
<kw name="Open Browser" owner="SeleniumLibrary">
<msg time="2026-06-20T14:04:26.662545" level="INFO">Opening browser 'chrome' to base url 'https://parabank.parasoft.com'.</msg>
<arg>${BASE_URL}</arg>
<arg>${BROWSER}</arg>
<doc>Opens a new browser instance to the optional ``url``.</doc>
<status status="PASS" start="2026-06-20T14:04:26.662214" elapsed="6.891587"/>
</kw>
<kw name="Maximize Browser Window" owner="SeleniumLibrary">
<doc>Maximizes current browser window.</doc>
<status status="PASS" start="2026-06-20T14:04:33.554441" elapsed="0.094343"/>
</kw>
<doc>Opens the application</doc>
<status status="PASS" start="2026-06-20T14:04:26.661786" elapsed="6.987344"/>
</kw>
<kw name="Open a Checking Account with Valid Details" owner="account_page">
<kw name="Ensure User Is Logged In" owner="common_keywords">
<kw name="Login User" owner="login">
<kw name="Input Text" owner="SeleniumLibrary">
<msg time="2026-06-20T14:04:33.652962" level="INFO">Typing text 'aayushsuwlka080704' into text field 'xpath=//input[@name='username']'.</msg>
<arg>${login_username}</arg>
<arg>${username}</arg>
<doc>Types the given ``text`` into the text field identified by ``locator``.</doc>
<status status="PASS" start="2026-06-20T14:04:33.652148" elapsed="0.403702"/>
</kw>
<kw name="Input Text" owner="SeleniumLibrary">
<msg time="2026-06-20T14:04:34.057054" level="INFO">Typing text 'Aayush@08' into text field 'xpath=//input[@name='password']'.</msg>
<arg>${login_password}</arg>
<arg>${password}</arg>
<doc>Types the given ``text`` into the text field identified by ``locator``.</doc>
<status status="PASS" start="2026-06-20T14:04:34.056362" elapsed="0.143865"/>
</kw>
<kw name="Click Element" owner="SeleniumLibrary">
<msg time="2026-06-20T14:04:34.201381" level="INFO">Clicking element 'xpath=//input[@value='Log In']'.</msg>
<arg>${login_btn}</arg>
<doc>Click the element identified by ``locator``.</doc>
<status status="PASS" start="2026-06-20T14:04:34.200732" elapsed="0.857459"/>
</kw>
<arg>${USERNAME}</arg>
<arg>${PASSWORD}</arg>
<status status="PASS" start="2026-06-20T14:04:33.651203" elapsed="1.407215"/>
</kw>
<kw name="Run Keyword And Return Status" owner="BuiltIn">
<kw name="Wait Until Page Contains" owner="SeleniumLibrary">
<msg time="2026-06-20T14:04:45.328293" level="INFO" html="true">&lt;/td&gt;&lt;/tr&gt;&lt;tr&gt;&lt;td colspan="3"&gt;&lt;a href="20260620_140423-1-selenium-screenshot-1.png"&gt;&lt;img src="20260620_140423-1-selenium-screenshot-1.png" width="800px"&gt;&lt;/a&gt;</msg>
<msg time="2026-06-20T14:04:45.328834" level="FAIL">Text 'Accounts Overview' did not appear in 10 seconds.</msg>
<arg>Accounts Overview</arg>
<arg>10s</arg>
<doc>Waits until ``text`` appears on the current page.</doc>
<status status="FAIL" start="2026-06-20T14:04:35.059643" elapsed="10.273222">Text 'Accounts Overview' did not appear in 10 seconds.</status>
</kw>
<msg time="2026-06-20T14:04:45.333198" level="INFO">${login_success} = False</msg>
<var>${login_success}</var>
<arg>Wait Until Page Contains</arg>
<arg>Accounts Overview</arg>
<arg>10s</arg>
<doc>Runs the specified keyword and returns the status as a Boolean value.</doc>
<status status="PASS" start="2026-06-20T14:04:35.058779" elapsed="10.274480"/>
</kw>
<if>
<branch type="IF" condition="not ${login_success}">
<kw name="Go To" owner="SeleniumLibrary">
<msg time="2026-06-20T14:04:45.334346" level="INFO">Opening url 'https://parabank.parasoft.com'</msg>
<arg>${BASE_URL}</arg>
<doc>Navigates the current browser window to the provided ``url``.</doc>
<status status="PASS" start="2026-06-20T14:04:45.333990" elapsed="1.262367"/>
</kw>
<kw name="Register With Valid Credentials" owner="register_page">
<kw name="Click Element" owner="SeleniumLibrary">
<msg time="2026-06-20T14:04:46.598297" level="INFO">Clicking element 'xpath=//a[text()='Register']'.</msg>
<arg>${register_btn}</arg>
<doc>Click the element identified by ``locator``.</doc>
<status status="PASS" start="2026-06-20T14:04:46.597819" elapsed="0.608917"/>
</kw>
<kw name="Wait Until Element Is Visible" owner="SeleniumLibrary">
<arg>${easy_sign_up}</arg>
<doc>Waits until the element ``locator`` is visible.</doc>
<status status="PASS" start="2026-06-20T14:04:47.207564" elapsed="0.050865"/>
</kw>
<kw name="Click Element" owner="SeleniumLibrary">
<msg time="2026-06-20T14:04:47.259595" level="INFO">Clicking element 'xpath=//input[@id='customer.firstName']'.</msg>
<arg>${first_name_field}</arg>
<doc>Click the element identified by ``locator``.</doc>
<status status="PASS" start="2026-06-20T14:04:47.258913" elapsed="0.180244"/>
</kw>
<kw name="Input Text" owner="SeleniumLibrary">
<msg time="2026-06-20T14:04:47.440654" level="INFO">Typing text 'Aayush' into text field 'xpath=//input[@id='customer.firstName']'.</msg>
<arg>${first_name_field}</arg>
<arg>Aayush</arg>
<doc>Types the given ``text`` into the text field identified by ``locator``.</doc>
<status status="PASS" start="2026-06-20T14:04:47.439890" elapsed="0.127468"/>
</kw>
<kw name="Click Element" owner="SeleniumLibrary">
<msg time="2026-06-20T14:04:47.568245" level="INFO">Clicking element 'xpath=//input[@id='customer.lastName']'.</msg>
<arg>${last_name_field}</arg>
<doc>Click the element identified by ``locator``.</doc>
<status status="PASS" start="2026-06-20T14:04:47.567745" elapsed="0.124760"/>
</kw>
<kw name="Input Text" owner="SeleniumLibrary">
<msg time="2026-06-20T14:04:47.693575" level="INFO">Typing text 'Suwalka' into text field 'xpath=//input[@id='customer.lastName']'.</msg>
<arg>${last_name_field}</arg>
<arg>Suwalka</arg>
<doc>Types the given ``text`` into the text field identified by ``locator``.</doc>
<status status="PASS" start="2026-06-20T14:04:47.692922" elapsed="0.094589"/>
</kw>
<kw name="Click Element" owner="SeleniumLibrary">
<msg time="2026-06-20T14:04:47.788425" level="INFO">Clicking element 'xpath=//input[@id='customer.address.street']'.</msg>
<arg>${address_field}</arg>
<doc>Click the element identified by ``locator``.</doc>
<status status="PASS" start="2026-06-20T14:04:47.787957" elapsed="0.108900"/>
</kw>
<kw name="Input Text" owner="SeleniumLibrary">
<msg time="2026-06-20T14:04:47.897707" level="INFO">Typing text 'B-325, Subhash Nagar' into text field 'xpath=//input[@id='customer.address.street']'.</msg>
<arg>${address_field}</arg>
<arg>B-325, Subhash Nagar</arg>
<doc>Types the given ``text`` into the text field identified by ``locator``.</doc>
<status status="PASS" start="2026-06-20T14:04:47.897293" elapsed="0.112138"/>
</kw>
<kw name="Click Element" owner="SeleniumLibrary">
<msg time="2026-06-20T14:04:48.010463" level="INFO">Clicking element 'xpath=//input[@id='customer.address.city']'.</msg>
<arg>${city_field}</arg>
<doc>Click the element identified by ``locator``.</doc>
<status status="PASS" start="2026-06-20T14:04:48.009949" elapsed="0.111410"/>
</kw>
<kw name="Input Text" owner="SeleniumLibrary">
<msg time="2026-06-20T14:04:48.122240" level="INFO">Typing text 'Bhilwara' into text field 'xpath=//input[@id='customer.address.city']'.</msg>
<arg>${city_field}</arg>
<arg>Bhilwara</arg>
<doc>Types the given ``text`` into the text field identified by ``locator``.</doc>
<status status="PASS" start="2026-06-20T14:04:48.121755" elapsed="0.099282"/>
</kw>
<kw name="Click Element" owner="SeleniumLibrary">
<msg time="2026-06-20T14:04:48.222095" level="INFO">Clicking element 'xpath=//input[@id='customer.address.state']'.</msg>
<arg>${state_field}</arg>
<doc>Click the element identified by ``locator``.</doc>
<status status="PASS" start="2026-06-20T14:04:48.221537" elapsed="0.122391"/>
</kw>
<kw name="Input Text" owner="SeleniumLibrary">
<msg time="2026-06-20T14:04:48.345010" level="INFO">Typing text 'Rajasthan' into text field 'xpath=//input[@id='customer.address.state']'.</msg>
<arg>${state_field}</arg>
<arg>Rajasthan</arg>
<doc>Types the given ``text`` into the text field identified by ``locator``.</doc>
<status status="PASS" start="2026-06-20T14:04:48.344390" elapsed="0.104009"/>
</kw>
<kw name="Click Element" owner="SeleniumLibrary">
<msg time="2026-06-20T14:04:48.450058" level="INFO">Clicking element 'xpath=//input[@id='customer.address.zipCode']'.</msg>
<arg>${zipcode-field}</arg>
<doc>Click the element identified by ``locator``.</doc>
<status status="PASS" start="2026-06-20T14:04:48.449280" elapsed="0.113913"/>
</kw>
<kw name="Input Text" owner="SeleniumLibrary">
<msg time="2026-06-20T14:04:48.564303" level="INFO">Typing text '311001' into text field 'xpath=//input[@id='customer.address.zipCode']'.</msg>
<arg>${zipcode-field}</arg>
<arg>311001</arg>
<doc>Types the given ``text`` into the text field identified by ``locator``.</doc>
<status status="PASS" start="2026-06-20T14:04:48.563647" elapsed="0.116428"/>
</kw>
<kw name="Click Element" owner="SeleniumLibrary">
<msg time="2026-06-20T14:04:48.681287" level="INFO">Clicking element 'xpath=//input[@id='customer.phoneNumber']'.</msg>
<arg>${phone_field}</arg>
<doc>Click the element identified by ``locator``.</doc>
<status status="PASS" start="2026-06-20T14:04:48.680542" elapsed="0.180990"/>
</kw>
<kw name="Input Text" owner="SeleniumLibrary">
<msg time="2026-06-20T14:04:48.862562" level="INFO">Typing text '6350032742' into text field 'xpath=//input[@id='customer.phoneNumber']'.</msg>
<arg>${phone_field}</arg>
<arg>6350032742</arg>
<doc>Types the given ``text`` into the text field identified by ``locator``.</doc>
<status status="PASS" start="2026-06-20T14:04:48.861983" elapsed="0.124789"/>
</kw>
<kw name="Click Element" owner="SeleniumLibrary">
<msg time="2026-06-20T14:04:48.987975" level="INFO">Clicking element 'xpath=//input[@id='customer.ssn']'.</msg>
<arg>${ssn_field}</arg>
<doc>Click the element identified by ``locator``.</doc>
<status status="PASS" start="2026-06-20T14:04:48.987308" elapsed="0.155250"/>
</kw>
<kw name="Input Text" owner="SeleniumLibrary">
<msg time="2026-06-20T14:04:49.143706" level="INFO">Typing text '123456' into text field 'xpath=//input[@id='customer.ssn']'.</msg>
<arg>${ssn_field}</arg>
<arg>123456</arg>
<doc>Types the given ``text`` into the text field identified by ``locator``.</doc>
<status status="PASS" start="2026-06-20T14:04:49.143072" elapsed="0.099908"/>
</kw>
<kw name="Click Element" owner="SeleniumLibrary">
<msg time="2026-06-20T14:04:49.243955" level="INFO">Clicking element 'xpath=//input[@id='customer.username']'.</msg>
<arg>${username_field}</arg>
<doc>Click the element identified by ``locator``.</doc>
<status status="PASS" start="2026-06-20T14:04:49.243384" elapsed="0.106762"/>
</kw>
<kw name="Input Text" owner="SeleniumLibrary">
<msg time="2026-06-20T14:04:49.351303" level="INFO">Typing text 'aayushsuwlka080704' into text field 'xpath=//input[@id='customer.username']'.</msg>
<arg>${username_field}</arg>
<arg>${USERNAME}</arg>
<doc>Types the given ``text`` into the text field identified by ``locator``.</doc>
<status status="PASS" start="2026-06-20T14:04:49.350654" elapsed="0.107370"/>
</kw>
<kw name="Click Element" owner="SeleniumLibrary">
<msg time="2026-06-20T14:04:49.459077" level="INFO">Clicking element 'xpath=//input[@id='customer.password']'.</msg>
<arg>${password_field}</arg>
<doc>Click the element identified by ``locator``.</doc>
<status status="PASS" start="2026-06-20T14:04:49.458564" elapsed="0.112812"/>
</kw>
<kw name="Input Text" owner="SeleniumLibrary">
<msg time="2026-06-20T14:04:49.572370" level="INFO">Typing text 'Aayush@08' into text field 'xpath=//input[@id='customer.password']'.</msg>
<arg>${password_field}</arg>
<arg>${PASSWORD}</arg>
<doc>Types the given ``text`` into the text field identified by ``locator``.</doc>
<status status="PASS" start="2026-06-20T14:04:49.571739" elapsed="0.100115"/>
</kw>
<kw name="Click Element" owner="SeleniumLibrary">
<msg time="2026-06-20T14:04:49.672785" level="INFO">Clicking element 'xpath=//input[@id='repeatedPassword']'.</msg>
<arg>${confirm_password_field}</arg>
<doc>Click the element identified by ``locator``.</doc>
<status status="PASS" start="2026-06-20T14:04:49.672259" elapsed="0.111318"/>
</kw>
<kw name="Input Text" owner="SeleniumLibrary">
<msg time="2026-06-20T14:04:49.784436" level="INFO">Typing text 'Aayush@08' into text field 'xpath=//input[@id='repeatedPassword']'.</msg>
<arg>${confirm_password_field}</arg>
<arg>${PASSWORD}</arg>
<doc>Types the given ``text`` into the text field identified by ``locator``.</doc>
<status status="PASS" start="2026-06-20T14:04:49.783947" elapsed="0.106057"/>
</kw>
<kw name="Click Button" owner="SeleniumLibrary">
<msg time="2026-06-20T14:04:49.891033" level="INFO">Clicking button 'xpath=//input[@value='Register']'.</msg>
<arg>${reg_btn}</arg>
<doc>Clicks the button identified by ``locator``.</doc>
<status status="PASS" start="2026-06-20T14:04:49.890479" elapsed="0.518481"/>
</kw>
<kw name="Wait Until Element Is Visible" owner="SeleniumLibrary">
<arg>${welcome_msg}</arg>
<doc>Waits until the element ``locator`` is visible.</doc>
<status status="PASS" start="2026-06-20T14:04:50.409451" elapsed="1.059761"/>
</kw>
<doc>Test case to verify login with valid credentials  @</doc>
<status status="PASS" start="2026-06-20T14:04:46.597154" elapsed="4.872308"/>
</kw>
<status status="PASS" start="2026-06-20T14:04:45.333495" elapsed="6.136134"/>
</branch>
<status status="PASS" start="2026-06-20T14:04:45.333438" elapsed="6.136347"/>
</if>
<status status="PASS" start="2026-06-20T14:04:33.650662" elapsed="17.819277"/>
</kw>
<kw name="Click Element" owner="SeleniumLibrary">
<msg time="2026-06-20T14:04:51.470637" level="INFO">Clicking element 'xpath=//a[text()='Open New Account']'.</msg>
<arg>${open_new_account}</arg>
<doc>Click the element identified by ``locator``.</doc>
<status status="PASS" start="2026-06-20T14:04:51.470214" elapsed="0.538374"/>
</kw>
<kw name="Click Element" owner="SeleniumLibrary">
<msg time="2026-06-20T14:04:52.009616" level="INFO">Clicking element 'xpath=//select[@id='type']'.</msg>
<arg>${account_type_dropdown}</arg>
<doc>Click the element identified by ``locator``.</doc>
<status status="PASS" start="2026-06-20T14:04:52.009063" elapsed="0.141743"/>
</kw>
<kw name="Wait Until Page Contains Element" owner="SeleniumLibrary">
<arg>${checking_option}</arg>
<arg>5s</arg>
<doc>Waits until the element ``locator`` appears on the current page.</doc>
<status status="PASS" start="2026-06-20T14:04:52.151162" elapsed="0.026484"/>
</kw>
<kw name="Click Element" owner="SeleniumLibrary">
<msg time="2026-06-20T14:04:52.178858" level="INFO">Clicking element 'xpath=//option[@value='0']'.</msg>
<arg>${checking_option}</arg>
<doc>Click the element identified by ``locator``.</doc>
<status status="PASS" start="2026-06-20T14:04:52.178167" elapsed="0.053414"/>
</kw>
<kw name="Sleep" owner="BuiltIn">
<msg time="2026-06-20T14:04:53.233102" level="INFO">Slept 1 second.</msg>
<arg>1s</arg>
<doc>Pauses the test executed for the given time.</doc>
<status status="PASS" start="2026-06-20T14:04:52.231934" elapsed="1.001451"/>
</kw>
<kw name="Click Element" owner="SeleniumLibrary">
<msg time="2026-06-20T14:04:53.234455" level="INFO">Clicking element 'xpath=//input[@value='Open New Account']'.</msg>
<arg>${open_new_account_btn}</arg>
<doc>Click the element identified by ``locator``.</doc>
<status status="PASS" start="2026-06-20T14:04:53.233841" elapsed="0.114286"/>
</kw>
<kw name="Sleep" owner="BuiltIn">
<msg time="2026-06-20T14:04:55.349898" level="INFO">Slept 2 seconds.</msg>
<arg>2s</arg>
<doc>Pauses the test executed for the given time.</doc>
<status status="PASS" start="2026-06-20T14:04:53.348613" elapsed="2.001578"/>
</kw>
<kw name="Wait Until Page Contains Element" owner="SeleniumLibrary">
<arg>${account_open_message}</arg>
<arg>5s</arg>
<doc>Waits until the element ``locator`` appears on the current page.</doc>
<status status="PASS" start="2026-06-20T14:04:55.350644" elapsed="0.019613"/>
</kw>
<doc>This keyword opens a checking account with valid details. @</doc>
<status status="PASS" start="2026-06-20T14:04:33.649839" elapsed="21.720607"/>
</kw>
<kw name="Close Application" owner="common_keywords" type="TEARDOWN">
<kw name="Close All Browsers" owner="SeleniumLibrary">
<doc>Closes all open browsers and resets the browser cache.</doc>
<status status="PASS" start="2026-06-20T14:04:55.371371" elapsed="6.450725"/>
</kw>
<doc>Closing the application</doc>
<status status="PASS" start="2026-06-20T14:04:55.370898" elapsed="6.451488"/>
</kw>
<doc>Test to validate that user can create a checking account with valid details</doc>
<status status="PASS" start="2026-06-20T14:04:26.661043" elapsed="35.161524"/>
</test>
<status status="PASS" start="2026-06-20T14:04:26.152381" elapsed="35.671404"/>
</suite>
<suite id="s1-s1-s3" name="TC-AC-UI-03" source="C:\Users\aayus_ucf5jw3\OneDrive\Desktop\ParaBank Sprint\tests\1.ui\TC-AC-UI-03.robot">
<kw name="Load Environment" owner="common_keywords" type="SETUP">
<kw name="Load Env" owner="environment">
<arg>${ENV}</arg>
<status status="PASS" start="2026-06-20T14:04:58.929981" elapsed="0.003200"/>
</kw>
<kw name="Get Env" owner="environment">
<msg time="2026-06-20T14:04:58.933808" level="INFO">${url} = https://parabank.parasoft.com</msg>
<var>${url}</var>
<arg>baseurl</arg>
<status status="PASS" start="2026-06-20T14:04:58.933534" elapsed="0.000339"/>
</kw>
<kw name="Get Env" owner="environment">
<msg time="2026-06-20T14:04:58.934305" level="INFO">${username} = aayushsuwlka080704</msg>
<var>${username}</var>
<arg>username</arg>
<status status="PASS" start="2026-06-20T14:04:58.934090" elapsed="0.000266"/>
</kw>
<kw name="Get Env" owner="environment">
<msg time="2026-06-20T14:04:58.934761" level="INFO">${password} = Aayush@08</msg>
<var>${password}</var>
<arg>password</arg>
<status status="PASS" start="2026-06-20T14:04:58.934548" elapsed="0.000259"/>
</kw>
<kw name="Set Global Variable" owner="BuiltIn">
<msg time="2026-06-20T14:04:58.936846" level="INFO">${BASE_URL} = https://parabank.parasoft.com</msg>
<arg>${BASE_URL}</arg>
<arg>${url}</arg>
<doc>Makes a variable available globally in all tests and suites.</doc>
<status status="PASS" start="2026-06-20T14:04:58.934994" elapsed="0.001943"/>
</kw>
<kw name="Set Global Variable" owner="BuiltIn">
<msg time="2026-06-20T14:04:58.937670" level="INFO">${USERNAME} = aayushsuwlka080704</msg>
<arg>${USERNAME}</arg>
<arg>${username}</arg>
<doc>Makes a variable available globally in all tests and suites.</doc>
<status status="PASS" start="2026-06-20T14:04:58.937150" elapsed="0.000642"/>
</kw>
<kw name="Set Global Variable" owner="BuiltIn">
<msg time="2026-06-20T14:04:58.938620" level="INFO">${PASSWORD} = Aayush@08</msg>
<arg>${PASSWORD}</arg>
<arg>${password}</arg>
<doc>Makes a variable available globally in all tests and suites.</doc>
<status status="PASS" start="2026-06-20T14:04:58.938020" elapsed="0.000679"/>
</kw>
<status status="PASS" start="2026-06-20T14:04:58.928882" elapsed="0.009966"/>
</kw>
<test id="s1-s1-s3-t1" name="TC-AC-UI-03" line="11">
<kw name="Open Application" owner="common_keywords" type="SETUP">
<kw name="Open Browser" owner="SeleniumLibrary">
<msg time="2026-06-20T14:04:58.941370" level="INFO">Opening browser 'chrome' to base url 'https://parabank.parasoft.com'.</msg>
<arg>${BASE_URL}</arg>
<arg>${BROWSER}</arg>
<doc>Opens a new browser instance to the optional ``url``.</doc>
<status status="PASS" start="2026-06-20T14:04:58.940768" elapsed="6.082728"/>
</kw>
<kw name="Maximize Browser Window" owner="SeleniumLibrary">
<doc>Maximizes current browser window.</doc>
<status status="PASS" start="2026-06-20T14:05:05.023967" elapsed="0.045665"/>
</kw>
<doc>Opens the application</doc>
<status status="PASS" start="2026-06-20T14:04:58.940074" elapsed="6.129863"/>
</kw>
<kw name="Ensure User Is Logged In" owner="common_keywords">
<kw name="Login User" owner="login">
<kw name="Input Text" owner="SeleniumLibrary">
<msg time="2026-06-20T14:05:05.073566" level="INFO">Typing text 'aayushsuwlka080704' into text field 'xpath=//input[@name='username']'.</msg>
<arg>${login_username}</arg>
<arg>${username}</arg>
<doc>Types the given ``text`` into the text field identified by ``locator``.</doc>
<status status="PASS" start="2026-06-20T14:05:05.072366" elapsed="0.329463"/>
</kw>
<kw name="Input Text" owner="SeleniumLibrary">
<msg time="2026-06-20T14:05:05.403088" level="INFO">Typing text 'Aayush@08' into text field 'xpath=//input[@name='password']'.</msg>
<arg>${login_password}</arg>
<arg>${password}</arg>
<doc>Types the given ``text`` into the text field identified by ``locator``.</doc>
<status status="PASS" start="2026-06-20T14:05:05.402352" elapsed="0.150383"/>
</kw>
<kw name="Click Element" owner="SeleniumLibrary">
<msg time="2026-06-20T14:05:05.553830" level="INFO">Clicking element 'xpath=//input[@value='Log In']'.</msg>
<arg>${login_btn}</arg>
<doc>Click the element identified by ``locator``.</doc>
<status status="PASS" start="2026-06-20T14:05:05.553200" elapsed="1.400897"/>
</kw>
<arg>${USERNAME}</arg>
<arg>${PASSWORD}</arg>
<status status="PASS" start="2026-06-20T14:05:05.071545" elapsed="1.882827"/>
</kw>
<kw name="Run Keyword And Return Status" owner="BuiltIn">
<kw name="Wait Until Page Contains" owner="SeleniumLibrary">
<arg>Accounts Overview</arg>
<arg>10s</arg>
<doc>Waits until ``text`` appears on the current page.</doc>
<status status="PASS" start="2026-06-20T14:05:06.955798" elapsed="0.025141"/>
</kw>
<msg time="2026-06-20T14:05:06.981294" level="INFO">${login_success} = True</msg>
<var>${login_success}</var>
<arg>Wait Until Page Contains</arg>
<arg>Accounts Overview</arg>
<arg>10s</arg>
<doc>Runs the specified keyword and returns the status as a Boolean value.</doc>
<status status="PASS" start="2026-06-20T14:05:06.954761" elapsed="0.026600"/>
</kw>
<if>
<branch type="IF" condition="not ${login_success}">
<kw name="Go To" owner="SeleniumLibrary">
<arg>${BASE_URL}</arg>
<doc>Navigates the current browser window to the provided ``url``.</doc>
<status status="NOT RUN" start="2026-06-20T14:05:06.982245" elapsed="0.000082"/>
</kw>
<kw name="Register With Valid Credentials" owner="register_page">
<doc>Test case to verify login with valid credentials  @</doc>
<status status="NOT RUN" start="2026-06-20T14:05:06.982890" elapsed="0.000079"/>
</kw>
<status status="NOT RUN" start="2026-06-20T14:05:06.981652" elapsed="0.001408"/>
</branch>
<status status="PASS" start="2026-06-20T14:05:06.981573" elapsed="0.001640"/>
</if>
<status status="PASS" start="2026-06-20T14:05:05.070667" elapsed="1.912679"/>
</kw>
<kw name="Verify Successful Account Creation" owner="account_page">
<kw name="Click Element" owner="SeleniumLibrary">
<msg time="2026-06-20T14:05:06.984756" level="INFO">Clicking element 'xpath=//a[text()='Open New Account']'.</msg>
<arg>${open_new_account}</arg>
<doc>Click the element identified by ``locator``.</doc>
<status status="PASS" start="2026-06-20T14:05:06.984256" elapsed="0.687735"/>
</kw>
<kw name="Click Element" owner="SeleniumLibrary">
<msg time="2026-06-20T14:05:07.673147" level="INFO">Clicking element 'xpath=//select[@id='type']'.</msg>
<arg>${account_type_dropdown}</arg>
<doc>Click the element identified by ``locator``.</doc>
<status status="PASS" start="2026-06-20T14:05:07.672502" elapsed="0.152144"/>
</kw>
<kw name="Wait Until Page Contains Element" owner="SeleniumLibrary">
<arg>${savings_option}</arg>
<arg>5s</arg>
<doc>Waits until the element ``locator`` appears on the current page.</doc>
<status status="PASS" start="2026-06-20T14:05:07.825116" elapsed="0.023473"/>
</kw>
<kw name="Click Element" owner="SeleniumLibrary">
<msg time="2026-06-20T14:05:07.849717" level="INFO">Clicking element 'xpath=//option[@value='1']'.</msg>
<arg>${savings_option}</arg>
<doc>Click the element identified by ``locator``.</doc>
<status status="PASS" start="2026-06-20T14:05:07.849110" elapsed="0.121456"/>
</kw>
<kw name="Sleep" owner="BuiltIn">
<msg time="2026-06-20T14:05:11.972360" level="INFO">Slept 4 seconds.</msg>
<arg>4s</arg>
<doc>Pauses the test executed for the given time.</doc>
<status status="PASS" start="2026-06-20T14:05:07.971005" elapsed="4.001600"/>
</kw>
<kw name="Click Element" owner="SeleniumLibrary">
<msg time="2026-06-20T14:05:11.973748" level="INFO">Clicking element 'xpath=//input[@value='Open New Account']'.</msg>
<arg>${open_new_account_btn}</arg>
<doc>Click the element identified by ``locator``.</doc>
<status status="PASS" start="2026-06-20T14:05:11.973169" elapsed="0.143172"/>
</kw>
<kw name="Sleep" owner="BuiltIn">
<msg time="2026-06-20T14:05:17.118543" level="INFO">Slept 5 seconds.</msg>
<arg>5s</arg>
<doc>Pauses the test executed for the given time.</doc>
<status status="PASS" start="2026-06-20T14:05:12.117368" elapsed="5.001402"/>
</kw>
<kw name="Wait Until Page Contains Element" owner="SeleniumLibrary">
<arg>${account_open_message}</arg>
<arg>5s</arg>
<doc>Waits until the element ``locator`` appears on the current page.</doc>
<status status="PASS" start="2026-06-20T14:05:17.119191" elapsed="0.020455"/>
</kw>
<doc>This keyword verifies that the account was created successfully. @</doc>
<status status="PASS" start="2026-06-20T14:05:06.983728" elapsed="10.156291"/>
</kw>
<kw name="Close Application" owner="common_keywords" type="TEARDOWN">
<kw name="Close All Browsers" owner="SeleniumLibrary">
<doc>Closes all open browsers and resets the browser cache.</doc>
<status status="PASS" start="2026-06-20T14:05:17.141622" elapsed="8.085753"/>
</kw>
<doc>Closing the application</doc>
<status status="PASS" start="2026-06-20T14:05:17.140759" elapsed="8.086836"/>
</kw>
<doc>Test to validate that user can create a money market account with valid details</doc>
<status status="PASS" start="2026-06-20T14:04:58.938951" elapsed="26.288756"/>
</test>
<status status="PASS" start="2026-06-20T14:04:58.450490" elapsed="26.778189"/>
</suite>
<suite id="s1-s1-s4" name="TC-AO-UI-01" source="C:\Users\aayus_ucf5jw3\OneDrive\Desktop\ParaBank Sprint\tests\1.ui\TC-AO-UI-01.robot">
<kw name="Load Environment" owner="common_keywords" type="SETUP">
<kw name="Load Env" owner="environment">
<arg>${ENV}</arg>
<status status="PASS" start="2026-06-20T14:05:03.648707" elapsed="0.002117"/>
</kw>
<kw name="Get Env" owner="environment">
<msg time="2026-06-20T14:05:03.651402" level="INFO">${url} = https://parabank.parasoft.com</msg>
<var>${url}</var>
<arg>baseurl</arg>
<status status="PASS" start="2026-06-20T14:05:03.651144" elapsed="0.000321"/>
</kw>
<kw name="Get Env" owner="environment">
<msg time="2026-06-20T14:05:03.651864" level="INFO">${username} = aayushsuwlka080704</msg>
<var>${username}</var>
<arg>username</arg>
<status status="PASS" start="2026-06-20T14:05:03.651657" elapsed="0.000258"/>
</kw>
<kw name="Get Env" owner="environment">
<msg time="2026-06-20T14:05:03.652286" level="INFO">${password} = Aayush@08</msg>
<var>${password}</var>
<arg>password</arg>
<status status="PASS" start="2026-06-20T14:05:03.652098" elapsed="0.000233"/>
</kw>
<kw name="Set Global Variable" owner="BuiltIn">
<msg time="2026-06-20T14:05:03.656755" level="INFO">${BASE_URL} = https://parabank.parasoft.com</msg>
<arg>${BASE_URL}</arg>
<arg>${url}</arg>
<doc>Makes a variable available globally in all tests and suites.</doc>
<status status="PASS" start="2026-06-20T14:05:03.652516" elapsed="0.004418"/>
</kw>
<kw name="Set Global Variable" owner="BuiltIn">
<msg time="2026-06-20T14:05:03.657904" level="INFO">${USERNAME} = aayushsuwlka080704</msg>
<arg>${USERNAME}</arg>
<arg>${username}</arg>
<doc>Makes a variable available globally in all tests and suites.</doc>
<status status="PASS" start="2026-06-20T14:05:03.657258" elapsed="0.000739"/>
</kw>
<kw name="Set Global Variable" owner="BuiltIn">
<msg time="2026-06-20T14:05:03.659104" level="INFO">${PASSWORD} = Aayush@08</msg>
<arg>${PASSWORD}</arg>
<arg>${password}</arg>
<doc>Makes a variable available globally in all tests and suites.</doc>
<status status="PASS" start="2026-06-20T14:05:03.658376" elapsed="0.000858"/>
</kw>
<status status="PASS" start="2026-06-20T14:05:03.647666" elapsed="0.011719"/>
</kw>
<test id="s1-s1-s4-t1" name="TC-AO-UI-01" line="11">
<kw name="Open Application" owner="common_keywords" type="SETUP">
<kw name="Open Browser" owner="SeleniumLibrary">
<msg time="2026-06-20T14:05:03.661025" level="INFO">Opening browser 'chrome' to base url 'https://parabank.parasoft.com'.</msg>
<arg>${BASE_URL}</arg>
<arg>${BROWSER}</arg>
<doc>Opens a new browser instance to the optional ``url``.</doc>
<status status="PASS" start="2026-06-20T14:05:03.660668" elapsed="6.544708"/>
</kw>
<kw name="Maximize Browser Window" owner="SeleniumLibrary">
<doc>Maximizes current browser window.</doc>
<status status="PASS" start="2026-06-20T14:05:10.206083" elapsed="0.042118"/>
</kw>
<doc>Opens the application</doc>
<status status="PASS" start="2026-06-20T14:05:03.660249" elapsed="6.588263"/>
</kw>
<kw name="Verify Account Overview Page" owner="account_page">
<kw name="Ensure User Is Logged In" owner="common_keywords">
<kw name="Login User" owner="login">
<kw name="Input Text" owner="SeleniumLibrary">
<msg time="2026-06-20T14:05:10.252751" level="INFO">Typing text 'aayushsuwlka080704' into text field 'xpath=//input[@name='username']'.</msg>
<arg>${login_username}</arg>
<arg>${username}</arg>
<doc>Types the given ``text`` into the text field identified by ``locator``.</doc>
<status status="PASS" start="2026-06-20T14:05:10.251696" elapsed="0.154786"/>
</kw>
<kw name="Input Text" owner="SeleniumLibrary">
<msg time="2026-06-20T14:05:10.407622" level="INFO">Typing text 'Aayush@08' into text field 'xpath=//input[@name='password']'.</msg>
<arg>${login_password}</arg>
<arg>${password}</arg>
<doc>Types the given ``text`` into the text field identified by ``locator``.</doc>
<status status="PASS" start="2026-06-20T14:05:10.406931" elapsed="0.146005"/>
</kw>
<kw name="Click Element" owner="SeleniumLibrary">
<msg time="2026-06-20T14:05:10.554157" level="INFO">Clicking element 'xpath=//input[@value='Log In']'.</msg>
<arg>${login_btn}</arg>
<doc>Click the element identified by ``locator``.</doc>
<status status="PASS" start="2026-06-20T14:05:10.553504" elapsed="3.178303"/>
</kw>
<arg>${USERNAME}</arg>
<arg>${PASSWORD}</arg>
<status status="PASS" start="2026-06-20T14:05:10.250689" elapsed="3.481423"/>
</kw>
<kw name="Run Keyword And Return Status" owner="BuiltIn">
<kw name="Wait Until Page Contains" owner="SeleniumLibrary">
<arg>Accounts Overview</arg>
<arg>10s</arg>
<doc>Waits until ``text`` appears on the current page.</doc>
<status status="PASS" start="2026-06-20T14:05:13.733227" elapsed="0.022304"/>
</kw>
<msg time="2026-06-20T14:05:13.755938" level="INFO">${login_success} = True</msg>
<var>${login_success}</var>
<arg>Wait Until Page Contains</arg>
<arg>Accounts Overview</arg>
<arg>10s</arg>
<doc>Runs the specified keyword and returns the status as a Boolean value.</doc>
<status status="PASS" start="2026-06-20T14:05:13.732465" elapsed="0.023574"/>
</kw>
<if>
<branch type="IF" condition="not ${login_success}">
<kw name="Go To" owner="SeleniumLibrary">
<arg>${BASE_URL}</arg>
<doc>Navigates the current browser window to the provided ``url``.</doc>
<status status="NOT RUN" start="2026-06-20T14:05:13.756959" elapsed="0.000094"/>
</kw>
<kw name="Register With Valid Credentials" owner="register_page">
<doc>Test case to verify login with valid credentials  @</doc>
<status status="NOT RUN" start="2026-06-20T14:05:13.757799" elapsed="0.000115"/>
</kw>
<status status="NOT RUN" start="2026-06-20T14:05:13.756397" elapsed="0.001618"/>
</branch>
<status status="PASS" start="2026-06-20T14:05:13.756302" elapsed="0.001829"/>
</if>
<status status="PASS" start="2026-06-20T14:05:10.249956" elapsed="3.508310"/>
</kw>
<kw name="Click Element" owner="SeleniumLibrary">
<msg time="2026-06-20T14:05:13.759089" level="INFO">Clicking element 'xpath=//a[text()='Accounts Overview']'.</msg>
<arg>${account_overview_link}</arg>
<doc>Click the element identified by ``locator``.</doc>
<status status="PASS" start="2026-06-20T14:05:13.758581" elapsed="1.154641"/>
</kw>
<kw name="Wait Until Page Contains Element" owner="SeleniumLibrary">
<arg>${account_overview_title}</arg>
<arg>5s</arg>
<doc>Waits until the element ``locator`` appears on the current page.</doc>
<status status="PASS" start="2026-06-20T14:05:14.913654" elapsed="0.036592"/>
</kw>
<doc>This keyword verifies that the account overview page is displayed. @</doc>
<status status="PASS" start="2026-06-20T14:05:10.249068" elapsed="4.701997"/>
</kw>
<kw name="Close Application" owner="common_keywords" type="TEARDOWN">
<kw name="Close All Browsers" owner="SeleniumLibrary">
<doc>Closes all open browsers and resets the browser cache.</doc>
<status status="PASS" start="2026-06-20T14:05:14.952292" elapsed="6.388832"/>
</kw>
<doc>Closing the application</doc>
<status status="PASS" start="2026-06-20T14:05:14.951698" elapsed="6.389790"/>
</kw>
<doc>Test to verify Account Overview page</doc>
<status status="PASS" start="2026-06-20T14:05:03.659510" elapsed="17.682116"/>
</test>
<status status="PASS" start="2026-06-20T14:05:03.122878" elapsed="18.219796"/>
</suite>
<suite id="s1-s1-s5" name="TC-AO-UI-02" source="C:\Users\aayus_ucf5jw3\OneDrive\Desktop\ParaBank Sprint\tests\1.ui\TC-AO-UI-02.robot">
<kw name="Load Environment" owner="common_keywords" type="SETUP">
<kw name="Load Env" owner="environment">
<arg>${ENV}</arg>
<status status="PASS" start="2026-06-20T14:05:23.085569" elapsed="0.002174"/>
</kw>
<kw name="Get Env" owner="environment">
<msg time="2026-06-20T14:05:23.088290" level="INFO">${url} = https://parabank.parasoft.com</msg>
<var>${url}</var>
<arg>baseurl</arg>
<status status="PASS" start="2026-06-20T14:05:23.088027" elapsed="0.000328"/>
</kw>
<kw name="Get Env" owner="environment">
<msg time="2026-06-20T14:05:23.088787" level="INFO">${username} = aayushsuwlka080704</msg>
<var>${username}</var>
<arg>username</arg>
<status status="PASS" start="2026-06-20T14:05:23.088582" elapsed="0.000255"/>
</kw>
<kw name="Get Env" owner="environment">
<msg time="2026-06-20T14:05:23.089216" level="INFO">${password} = Aayush@08</msg>
<var>${password}</var>
<arg>password</arg>
<status status="PASS" start="2026-06-20T14:05:23.089024" elapsed="0.000237"/>
</kw>
<kw name="Set Global Variable" owner="BuiltIn">
<msg time="2026-06-20T14:05:23.091335" level="INFO">${BASE_URL} = https://parabank.parasoft.com</msg>
<arg>${BASE_URL}</arg>
<arg>${url}</arg>
<doc>Makes a variable available globally in all tests and suites.</doc>
<status status="PASS" start="2026-06-20T14:05:23.089452" elapsed="0.001972"/>
</kw>
<kw name="Set Global Variable" owner="BuiltIn">
<msg time="2026-06-20T14:05:23.092176" level="INFO">${USERNAME} = aayushsuwlka080704</msg>
<arg>${USERNAME}</arg>
<arg>${username}</arg>
<doc>Makes a variable available globally in all tests and suites.</doc>
<status status="PASS" start="2026-06-20T14:05:23.091634" elapsed="0.000617"/>
</kw>
<kw name="Set Global Variable" owner="BuiltIn">
<msg time="2026-06-20T14:05:23.092942" level="INFO">${PASSWORD} = Aayush@08</msg>
<arg>${PASSWORD}</arg>
<arg>${password}</arg>
<doc>Makes a variable available globally in all tests and suites.</doc>
<status status="PASS" start="2026-06-20T14:05:23.092443" elapsed="0.000576"/>
</kw>
<status status="PASS" start="2026-06-20T14:05:23.084249" elapsed="0.008900"/>
</kw>
<test id="s1-s1-s5-t1" name="TC-AO-UI-02" line="11">
<kw name="Open Application" owner="common_keywords" type="SETUP">
<kw name="Open Browser" owner="SeleniumLibrary">
<msg time="2026-06-20T14:05:23.094764" level="INFO">Opening browser 'chrome' to base url 'https://parabank.parasoft.com'.</msg>
<arg>${BASE_URL}</arg>
<arg>${BROWSER}</arg>
<doc>Opens a new browser instance to the optional ``url``.</doc>
<status status="PASS" start="2026-06-20T14:05:23.094379" elapsed="5.564146"/>
</kw>
<kw name="Maximize Browser Window" owner="SeleniumLibrary">
<doc>Maximizes current browser window.</doc>
<status status="PASS" start="2026-06-20T14:05:28.659115" elapsed="0.050415"/>
</kw>
<doc>Opens the application</doc>
<status status="PASS" start="2026-06-20T14:05:23.093944" elapsed="5.615884"/>
</kw>
<kw name="Verify Account Overview after Account Creation" owner="account_page">
<kw name="Ensure User Is Logged In" owner="common_keywords">
<kw name="Login User" owner="login">
<kw name="Input Text" owner="SeleniumLibrary">
<msg time="2026-06-20T14:05:28.714166" level="INFO">Typing text 'aayushsuwlka080704' into text field 'xpath=//input[@name='username']'.</msg>
<arg>${login_username}</arg>
<arg>${username}</arg>
<doc>Types the given ``text`` into the text field identified by ``locator``.</doc>
<status status="PASS" start="2026-06-20T14:05:28.712986" elapsed="0.226245"/>
</kw>
<kw name="Input Text" owner="SeleniumLibrary">
<msg time="2026-06-20T14:05:28.940169" level="INFO">Typing text 'Aayush@08' into text field 'xpath=//input[@name='password']'.</msg>
<arg>${login_password}</arg>
<arg>${password}</arg>
<doc>Types the given ``text`` into the text field identified by ``locator``.</doc>
<status status="PASS" start="2026-06-20T14:05:28.939630" elapsed="0.173547"/>
</kw>
<kw name="Click Element" owner="SeleniumLibrary">
<msg time="2026-06-20T14:05:29.114358" level="INFO">Clicking element 'xpath=//input[@value='Log In']'.</msg>
<arg>${login_btn}</arg>
<doc>Click the element identified by ``locator``.</doc>
<status status="PASS" start="2026-06-20T14:05:29.113762" elapsed="1.335256"/>
</kw>
<arg>${USERNAME}</arg>
<arg>${PASSWORD}</arg>
<status status="PASS" start="2026-06-20T14:05:28.712106" elapsed="1.737147"/>
</kw>
<kw name="Run Keyword And Return Status" owner="BuiltIn">
<kw name="Wait Until Page Contains" owner="SeleniumLibrary">
<arg>Accounts Overview</arg>
<arg>10s</arg>
<doc>Waits until ``text`` appears on the current page.</doc>
<status status="PASS" start="2026-06-20T14:05:30.450966" elapsed="0.024659"/>
</kw>
<msg time="2026-06-20T14:05:30.475923" level="INFO">${login_success} = True</msg>
<var>${login_success}</var>
<arg>Wait Until Page Contains</arg>
<arg>Accounts Overview</arg>
<arg>10s</arg>
<doc>Runs the specified keyword and returns the status as a Boolean value.</doc>
<status status="PASS" start="2026-06-20T14:05:30.449745" elapsed="0.026233"/>
</kw>
<if>
<branch type="IF" condition="not ${login_success}">
<kw name="Go To" owner="SeleniumLibrary">
<arg>${BASE_URL}</arg>
<doc>Navigates the current browser window to the provided ``url``.</doc>
<status status="NOT RUN" start="2026-06-20T14:05:30.476665" elapsed="0.000057"/>
</kw>
<kw name="Register With Valid Credentials" owner="register_page">
<doc>Test case to verify login with valid credentials  @</doc>
<status status="NOT RUN" start="2026-06-20T14:05:30.477180" elapsed="0.000089"/>
</kw>
<status status="NOT RUN" start="2026-06-20T14:05:30.476220" elapsed="0.001156"/>
</branch>
<status status="PASS" start="2026-06-20T14:05:30.476144" elapsed="0.001315"/>
</if>
<status status="PASS" start="2026-06-20T14:05:28.711369" elapsed="1.766187"/>
</kw>
<kw name="Creating Savings Account" owner="account_page">
<kw name="Click Element" owner="SeleniumLibrary">
<msg time="2026-06-20T14:05:30.478991" level="INFO">Clicking element 'xpath=//a[text()='Open New Account']'.</msg>
<arg>${open_new_account}</arg>
<doc>Click the element identified by ``locator``.</doc>
<status status="PASS" start="2026-06-20T14:05:30.478506" elapsed="0.740798"/>
</kw>
<kw name="Click Element" owner="SeleniumLibrary">
<msg time="2026-06-20T14:05:31.220503" level="INFO">Clicking element 'xpath=//select[@id='type']'.</msg>
<arg>${account_type_dropdown}</arg>
<doc>Click the element identified by ``locator``.</doc>
<status status="PASS" start="2026-06-20T14:05:31.219807" elapsed="0.148785"/>
</kw>
<kw name="Wait Until Page Contains Element" owner="SeleniumLibrary">
<arg>${savings_option}</arg>
<arg>3s</arg>
<doc>Waits until the element ``locator`` appears on the current page.</doc>
<status status="PASS" start="2026-06-20T14:05:31.368977" elapsed="0.026425"/>
</kw>
<kw name="Click Element" owner="SeleniumLibrary">
<msg time="2026-06-20T14:05:31.396731" level="INFO">Clicking element 'xpath=//option[@value='1']'.</msg>
<arg>${savings_option}</arg>
<doc>Click the element identified by ``locator``.</doc>
<status status="PASS" start="2026-06-20T14:05:31.396080" elapsed="0.061044"/>
</kw>
<kw name="Sleep" owner="BuiltIn">
<msg time="2026-06-20T14:05:35.459054" level="INFO">Slept 4 seconds.</msg>
<arg>4s</arg>
<doc>Pauses the test executed for the given time.</doc>
<status status="PASS" start="2026-06-20T14:05:31.457737" elapsed="4.001606"/>
</kw>
<kw name="Click Element" owner="SeleniumLibrary">
<msg time="2026-06-20T14:05:35.460443" level="INFO">Clicking element 'xpath=//input[@value='Open New Account']'.</msg>
<arg>${open_new_account_btn}</arg>
<doc>Click the element identified by ``locator``.</doc>
<status status="PASS" start="2026-06-20T14:05:35.459842" elapsed="0.144869"/>
</kw>
<kw name="Sleep" owner="BuiltIn">
<msg time="2026-06-20T14:05:40.608050" level="INFO">Slept 5 seconds.</msg>
<arg>5s</arg>
<doc>Pauses the test executed for the given time.</doc>
<status status="PASS" start="2026-06-20T14:05:35.605596" elapsed="5.002753"/>
</kw>
<kw name="Wait Until Page Contains Element" owner="SeleniumLibrary">
<arg>${account_open_message}</arg>
<arg>3s</arg>
<doc>Waits until the element ``locator`` appears on the current page.</doc>
<status status="PASS" start="2026-06-20T14:05:40.608934" elapsed="0.018907"/>
</kw>
<doc>This keyword creates a savings account for the user. @</doc>
<status status="PASS" start="2026-06-20T14:05:30.477848" elapsed="10.150275"/>
</kw>
<kw name="Click Element" owner="SeleniumLibrary">
<msg time="2026-06-20T14:05:40.628943" level="INFO">Clicking element 'xpath=//a[text()='Accounts Overview']'.</msg>
<arg>${account_overview_link}</arg>
<doc>Click the element identified by ``locator``.</doc>
<status status="PASS" start="2026-06-20T14:05:40.628439" elapsed="1.268632"/>
</kw>
<kw name="Wait Until Page Contains Element" owner="SeleniumLibrary">
<arg>${account_overview_title}</arg>
<arg>5s</arg>
<doc>Waits until the element ``locator`` appears on the current page.</doc>
<status status="PASS" start="2026-06-20T14:05:41.897616" elapsed="0.026914"/>
</kw>
<doc>This keyword verifies that the accounts created are shown on Account Overview Page @</doc>
<status status="PASS" start="2026-06-20T14:05:28.710299" elapsed="13.214582"/>
</kw>
<kw name="Close Application" owner="common_keywords" type="TEARDOWN">
<kw name="Close All Browsers" owner="SeleniumLibrary">
<doc>Closes all open browsers and resets the browser cache.</doc>
<status status="PASS" start="2026-06-20T14:05:41.926136" elapsed="6.516567"/>
</kw>
<doc>Closing the application</doc>
<status status="PASS" start="2026-06-20T14:05:41.925600" elapsed="6.517374"/>
</kw>
<doc>This tests verify the accounts creation</doc>
<status status="PASS" start="2026-06-20T14:05:23.093261" elapsed="25.349896"/>
</test>
<status status="PASS" start="2026-06-20T14:05:22.614876" elapsed="25.829590"/>
</suite>
<suite id="s1-s1-s6" name="TC-LG-UI-01" source="C:\Users\aayus_ucf5jw3\OneDrive\Desktop\ParaBank Sprint\tests\1.ui\TC-LG-UI-01.robot">
<kw name="Load Environment" owner="common_keywords" type="SETUP">
<kw name="Load Env" owner="environment">
<arg>${ENV}</arg>
<status status="PASS" start="2026-06-20T14:05:26.964514" elapsed="0.002904"/>
</kw>
<kw name="Get Env" owner="environment">
<msg time="2026-06-20T14:05:26.967973" level="INFO">${url} = https://parabank.parasoft.com</msg>
<var>${url}</var>
<arg>baseurl</arg>
<status status="PASS" start="2026-06-20T14:05:26.967686" elapsed="0.000352"/>
</kw>
<kw name="Get Env" owner="environment">
<msg time="2026-06-20T14:05:26.968728" level="INFO">${username} = aayushsuwlka080704</msg>
<var>${username}</var>
<arg>username</arg>
<status status="PASS" start="2026-06-20T14:05:26.968229" elapsed="0.000592"/>
</kw>
<kw name="Get Env" owner="environment">
<msg time="2026-06-20T14:05:26.969441" level="INFO">${password} = Aayush@08</msg>
<var>${password}</var>
<arg>password</arg>
<status status="PASS" start="2026-06-20T14:05:26.969072" elapsed="0.000465"/>
</kw>
<kw name="Set Global Variable" owner="BuiltIn">
<msg time="2026-06-20T14:05:26.972280" level="INFO">${BASE_URL} = https://parabank.parasoft.com</msg>
<arg>${BASE_URL}</arg>
<arg>${url}</arg>
<doc>Makes a variable available globally in all tests and suites.</doc>
<status status="PASS" start="2026-06-20T14:05:26.969864" elapsed="0.002554"/>
</kw>
<kw name="Set Global Variable" owner="BuiltIn">
<msg time="2026-06-20T14:05:26.973206" level="INFO">${USERNAME} = aayushsuwlka080704</msg>
<arg>${USERNAME}</arg>
<arg>${username}</arg>
<doc>Makes a variable available globally in all tests and suites.</doc>
<status status="PASS" start="2026-06-20T14:05:26.972647" elapsed="0.000638"/>
</kw>
<kw name="Set Global Variable" owner="BuiltIn">
<msg time="2026-06-20T14:05:26.973987" level="INFO">${PASSWORD} = Aayush@08</msg>
<arg>${PASSWORD}</arg>
<arg>${password}</arg>
<doc>Makes a variable available globally in all tests and suites.</doc>
<status status="PASS" start="2026-06-20T14:05:26.973496" elapsed="0.000563"/>
</kw>
<status status="PASS" start="2026-06-20T14:05:26.963509" elapsed="0.010675"/>
</kw>
<test id="s1-s1-s6-t1" name="TC-LG-UI-01" line="11">
<kw name="Open Application" owner="common_keywords" type="SETUP">
<kw name="Open Browser" owner="SeleniumLibrary">
<msg time="2026-06-20T14:05:26.975763" level="INFO">Opening browser 'chrome' to base url 'https://parabank.parasoft.com'.</msg>
<arg>${BASE_URL}</arg>
<arg>${BROWSER}</arg>
<doc>Opens a new browser instance to the optional ``url``.</doc>
<status status="PASS" start="2026-06-20T14:05:26.975392" elapsed="4.686674"/>
</kw>
<kw name="Maximize Browser Window" owner="SeleniumLibrary">
<doc>Maximizes current browser window.</doc>
<status status="PASS" start="2026-06-20T14:05:31.662702" elapsed="1.171111"/>
</kw>
<doc>Opens the application</doc>
<status status="PASS" start="2026-06-20T14:05:26.974963" elapsed="5.859225"/>
</kw>
<kw name="Log Out from ParaBank" owner="register_page">
<kw name="Ensure User Is Logged In" owner="common_keywords">
<kw name="Login User" owner="login">
<kw name="Input Text" owner="SeleniumLibrary">
<msg time="2026-06-20T14:05:32.839121" level="INFO">Typing text 'aayushsuwlka080704' into text field 'xpath=//input[@name='username']'.</msg>
<arg>${login_username}</arg>
<arg>${username}</arg>
<doc>Types the given ``text`` into the text field identified by ``locator``.</doc>
<status status="PASS" start="2026-06-20T14:05:32.837113" elapsed="0.168915"/>
</kw>
<kw name="Input Text" owner="SeleniumLibrary">
<msg time="2026-06-20T14:05:33.007331" level="INFO">Typing text 'Aayush@08' into text field 'xpath=//input[@name='password']'.</msg>
<arg>${login_password}</arg>
<arg>${password}</arg>
<doc>Types the given ``text`` into the text field identified by ``locator``.</doc>
<status status="PASS" start="2026-06-20T14:05:33.006487" elapsed="0.156738"/>
</kw>
<kw name="Click Element" owner="SeleniumLibrary">
<msg time="2026-06-20T14:05:33.164278" level="INFO">Clicking element 'xpath=//input[@value='Log In']'.</msg>
<arg>${login_btn}</arg>
<doc>Click the element identified by ``locator``.</doc>
<status status="PASS" start="2026-06-20T14:05:33.163709" elapsed="2.041634"/>
</kw>
<arg>${USERNAME}</arg>
<arg>${PASSWORD}</arg>
<status status="PASS" start="2026-06-20T14:05:32.836290" elapsed="2.369324"/>
</kw>
<kw name="Run Keyword And Return Status" owner="BuiltIn">
<kw name="Wait Until Page Contains" owner="SeleniumLibrary">
<arg>Accounts Overview</arg>
<arg>10s</arg>
<doc>Waits until ``text`` appears on the current page.</doc>
<status status="PASS" start="2026-06-20T14:05:35.208529" elapsed="0.035748"/>
</kw>
<msg time="2026-06-20T14:05:35.244717" level="INFO">${login_success} = True</msg>
<var>${login_success}</var>
<arg>Wait Until Page Contains</arg>
<arg>Accounts Overview</arg>
<arg>10s</arg>
<doc>Runs the specified keyword and returns the status as a Boolean value.</doc>
<status status="PASS" start="2026-06-20T14:05:35.205998" elapsed="0.038823"/>
</kw>
<if>
<branch type="IF" condition="not ${login_success}">
<kw name="Go To" owner="SeleniumLibrary">
<arg>${BASE_URL}</arg>
<doc>Navigates the current browser window to the provided ``url``.</doc>
<status status="NOT RUN" start="2026-06-20T14:05:35.245898" elapsed="0.000106"/>
</kw>
<kw name="Register With Valid Credentials" owner="register_page">
<doc>Test case to verify login with valid credentials  @</doc>
<status status="NOT RUN" start="2026-06-20T14:05:35.246813" elapsed="0.000101"/>
</kw>
<status status="NOT RUN" start="2026-06-20T14:05:35.245193" elapsed="0.001853"/>
</branch>
<status status="PASS" start="2026-06-20T14:05:35.245092" elapsed="0.002106"/>
</if>
<status status="PASS" start="2026-06-20T14:05:32.835609" elapsed="2.411777"/>
</kw>
<kw name="Click Element" owner="SeleniumLibrary">
<msg time="2026-06-20T14:05:35.248258" level="INFO">Clicking element 'xpath=//a[text()='Log Out']'.</msg>
<arg>${logout_btn}</arg>
<doc>Click the element identified by ``locator``.</doc>
<status status="PASS" start="2026-06-20T14:05:35.247716" elapsed="1.531632"/>
</kw>
<kw name="Wait Until Page Contains Element" owner="SeleniumLibrary">
<arg>${customer_login}</arg>
<arg>5s</arg>
<doc>Waits until the element ``locator`` appears on the current page.</doc>
<status status="PASS" start="2026-06-20T14:05:36.779810" elapsed="0.023996"/>
</kw>
<doc>Testcases to verify the logout process from ParaBank @</doc>
<status status="PASS" start="2026-06-20T14:05:32.834717" elapsed="3.969385"/>
</kw>
<kw name="Close Application" owner="common_keywords" type="TEARDOWN">
<kw name="Close All Browsers" owner="SeleniumLibrary">
<doc>Closes all open browsers and resets the browser cache.</doc>
<status status="PASS" start="2026-06-20T14:05:36.805498" elapsed="6.330051"/>
</kw>
<doc>Closing the application</doc>
<status status="PASS" start="2026-06-20T14:05:36.804637" elapsed="6.331178"/>
</kw>
<doc>Test to verify the Log Out Button</doc>
<status status="PASS" start="2026-06-20T14:05:26.974296" elapsed="16.161682"/>
</test>
<status status="PASS" start="2026-06-20T14:05:26.489764" elapsed="16.647269"/>
</suite>
<suite id="s1-s1-s7" name="TC-REG-UI-01" source="C:\Users\aayus_ucf5jw3\OneDrive\Desktop\ParaBank Sprint\tests\1.ui\TC-REG-UI-01.robot">
<kw name="Load Environment" owner="common_keywords" type="SETUP">
<kw name="Load Env" owner="environment">
<arg>${ENV}</arg>
<status status="PASS" start="2026-06-20T14:05:44.895416" elapsed="0.002046"/>
</kw>
<kw name="Get Env" owner="environment">
<msg time="2026-06-20T14:05:44.898488" level="INFO">${url} = https://parabank.parasoft.com</msg>
<var>${url}</var>
<arg>baseurl</arg>
<status status="PASS" start="2026-06-20T14:05:44.898078" elapsed="0.000526"/>
</kw>
<kw name="Get Env" owner="environment">
<msg time="2026-06-20T14:05:44.899308" level="INFO">${username} = aayushsuwlka080704</msg>
<var>${username}</var>
<arg>username</arg>
<status status="PASS" start="2026-06-20T14:05:44.898950" elapsed="0.000421"/>
</kw>
<kw name="Get Env" owner="environment">
<msg time="2026-06-20T14:05:44.899760" level="INFO">${password} = Aayush@08</msg>
<var>${password}</var>
<arg>password</arg>
<status status="PASS" start="2026-06-20T14:05:44.899554" elapsed="0.000254"/>
</kw>
<kw name="Set Global Variable" owner="BuiltIn">
<msg time="2026-06-20T14:05:44.901846" level="INFO">${BASE_URL} = https://parabank.parasoft.com</msg>
<arg>${BASE_URL}</arg>
<arg>${url}</arg>
<doc>Makes a variable available globally in all tests and suites.</doc>
<status status="PASS" start="2026-06-20T14:05:44.899997" elapsed="0.001945"/>
</kw>
<kw name="Set Global Variable" owner="BuiltIn">
<msg time="2026-06-20T14:05:44.902719" level="INFO">${USERNAME} = aayushsuwlka080704</msg>
<arg>${USERNAME}</arg>
<arg>${username}</arg>
<doc>Makes a variable available globally in all tests and suites.</doc>
<status status="PASS" start="2026-06-20T14:05:44.902155" elapsed="0.000644"/>
</kw>
<kw name="Set Global Variable" owner="BuiltIn">
<msg time="2026-06-20T14:05:44.903504" level="INFO">${PASSWORD} = Aayush@08</msg>
<arg>${PASSWORD}</arg>
<arg>${password}</arg>
<doc>Makes a variable available globally in all tests and suites.</doc>
<status status="PASS" start="2026-06-20T14:05:44.902992" elapsed="0.000589"/>
</kw>
<status status="PASS" start="2026-06-20T14:05:44.894386" elapsed="0.009320"/>
</kw>
<test id="s1-s1-s7-t1" name="TC-REG-UI-01" line="12">
<kw name="Open Application" owner="common_keywords" type="SETUP">
<kw name="Open Browser" owner="SeleniumLibrary">
<msg time="2026-06-20T14:05:44.905317" level="INFO">Opening browser 'chrome' to base url 'https://parabank.parasoft.com'.</msg>
<arg>${BASE_URL}</arg>
<arg>${BROWSER}</arg>
<doc>Opens a new browser instance to the optional ``url``.</doc>
<status status="PASS" start="2026-06-20T14:05:44.904962" elapsed="5.249648"/>
</kw>
<kw name="Maximize Browser Window" owner="SeleniumLibrary">
<doc>Maximizes current browser window.</doc>
<status status="PASS" start="2026-06-20T14:05:50.155303" elapsed="0.037498"/>
</kw>
<doc>Opens the application</doc>
<status status="PASS" start="2026-06-20T14:05:44.904540" elapsed="5.288573"/>
</kw>
<kw name="Register With Valid Credentials" owner="register_page">
<kw name="Click Element" owner="SeleniumLibrary">
<msg time="2026-06-20T14:05:50.195334" level="INFO">Clicking element 'xpath=//a[text()='Register']'.</msg>
<arg>${register_btn}</arg>
<doc>Click the element identified by ``locator``.</doc>
<status status="PASS" start="2026-06-20T14:05:50.194490" elapsed="2.480309"/>
</kw>
<kw name="Wait Until Element Is Visible" owner="SeleniumLibrary">
<arg>${easy_sign_up}</arg>
<doc>Waits until the element ``locator`` is visible.</doc>
<status status="PASS" start="2026-06-20T14:05:52.675369" elapsed="0.061726"/>
</kw>
<kw name="Click Element" owner="SeleniumLibrary">
<msg time="2026-06-20T14:05:52.737800" level="INFO">Clicking element 'xpath=//input[@id='customer.firstName']'.</msg>
<arg>${first_name_field}</arg>
<doc>Click the element identified by ``locator``.</doc>
<status status="PASS" start="2026-06-20T14:05:52.737392" elapsed="0.143393"/>
</kw>
<kw name="Input Text" owner="SeleniumLibrary">
<msg time="2026-06-20T14:05:52.882536" level="INFO">Typing text 'Aayush' into text field 'xpath=//input[@id='customer.firstName']'.</msg>
<arg>${first_name_field}</arg>
<arg>Aayush</arg>
<doc>Types the given ``text`` into the text field identified by ``locator``.</doc>
<status status="PASS" start="2026-06-20T14:05:52.881336" elapsed="0.135194"/>
</kw>
<kw name="Click Element" owner="SeleniumLibrary">
<msg time="2026-06-20T14:05:53.017268" level="INFO">Clicking element 'xpath=//input[@id='customer.lastName']'.</msg>
<arg>${last_name_field}</arg>
<doc>Click the element identified by ``locator``.</doc>
<status status="PASS" start="2026-06-20T14:05:53.016844" elapsed="0.113458"/>
</kw>
<kw name="Input Text" owner="SeleniumLibrary">
<msg time="2026-06-20T14:05:53.131242" level="INFO">Typing text 'Suwalka' into text field 'xpath=//input[@id='customer.lastName']'.</msg>
<arg>${last_name_field}</arg>
<arg>Suwalka</arg>
<doc>Types the given ``text`` into the text field identified by ``locator``.</doc>
<status status="PASS" start="2026-06-20T14:05:53.130708" elapsed="0.099057"/>
</kw>
<kw name="Click Element" owner="SeleniumLibrary">
<msg time="2026-06-20T14:05:53.230486" level="INFO">Clicking element 'xpath=//input[@id='customer.address.street']'.</msg>
<arg>${address_field}</arg>
<doc>Click the element identified by ``locator``.</doc>
<status status="PASS" start="2026-06-20T14:05:53.230066" elapsed="0.105400"/>
</kw>
<kw name="Input Text" owner="SeleniumLibrary">
<msg time="2026-06-20T14:05:53.336378" level="INFO">Typing text 'B-325, Subhash Nagar' into text field 'xpath=//input[@id='customer.address.street']'.</msg>
[...]
</kw>
<kw name="Click Element" owner="SeleniumLibrary">
<msg time="2026-06-20T14:08:45.060602" level="INFO">Clicking element 'xpath=//a[text()='Transfer Funds']'.</msg>
<arg>${transfer_funds_link}</arg>
<doc>Click the element identified by ``locator``.</doc>
<status status="PASS" start="2026-06-20T14:08:45.060390" elapsed="0.807768"/>
</kw>
<kw name="Wait Until Page Contains Element" owner="SeleniumLibrary">
<arg>${amount_field}</arg>
<arg>2s</arg>
<doc>Waits until the element ``locator`` appears on the current page.</doc>
<status status="PASS" start="2026-06-20T14:08:45.868420" elapsed="0.010125"/>
</kw>
<kw name="Input Text" owner="SeleniumLibrary">
<msg time="2026-06-20T14:08:45.879003" level="INFO">Typing text '-200' into text field 'xpath=//input[@id='amount']'.</msg>
<arg>${amount_field}</arg>
<arg>-200</arg>
<doc>Types the given ``text`` into the text field identified by ``locator``.</doc>
<status status="PASS" start="2026-06-20T14:08:45.878755" elapsed="0.057791"/>
</kw>
<kw name="Click Element" owner="SeleniumLibrary">
<msg time="2026-06-20T14:08:45.937231" level="INFO">Clicking element 'xpath=//select[@id='fromAccountId']'.</msg>
<arg>${from_account}</arg>
<doc>Click the element identified by ``locator``.</doc>
<status status="PASS" start="2026-06-20T14:08:45.936919" elapsed="0.068809"/>
</kw>
<kw name="Sleep" owner="BuiltIn">
<msg time="2026-06-20T14:08:50.007345" level="INFO">Slept 4 seconds.</msg>
<arg>4s</arg>
<doc>Pauses the test executed for the given time.</doc>
<status status="PASS" start="2026-06-20T14:08:46.006021" elapsed="4.001516"/>
</kw>
<kw name="Select From List By Index" owner="SeleniumLibrary">
<msg time="2026-06-20T14:08:50.008042" level="INFO">Selecting options from selection list 'xpath=//select[@id='fromAccountId']' by index 0.</msg>
<arg>${from_account}</arg>
<arg>0</arg>
<doc>Selects options from selection list ``locator`` by ``indexes``.</doc>
<status status="PASS" start="2026-06-20T14:08:50.007769" elapsed="0.036187"/>
</kw>
<kw name="Click Element" owner="SeleniumLibrary">
<msg time="2026-06-20T14:08:50.044587" level="INFO">Clicking element 'xpath=//select[@id='toAccountId']'.</msg>
<arg>${to_account}</arg>
<doc>Click the element identified by ``locator``.</doc>
<status status="PASS" start="2026-06-20T14:08:50.044244" elapsed="0.053353"/>
</kw>
<kw name="Sleep" owner="BuiltIn">
<msg time="2026-06-20T14:08:54.098666" level="INFO">Slept 4 seconds.</msg>
<arg>4s</arg>
<doc>Pauses the test executed for the given time.</doc>
<status status="PASS" start="2026-06-20T14:08:50.097845" elapsed="4.001029"/>
</kw>
<kw name="Select From List By Index" owner="SeleniumLibrary">
<msg time="2026-06-20T14:08:54.099579" level="INFO">Selecting options from selection list 'xpath=//select[@id='toAccountId']' by index 1.</msg>
<arg>${to_account}</arg>
<arg>1</arg>
<doc>Selects options from selection list ``locator`` by ``indexes``.</doc>
<status status="PASS" start="2026-06-20T14:08:54.099193" elapsed="0.044827"/>
</kw>
<kw name="Sleep" owner="BuiltIn">
<msg time="2026-06-20T14:08:58.144834" level="INFO">Slept 4 seconds.</msg>
<arg>4s</arg>
<doc>Pauses the test executed for the given time.</doc>
<status status="PASS" start="2026-06-20T14:08:54.144227" elapsed="4.000800"/>
</kw>
<kw name="Click Element" owner="SeleniumLibrary">
<msg time="2026-06-20T14:08:58.145726" level="INFO">Clicking element 'xpath=//input[@value='Transfer']'.</msg>
<arg>${transfer_btn}</arg>
<doc>Click the element identified by ``locator``.</doc>
<status status="PASS" start="2026-06-20T14:08:58.145341" elapsed="0.053607"/>
</kw>
<kw name="Wait Until Page Contains Element" owner="SeleniumLibrary">
<arg>${transfer_complete_message}</arg>
<arg>5s</arg>
<doc>Waits until the element ``locator`` appears on the current page.</doc>
<status status="PASS" start="2026-06-20T14:08:58.199148" elapsed="0.007308"/>
</kw>
<kw name="Sleep" owner="BuiltIn">
<msg time="2026-06-20T14:09:02.207258" level="INFO">Slept 4 seconds.</msg>
<arg>4s</arg>
<doc>Pauses the test executed for the given time.</doc>
<status status="PASS" start="2026-06-20T14:08:58.206662" elapsed="4.000802"/>
</kw>
<doc>This keyword transfers funds between two accounts.</doc>
<status status="PASS" start="2026-06-20T14:08:33.183611" elapsed="29.024022"/>
</kw>
<kw name="Close Application" owner="common_keywords" type="TEARDOWN">
<kw name="Close All Browsers" owner="SeleniumLibrary">
<doc>Closes all open browsers and resets the browser cache.</doc>
<status status="PASS" start="2026-06-20T14:09:02.211258" elapsed="6.188589"/>
</kw>
<doc>Closing the application</doc>
<status status="PASS" start="2026-06-20T14:09:02.208017" elapsed="6.191960"/>
</kw>
<doc>Test to validate that user cannot transfer funds with invalid amount</doc>
<status status="PASS" start="2026-06-20T14:08:27.353684" elapsed="41.046365"/>
</test>
<status status="PASS" start="2026-06-20T14:08:27.087314" elapsed="41.313284"/>
</suite>
<suite id="s1-s4-s6" name="TC-TF-NEG-02" source="C:\Users\aayus_ucf5jw3\OneDrive\Desktop\ParaBank Sprint\tests\negative\TC-TF-NEG-02.robot">
<kw name="Load Environment" owner="common_keywords" type="SETUP">
<kw name="Load Env" owner="environment">
<arg>${ENV}</arg>
<status status="PASS" start="2026-06-20T14:08:35.090059" elapsed="0.001193"/>
</kw>
<kw name="Get Env" owner="environment">
<msg time="2026-06-20T14:08:35.091581" level="INFO">${url} = https://parabank.parasoft.com</msg>
<var>${url}</var>
<arg>baseurl</arg>
<status status="PASS" start="2026-06-20T14:08:35.091415" elapsed="0.000204"/>
</kw>
<kw name="Get Env" owner="environment">
<msg time="2026-06-20T14:08:35.091854" level="INFO">${username} = aayushsuwlka080704</msg>
<var>${username}</var>
<arg>username</arg>
<status status="PASS" start="2026-06-20T14:08:35.091739" elapsed="0.000143"/>
</kw>
<kw name="Get Env" owner="environment">
<msg time="2026-06-20T14:08:35.092076" level="INFO">${password} = Aayush@08</msg>
<var>${password}</var>
<arg>password</arg>
<status status="PASS" start="2026-06-20T14:08:35.091975" elapsed="0.000125"/>
</kw>
<kw name="Set Global Variable" owner="BuiltIn">
<msg time="2026-06-20T14:08:35.093369" level="INFO">${BASE_URL} = https://parabank.parasoft.com</msg>
<arg>${BASE_URL}</arg>
<arg>${url}</arg>
<doc>Makes a variable available globally in all tests and suites.</doc>
<status status="PASS" start="2026-06-20T14:08:35.092210" elapsed="0.001211"/>
</kw>
<kw name="Set Global Variable" owner="BuiltIn">
<msg time="2026-06-20T14:08:35.093846" level="INFO">${USERNAME} = aayushsuwlka080704</msg>
<arg>${USERNAME}</arg>
<arg>${username}</arg>
<doc>Makes a variable available globally in all tests and suites.</doc>
<status status="PASS" start="2026-06-20T14:08:35.093542" elapsed="0.000346"/>
</kw>
<kw name="Set Global Variable" owner="BuiltIn">
<msg time="2026-06-20T14:08:35.094288" level="INFO">${PASSWORD} = Aayush@08</msg>
<arg>${PASSWORD}</arg>
<arg>${password}</arg>
<doc>Makes a variable available globally in all tests and suites.</doc>
<status status="PASS" start="2026-06-20T14:08:35.094010" elapsed="0.000319"/>
</kw>
<status status="PASS" start="2026-06-20T14:08:35.089454" elapsed="0.004951"/>
</kw>
<test id="s1-s4-s6-t1" name="TC-TF-NEG-01" line="11">
<kw name="Open Application" owner="common_keywords" type="SETUP">
<kw name="Open Browser" owner="SeleniumLibrary">
<msg time="2026-06-20T14:08:35.095628" level="INFO">Opening browser 'chrome' to base url 'https://parabank.parasoft.com'.</msg>
<arg>${BASE_URL}</arg>
<arg>${BROWSER}</arg>
<doc>Opens a new browser instance to the optional ``url``.</doc>
<status status="PASS" start="2026-06-20T14:08:35.095391" elapsed="3.207147"/>
</kw>
<kw name="Maximize Browser Window" owner="SeleniumLibrary">
<doc>Maximizes current browser window.</doc>
<status status="PASS" start="2026-06-20T14:08:38.302823" elapsed="0.030713"/>
</kw>
<doc>Opens the application</doc>
<status status="PASS" start="2026-06-20T14:08:35.094979" elapsed="3.238822"/>
</kw>
<kw name="Transfer Funds with Zero Amount in same Account" owner="transferfunds_page">
<kw name="Ensure User Is Logged In" owner="common_keywords">
<kw name="Login User" owner="login">
<kw name="Input Text" owner="SeleniumLibrary">
<msg time="2026-06-20T14:08:38.336037" level="INFO">Typing text 'aayushsuwlka080704' into text field 'xpath=//input[@name='username']'.</msg>
<arg>${login_username}</arg>
<arg>${username}</arg>
<doc>Types the given ``text`` into the text field identified by ``locator``.</doc>
<status status="PASS" start="2026-06-20T14:08:38.335620" elapsed="0.088858"/>
</kw>
<kw name="Input Text" owner="SeleniumLibrary">
<msg time="2026-06-20T14:08:38.425268" level="INFO">Typing text 'Aayush@08' into text field 'xpath=//input[@name='password']'.</msg>
<arg>${login_password}</arg>
<arg>${password}</arg>
<doc>Types the given ``text`` into the text field identified by ``locator``.</doc>
<status status="PASS" start="2026-06-20T14:08:38.424787" elapsed="0.091134"/>
</kw>
<kw name="Click Element" owner="SeleniumLibrary">
<msg time="2026-06-20T14:08:38.516481" level="INFO">Clicking element 'xpath=//input[@value='Log In']'.</msg>
<arg>${login_btn}</arg>
<doc>Click the element identified by ``locator``.</doc>
<status status="PASS" start="2026-06-20T14:08:38.516152" elapsed="0.915472"/>
</kw>
<arg>${USERNAME}</arg>
<arg>${PASSWORD}</arg>
<status status="PASS" start="2026-06-20T14:08:38.335253" elapsed="1.096507"/>
</kw>
<kw name="Run Keyword And Return Status" owner="BuiltIn">
<kw name="Wait Until Page Contains" owner="SeleniumLibrary">
<arg>Accounts Overview</arg>
<arg>10s</arg>
<doc>Waits until ``text`` appears on the current page.</doc>
<status status="PASS" start="2026-06-20T14:08:39.432635" elapsed="0.012460"/>
</kw>
<msg time="2026-06-20T14:08:39.445266" level="INFO">${login_success} = True</msg>
<var>${login_success}</var>
<arg>Wait Until Page Contains</arg>
<arg>Accounts Overview</arg>
<arg>10s</arg>
<doc>Runs the specified keyword and returns the status as a Boolean value.</doc>
<status status="PASS" start="2026-06-20T14:08:39.431973" elapsed="0.013327"/>
</kw>
<if>
<branch type="IF" condition="not ${login_success}">
<kw name="Go To" owner="SeleniumLibrary">
<arg>${BASE_URL}</arg>
<doc>Navigates the current browser window to the provided ``url``.</doc>
<status status="NOT RUN" start="2026-06-20T14:08:39.445728" elapsed="0.000034"/>
</kw>
<kw name="Register With Valid Credentials" owner="register_page">
<doc>Test case to verify login with valid credentials  @</doc>
<status status="NOT RUN" start="2026-06-20T14:08:39.446011" elapsed="0.000033"/>
</kw>
<status status="NOT RUN" start="2026-06-20T14:08:39.445434" elapsed="0.000647"/>
</branch>
<status status="PASS" start="2026-06-20T14:08:39.445395" elapsed="0.000733"/>
</if>
<status status="PASS" start="2026-06-20T14:08:38.334796" elapsed="1.111393"/>
</kw>
<kw name="Click Element" owner="SeleniumLibrary">
<msg time="2026-06-20T14:08:39.446509" level="INFO">Clicking element 'xpath=//a[text()='Transfer Funds']'.</msg>
<arg>${transfer_funds_link}</arg>
<doc>Click the element identified by ``locator``.</doc>
<status status="PASS" start="2026-06-20T14:08:39.446295" elapsed="0.369785"/>
</kw>
<kw name="Wait Until Page Contains Element" owner="SeleniumLibrary">
<arg>${amount_field}</arg>
<arg>2s</arg>
<doc>Waits until the element ``locator`` appears on the current page.</doc>
<status status="PASS" start="2026-06-20T14:08:39.816358" elapsed="0.010364"/>
</kw>
<kw name="Input Text" owner="SeleniumLibrary">
<msg time="2026-06-20T14:08:39.827215" level="INFO">Typing text '0' into text field 'xpath=//input[@id='amount']'.</msg>
<arg>${amount_field}</arg>
<arg>0</arg>
<doc>Types the given ``text`` into the text field identified by ``locator``.</doc>
<status status="PASS" start="2026-06-20T14:08:39.826959" elapsed="0.059626"/>
</kw>
<kw name="Click Element" owner="SeleniumLibrary">
<msg time="2026-06-20T14:08:39.887289" level="INFO">Clicking element 'xpath=//input[@value='Transfer']'.</msg>
<arg>${transfer_btn}</arg>
<doc>Click the element identified by ``locator``.</doc>
<status status="PASS" start="2026-06-20T14:08:39.886913" elapsed="0.062140"/>
</kw>
<kw name="Wait Until Page Contains Element" owner="SeleniumLibrary">
<arg>${transfer_complete_message}</arg>
<arg>5s</arg>
<doc>Waits until the element ``locator`` appears on the current page.</doc>
<status status="PASS" start="2026-06-20T14:08:39.949570" elapsed="0.010386"/>
</kw>
<status status="PASS" start="2026-06-20T14:08:38.334217" elapsed="1.625883"/>
</kw>
<kw name="Close Application" owner="common_keywords" type="TEARDOWN">
<kw name="Close All Browsers" owner="SeleniumLibrary">
<doc>Closes all open browsers and resets the browser cache.</doc>
<status status="PASS" start="2026-06-20T14:08:39.960820" elapsed="6.218032"/>
</kw>
<doc>Closing the application</doc>
<status status="PASS" start="2026-06-20T14:08:39.960471" elapsed="6.218529"/>
</kw>
<doc>Test to validate that user cannot transfer funds with invalid amount</doc>
<status status="PASS" start="2026-06-20T14:08:35.094475" elapsed="11.084600"/>
</test>
<status status="PASS" start="2026-06-20T14:08:34.835644" elapsed="11.343988"/>
</suite>
<status status="PASS" start="2026-06-20T14:07:48.696000" elapsed="79.705000"/>
</suite>
<status status="FAIL" start="2026-06-20T14:04:26.061000" elapsed="282.340000"/>
</suite>
<statistics>
<total>
<stat pass="21" fail="1" skip="0">All Tests</stat>
</total>
<tag>
</tag>
<suite>
<stat name="Tests" id="s1" pass="21" fail="1" skip="0">Tests</stat>
<stat name="1.Ui" id="s1-s1" pass="8" fail="1" skip="0">Tests.1.Ui</stat>
<stat name="TC-AC-UI-01" id="s1-s1-s1" pass="0" fail="1" skip="0">Tests.1.Ui.TC-AC-UI-01</stat>
<stat name="TC-AC-UI-02" id="s1-s1-s2" pass="1" fail="0" skip="0">Tests.1.Ui.TC-AC-UI-02</stat>
<stat name="TC-AC-UI-03" id="s1-s1-s3" pass="1" fail="0" skip="0">Tests.1.Ui.TC-AC-UI-03</stat>
<stat name="TC-AO-UI-01" id="s1-s1-s4" pass="1" fail="0" skip="0">Tests.1.Ui.TC-AO-UI-01</stat>
<stat name="TC-AO-UI-02" id="s1-s1-s5" pass="1" fail="0" skip="0">Tests.1.Ui.TC-AO-UI-02</stat>
<stat name="TC-LG-UI-01" id="s1-s1-s6" pass="1" fail="0" skip="0">Tests.1.Ui.TC-LG-UI-01</stat>
<stat name="TC-REG-UI-01" id="s1-s1-s7" pass="1" fail="0" skip="0">Tests.1.Ui.TC-REG-UI-01</stat>
<stat name="TC-REG-UI-03" id="s1-s1-s8" pass="1" fail="0" skip="0">Tests.1.Ui.TC-REG-UI-03</stat>
<stat name="TC-TF-UI-01" id="s1-s1-s9" pass="1" fail="0" skip="0">Tests.1.Ui.TC-TF-UI-01</stat>
<stat name="Api" id="s1-s2" pass="5" fail="0" skip="0">Tests.Api</stat>
<stat name="TC-API-01" id="s1-s2-s1" pass="1" fail="0" skip="0">Tests.Api.TC-API-01</stat>
<stat name="TC-API-02" id="s1-s2-s2" pass="1" fail="0" skip="0">Tests.Api.TC-API-02</stat>
<stat name="TC-API-03" id="s1-s2-s3" pass="1" fail="0" skip="0">Tests.Api.TC-API-03</stat>
<stat name="TC-API-04" id="s1-s2-s4" pass="1" fail="0" skip="0">Tests.Api.TC-API-04</stat>
<stat name="TC-API-05" id="s1-s2-s5" pass="1" fail="0" skip="0">Tests.Api.TC-API-05</stat>
<stat name="Hybrid" id="s1-s3" pass="2" fail="0" skip="0">Tests.Hybrid</stat>
<stat name="TC-E2E-01" id="s1-s3-s1" pass="1" fail="0" skip="0">Tests.Hybrid.TC-E2E-01</stat>
<stat name="TC-E2E-02" id="s1-s3-s2" pass="1" fail="0" skip="0">Tests.Hybrid.TC-E2E-02</stat>
<stat name="Negative" id="s1-s4" pass="6" fail="0" skip="0">Tests.Negative</stat>
<stat name="TC-API-NEG-01" id="s1-s4-s1" pass="1" fail="0" skip="0">Tests.Negative.TC-API-NEG-01</stat>
<stat name="TC-REG-NEG-04" id="s1-s4-s2" pass="1" fail="0" skip="0">Tests.Negative.TC-REG-NEG-04</stat>
<stat name="TC-REG-UI-02" id="s1-s4-s3" pass="1" fail="0" skip="0">Tests.Negative.TC-REG-UI-02</stat>
<stat name="TC-REG-UI-04" id="s1-s4-s4" pass="1" fail="0" skip="0">Tests.Negative.TC-REG-UI-04</stat>
<stat name="TC-TF-NEG-01" id="s1-s4-s5" pass="1" fail="0" skip="0">Tests.Negative.TC-TF-NEG-01</stat>
<stat name="TC-TF-NEG-02" id="s1-s4-s6" pass="1" fail="0" skip="0">Tests.Negative.TC-TF-NEG-02</stat>
</suite>
</statistics>
<errors>
<msg time="2026-06-20T14:06:07.136902" level="ERROR">Error in file 'C:\Users\aayus_ucf5jw3\OneDrive\Desktop\ParaBank Sprint\resources\keywords\api_keywords.robot' on line 8: Setting variable '${password}' failed: Recursive variable definition.</msg>
<msg time="2026-06-20T14:06:07.138000" level="ERROR">Error in file 'C:\Users\aayus_ucf5jw3\OneDrive\Desktop\ParaBank Sprint\resources\keywords\api_keywords.robot' on line 7: Setting variable '${username}' failed: Recursive variable definition.</msg>
<msg time="2026-06-20T14:06:24.283885" level="ERROR">Error in file 'C:\Users\aayus_ucf5jw3\OneDrive\Desktop\ParaBank Sprint\resources\keywords\api_keywords.robot' on line 8: Setting variable '${password}' failed: Recursive variable definition.</msg>
<msg time="2026-06-20T14:06:24.284921" level="ERROR">Error in file 'C:\Users\aayus_ucf5jw3\OneDrive\Desktop\ParaBank Sprint\resources\keywords\api_keywords.robot' on line 7: Setting variable '${username}' failed: Recursive variable definition.</msg>
<msg time="2026-06-20T14:06:43.856538" level="ERROR">Error in file 'C:\Users\aayus_ucf5jw3\OneDrive\Desktop\ParaBank Sprint\resources\keywords\api_keywords.robot' on line 8: Setting variable '${password}' failed: Recursive variable definition.</msg>
<msg time="2026-06-20T14:06:43.857700" level="ERROR">Error in file 'C:\Users\aayus_ucf5jw3\OneDrive\Desktop\ParaBank Sprint\resources\keywords\api_keywords.robot' on line 7: Setting variable '${username}' failed: Recursive variable definition.</msg>
<msg time="2026-06-20T14:06:58.242299" level="ERROR">Error in file 'C:\Users\aayus_ucf5jw3\OneDrive\Desktop\ParaBank Sprint\resources\keywords\api_keywords.robot' on line 8: Setting variable '${password}' failed: Recursive variable definition.</msg>
<msg time="2026-06-20T14:06:58.243429" level="ERROR">Error in file 'C:\Users\aayus_ucf5jw3\OneDrive\Desktop\ParaBank Sprint\resources\keywords\api_keywords.robot' on line 7: Setting variable '${username}' failed: Recursive variable definition.</msg>
<msg time="2026-06-20T14:07:04.462292" level="ERROR">Error in file 'C:\Users\aayus_ucf5jw3\OneDrive\Desktop\ParaBank Sprint\resources\keywords\api_keywords.robot' on line 8: Setting variable '${password}' failed: Recursive variable definition.</msg>
<msg time="2026-06-20T14:07:04.463535" level="ERROR">Error in file 'C:\Users\aayus_ucf5jw3\OneDrive\Desktop\ParaBank Sprint\resources\keywords\api_keywords.robot' on line 7: Setting variable '${username}' failed: Recursive variable definition.</msg>
<msg time="2026-06-20T14:07:26.503088" level="ERROR">Error in file 'C:\Users\aayus_ucf5jw3\OneDrive\Desktop\ParaBank Sprint\resources\keywords\api_keywords.robot' on line 8: Setting variable '${password}' failed: Recursive variable definition.</msg>
<msg time="2026-06-20T14:07:26.504333" level="ERROR">Error in file 'C:\Users\aayus_ucf5jw3\OneDrive\Desktop\ParaBank Sprint\resources\keywords\api_keywords.robot' on line 7: Setting variable '${username}' failed: Recursive variable definition.</msg>
<msg time="2026-06-20T14:07:31.916510" level="ERROR">Error in file 'C:\Users\aayus_ucf5jw3\OneDrive\Desktop\ParaBank Sprint\resources\keywords\api_keywords.robot' on line 8: Setting variable '${password}' failed: Recursive variable definition.</msg>
<msg time="2026-06-20T14:07:31.917795" level="ERROR">Error in file 'C:\Users\aayus_ucf5jw3\OneDrive\Desktop\ParaBank Sprint\resources\keywords\api_keywords.robot' on line 7: Setting variable '${username}' failed: Recursive variable definition.</msg>
<msg time="2026-06-20T14:07:49.022506" level="ERROR">Error in file 'C:\Users\aayus_ucf5jw3\OneDrive\Desktop\ParaBank Sprint\resources\keywords\api_keywords.robot' on line 8: Setting variable '${password}' failed: Recursive variable definition.</msg>
<msg time="2026-06-20T14:07:49.024005" level="ERROR">Error in file 'C:\Users\aayus_ucf5jw3\OneDrive\Desktop\ParaBank Sprint\resources\keywords\api_keywords.robot' on line 7: Setting variable '${username}' failed: Recursive variable definition.</msg>
</errors>
</robot>
