<?xml version="1.0" encoding="UTF-8"?>
<robot generator="Robot 7.4.2 (Python 3.13.12 on win32)" generated="2026-06-20T14:06:23.956979" rpa="false" schemaversion="5">
<suite id="s1" name="Tests" source="C:\Users\aayus_ucf5jw3\OneDrive\Desktop\ParaBank Sprint\tests">
<suite id="s1-s1" name="Api" source="C:\Users\aayus_ucf5jw3\OneDrive\Desktop\ParaBank Sprint\tests\api">
<suite id="s1-s1-s1" name="TC-API-02" source="C:\Users\aayus_ucf5jw3\OneDrive\Desktop\ParaBank Sprint\tests\api\TC-API-02.robot">
<kw name="Load Environment" owner="common_keywords" type="SETUP">
<kw name="Load Env" owner="environment">
<arg>${ENV}</arg>
<status status="PASS" start="2026-06-20T14:06:24.287004" elapsed="0.000973"/>
</kw>
<kw name="Get Env" owner="environment">
<msg time="2026-06-20T14:06:24.288294" level="INFO">${url} = https://parabank.parasoft.com</msg>
<var>${url}</var>
<arg>baseurl</arg>
<status status="PASS" start="2026-06-20T14:06:24.288155" elapsed="0.000170"/>
</kw>
<kw name="Get Env" owner="environment">
<msg time="2026-06-20T14:06:24.288512" level="INFO">${username} = aayushsuwlka080704</msg>
<var>${username}</var>
<arg>username</arg>
<status status="PASS" start="2026-06-20T14:06:24.288415" elapsed="0.000121"/>
</kw>
<kw name="Get Env" owner="environment">
<msg time="2026-06-20T14:06:24.288697" level="INFO">${password} = Aayush@08</msg>
<var>${password}</var>
<arg>password</arg>
<status status="PASS" start="2026-06-20T14:06:24.288613" elapsed="0.000104"/>
</kw>
<kw name="Set Global Variable" owner="BuiltIn">
<msg time="2026-06-20T14:06:24.289591" level="INFO">${BASE_URL} = https://parabank.parasoft.com</msg>
<arg>${BASE_URL}</arg>
<arg>${url}</arg>
<doc>Makes a variable available globally in all tests and suites.</doc>
<status status="PASS" start="2026-06-20T14:06:24.288804" elapsed="0.000827"/>
</kw>
<kw name="Set Global Variable" owner="BuiltIn">
<msg time="2026-06-20T14:06:24.289958" level="INFO">${USERNAME} = aayushsuwlka080704</msg>
<arg>${USERNAME}</arg>
<arg>${username}</arg>
<doc>Makes a variable available globally in all tests and suites.</doc>
<status status="PASS" start="2026-06-20T14:06:24.289726" elapsed="0.000265"/>
</kw>
<kw name="Set Global Variable" owner="BuiltIn">
<msg time="2026-06-20T14:06:24.290295" level="INFO">${PASSWORD} = Aayush@08</msg>
<arg>${PASSWORD}</arg>
<arg>${password}</arg>
<doc>Makes a variable available globally in all tests and suites.</doc>
<status status="PASS" start="2026-06-20T14:06:24.290077" elapsed="0.000249"/>
</kw>
<status status="PASS" start="2026-06-20T14:06:24.286428" elapsed="0.003956"/>
</kw>
<test id="s1-s1-s1-t1" name="TC-API-02" line="11">
<kw name="Open Application" owner="common_keywords" type="SETUP">
<kw name="Open Browser" owner="SeleniumLibrary">
<msg time="2026-06-20T14:06:24.291111" level="INFO">Opening browser 'chrome' to base url 'https://parabank.parasoft.com'.</msg>
<arg>${BASE_URL}</arg>
<arg>${BROWSER}</arg>
<doc>Opens a new browser instance to the optional ``url``.</doc>
<status status="PASS" start="2026-06-20T14:06:24.290951" elapsed="5.468271"/>
</kw>
<kw name="Maximize Browser Window" owner="SeleniumLibrary">
<doc>Maximizes current browser window.</doc>
<status status="PASS" start="2026-06-20T14:06:29.759548" elapsed="0.018975"/>
</kw>
<doc>Opens the application</doc>
<status status="PASS" start="2026-06-20T14:06:24.290758" elapsed="5.487876"/>
</kw>
<kw name="Ensure User Is Logged In" owner="common_keywords">
<kw name="Login User" owner="login">
<kw name="Input Text" owner="SeleniumLibrary">
<msg time="2026-06-20T14:06:29.779754" level="INFO">Typing text 'aayushsuwlka080704' into text field 'xpath=//input[@name='username']'.</msg>
<arg>${login_username}</arg>
<arg>${username}</arg>
<doc>Types the given ``text`` into the text field identified by ``locator``.</doc>
<status status="PASS" start="2026-06-20T14:06:29.779416" elapsed="0.063096"/>
</kw>
<kw name="Input Text" owner="SeleniumLibrary">
<msg time="2026-06-20T14:06:29.842939" level="INFO">Typing text 'Aayush@08' into text field 'xpath=//input[@name='password']'.</msg>
<arg>${login_password}</arg>
<arg>${password}</arg>
<doc>Types the given ``text`` into the text field identified by ``locator``.</doc>
<status status="PASS" start="2026-06-20T14:06:29.842703" elapsed="0.058281"/>
</kw>
<kw name="Click Element" owner="SeleniumLibrary">
<msg time="2026-06-20T14:06:29.901445" level="INFO">Clicking element 'xpath=//input[@value='Log In']'.</msg>
<arg>${login_btn}</arg>
<doc>Click the element identified by ``locator``.</doc>
<status status="PASS" start="2026-06-20T14:06:29.901215" elapsed="1.349545"/>
</kw>
<arg>${USERNAME}</arg>
<arg>${PASSWORD}</arg>
<status status="PASS" start="2026-06-20T14:06:29.779165" elapsed="1.471717"/>
</kw>
<kw name="Run Keyword And Return Status" owner="BuiltIn">
<kw name="Wait Until Page Contains" owner="SeleniumLibrary">
<arg>Accounts Overview</arg>
<arg>10s</arg>
<doc>Waits until ``text`` appears on the current page.</doc>
<status status="PASS" start="2026-06-20T14:06:31.251521" elapsed="0.011069"/>
</kw>
<msg time="2026-06-20T14:06:31.262742" level="INFO">${login_success} = True</msg>
<var>${login_success}</var>
<arg>Wait Until Page Contains</arg>
<arg>Accounts Overview</arg>
<arg>10s</arg>
<doc>Runs the specified keyword and returns the status as a Boolean value.</doc>
<status status="PASS" start="2026-06-20T14:06:31.251042" elapsed="0.011729"/>
</kw>
<if>
<branch type="IF" condition="not ${login_success}">
<kw name="Go To" owner="SeleniumLibrary">
<arg>${BASE_URL}</arg>
<doc>Navigates the current browser window to the provided ``url``.</doc>
<status status="NOT RUN" start="2026-06-20T14:06:31.263153" elapsed="0.000032"/>
</kw>
<kw name="Register With Valid Credentials" owner="register_page">
<doc>Test case to verify login with valid credentials  @</doc>
<status status="NOT RUN" start="2026-06-20T14:06:31.263550" elapsed="0.000051"/>
</kw>
<status status="NOT RUN" start="2026-06-20T14:06:31.262895" elapsed="0.000764"/>
</branch>
<status status="PASS" start="2026-06-20T14:06:31.262859" elapsed="0.000875"/>
</if>
<status status="PASS" start="2026-06-20T14:06:29.778892" elapsed="1.484930"/>
</kw>
<kw name="Get Customer Id" owner="api_keywords">
<kw name="Create Session" owner="RequestsLibrary">
<msg time="2026-06-20T14:06:31.264760" level="INFO">Creating Session using : alias=bank, url=https://parabank.parasoft.com/parabank/services/bank, headers={'Accept': 'application/json'},                     cookies={}, auth=None, timeout=None, proxies=None, verify=True,                     debug=0 </msg>
<arg>bank</arg>
<arg>${URL}</arg>
<arg>verify=True</arg>
<arg>headers={'Accept':'application/json'}</arg>
<doc>Create Session: create a HTTP session to a server</doc>
<status status="PASS" start="2026-06-20T14:06:31.264381" elapsed="0.000676"/>
</kw>
<kw name="GET On Session" owner="RequestsLibrary">
<msg time="2026-06-20T14:06:33.472658" level="INFO">GET Request : url=https://parabank.parasoft.com/parabank/services/bank/login/aayushsuwlka080704/Aayush@08 
 path_url=/parabank/services/bank/login/aayushsuwlka080704/Aayush@08 
 headers={'User-Agent': 'python-requests/2.33.1', 'Accept-Encoding': 'gzip, deflate', 'Accept': 'application/json', 'Connection': 'keep-alive'} 
 body=None 
 </msg>
<msg time="2026-06-20T14:06:33.472841" level="INFO">GET Response : url=https://parabank.parasoft.com/parabank/services/bank/login/aayushsuwlka080704/Aayush@08 
 status=200, reason=OK 
 headers={'Date': 'Sat, 20 Jun 2026 08:36:32 GMT', 'Content-Type': 'application/json', 'Transfer-Encoding': 'chunked', 'Connection': 'keep-alive', 'Server': 'cloudflare', 'cf-cache-status': 'DYNAMIC', 'X-Content-Type-Options': 'nosniff', 'Content-Encoding': 'gzip', 'CF-RAY': 'a0e972470b80db0f-FRA'} 
 body={"id":12878,"firstName":"Aayush","lastName":"Suwalka","address":{"street":"B-325, Subhash Nagar","city":"Bhilwara","state":"Rajasthan","zipCode":"311001"},"phoneNumber":"6350032742","ssn":"123456"} 
 </msg>
<msg time="2026-06-20T14:06:33.473031" level="INFO">${response} = &lt;Response [200]&gt;</msg>
<var>${response}</var>
<arg>bank</arg>
<arg>/login/${USERNAME}/${PASSWORD}</arg>
<doc>Sends a GET request on a previously created HTTP Session.</doc>
<status status="PASS" start="2026-06-20T14:06:31.265267" elapsed="2.207991"/>
</kw>
<kw name="Should Be Equal As Integers" owner="BuiltIn">
<msg time="2026-06-20T14:06:33.474491" level="INFO">Argument types are:
&lt;class 'int'&gt;
&lt;class 'str'&gt;</msg>
<arg>${response.status_code}</arg>
<arg>200</arg>
<doc>Fails if objects are unequal after converting them to integers.</doc>
<status status="PASS" start="2026-06-20T14:06:33.473509" elapsed="0.001078"/>
</kw>
<kw name="Set Variable" owner="BuiltIn">
<msg time="2026-06-20T14:06:33.475685" level="INFO">${body} = {'id': 12878, 'firstName': 'Aayush', 'lastName': 'Suwalka', 'address': {'street': 'B-325, Subhash Nagar', 'city': 'Bhilwara', 'state': 'Rajasthan', 'zipCode': '311001'}, 'phoneNumber': '6350032742', '...</msg>
<var>${body}</var>
<arg>${response.json()}</arg>
<doc>Returns the given values which can then be assigned to a variables.</doc>
<status status="PASS" start="2026-06-20T14:06:33.474752" elapsed="0.000979"/>
</kw>
<kw name="Set Variable" owner="BuiltIn">
<msg time="2026-06-20T14:06:33.476296" level="INFO">${customerID} = 12878</msg>
<var>${customerID}</var>
<arg>${body}[id]</arg>
<doc>Returns the given values which can then be assigned to a variables.</doc>
<status status="PASS" start="2026-06-20T14:06:33.475896" elapsed="0.000443"/>
</kw>
<kw name="Set Suite Variable" owner="BuiltIn">
<msg time="2026-06-20T14:06:33.477042" level="INFO">${Customer_Id} = 12878</msg>
<arg>${Customer_Id}</arg>
<arg>${customerID}</arg>
<doc>Makes a variable available everywhere within the scope of the current suite.</doc>
<status status="PASS" start="2026-06-20T14:06:33.476582" elapsed="0.000520"/>
</kw>
<doc>Getting the customer id of the logged in user @</doc>
<status status="PASS" start="2026-06-20T14:06:31.264047" elapsed="2.213165"/>
</kw>
<kw name="Get all Accounts of Customer" owner="api_keywords">
<kw name="Create Session" owner="RequestsLibrary">
<msg time="2026-06-20T14:06:33.478116" level="INFO">Creating Session using : alias=bank, url=https://parabank.parasoft.com/parabank/services/bank, headers={'Accept': 'application/json'},                     cookies={}, auth=None, timeout=None, proxies=None, verify=True,                     debug=0 </msg>
<arg>bank</arg>
<arg>${URL}</arg>
<arg>verify=True</arg>
<arg>headers={"Accept": "application/json"}</arg>
<doc>Create Session: create a HTTP session to a server</doc>
<status status="PASS" start="2026-06-20T14:06:33.477790" elapsed="0.000500"/>
</kw>
<kw name="GET On Session" owner="RequestsLibrary">
<msg time="2026-06-20T14:06:35.208496" level="INFO">GET Request : url=https://parabank.parasoft.com/parabank/services/bank/customers/12878/accounts 
 path_url=/parabank/services/bank/customers/12878/accounts 
 headers={'User-Agent': 'python-requests/2.33.1', 'Accept-Encoding': 'gzip, deflate', 'Accept': 'application/json', 'Connection': 'keep-alive'} 
 body=None 
 </msg>
<msg time="2026-06-20T14:06:35.208599" level="INFO">GET Response : url=https://parabank.parasoft.com/parabank/services/bank/customers/12878/accounts 
 status=200, reason=OK 
 headers={'Date': 'Sat, 20 Jun 2026 08:36:34 GMT', 'Content-Type': 'application/json', 'Transfer-Encoding': 'chunked', 'Connection': 'keep-alive', 'Server': 'cloudflare', 'cf-cache-status': 'DYNAMIC', 'X-Content-Type-Options': 'nosniff', 'Content-Encoding': 'gzip', 'CF-RAY': 'a0e972526c959a07-FRA'} 
 body=[{"id":14343,"customerId":12878,"type":"CHECKING","balance":115.50},{"id":14787,"customerId":12878,"type":"CHECKING","balance":100.00},{"id":14898,"customerId":12878,"type":"SAVINGS","balance":100.00},{"id":15231,"customerId":12878,"type":"SAVINGS","balance":100.00},{"id":15564,"customerId":12878,"type":"SAVINGS","balance":100.00}] 
 </msg>
<msg time="2026-06-20T14:06:35.208728" level="INFO">${response} = &lt;Response [200]&gt;</msg>
<var>${response}</var>
<arg>bank</arg>
<arg>/customers/${Customer_Id}/accounts</arg>
<doc>Sends a GET request on a previously created HTTP Session.</doc>
<status status="PASS" start="2026-06-20T14:06:33.478401" elapsed="1.730356"/>
</kw>
<kw name="Log To Console" owner="BuiltIn">
<arg>${response.status_code}</arg>
<doc>Logs the given message to the console.</doc>
<status status="PASS" start="2026-06-20T14:06:35.208922" elapsed="0.000704"/>
</kw>
<kw name="Set Variable" owner="BuiltIn">
<msg time="2026-06-20T14:06:35.210450" level="INFO">${body} = [{'id': 14343, 'customerId': 12878, 'type': 'CHECKING', 'balance': 115.5}, {'id': 14787, 'customerId': 12878, 'type': 'CHECKING', 'balance': 100.0}, {'id': 14898, 'customerId': 12878, 'type': 'SAVINGS...</msg>
<var>${body}</var>
<arg>${response.json()}</arg>
<doc>Returns the given values which can then be assigned to a variables.</doc>
<status status="PASS" start="2026-06-20T14:06:35.209802" elapsed="0.000680"/>
</kw>
<kw name="Log To Console" owner="BuiltIn">
<arg>${body}</arg>
<doc>Logs the given message to the console.</doc>
<status status="PASS" start="2026-06-20T14:06:35.210590" elapsed="0.000698"/>
</kw>
<kw name="Set Variable" owner="BuiltIn">
<msg time="2026-06-20T14:06:35.211786" level="INFO">${acc_Id} = 14343</msg>
<var>${acc_Id}</var>
<arg>${body}[0][id]</arg>
<doc>Returns the given values which can then be assigned to a variables.</doc>
<status status="PASS" start="2026-06-20T14:06:35.211465" elapsed="0.000350"/>
</kw>
<kw name="Set Variable" owner="BuiltIn">
<msg time="2026-06-20T14:06:35.212150" level="INFO">${acc_type} = CHECKING</msg>
<var>${acc_type}</var>
<arg>${body}[0][type]</arg>
<doc>Returns the given values which can then be assigned to a variables.</doc>
<status status="PASS" start="2026-06-20T14:06:35.211920" elapsed="0.000269"/>
</kw>
<kw name="Set Suite Variable" owner="BuiltIn">
<msg time="2026-06-20T14:06:35.213134" level="INFO">${Expected_Account_Type} = CHECKING</msg>
<arg>${Expected_Account_Type}</arg>
<arg>${acc_type}</arg>
<doc>Makes a variable available everywhere within the scope of the current suite.</doc>
<status status="PASS" start="2026-06-20T14:06:35.212300" elapsed="0.000879"/>
</kw>
<kw name="Set Suite Variable" owner="BuiltIn">
<msg time="2026-06-20T14:06:35.214205" level="INFO">${Account_Id} = 14343</msg>
<arg>${Account_Id}</arg>
<arg>${acc_Id}</arg>
<doc>Makes a variable available everywhere within the scope of the current suite.</doc>
<status status="PASS" start="2026-06-20T14:06:35.213287" elapsed="0.000961"/>
</kw>
<doc>Getting all the accounts of a customer @</doc>
<status status="PASS" start="2026-06-20T14:06:33.477474" elapsed="1.736841"/>
</kw>
<kw name="Check Account ID" owner="api_keywords">
<kw name="Create Session" owner="RequestsLibrary">
<msg time="2026-06-20T14:06:35.214930" level="INFO">Creating Session using : alias=bank, url=https://parabank.parasoft.com/parabank/services/bank, headers={'Accept': 'application/json'},                     cookies={}, auth=None, timeout=None, proxies=None, verify=True,                     debug=0 </msg>
<arg>bank</arg>
<arg>${URL}</arg>
<arg>verify=True</arg>
<arg>headers={"Accept": "application/json"}</arg>
<doc>Create Session: create a HTTP session to a server</doc>
<status status="PASS" start="2026-06-20T14:06:35.214732" elapsed="0.000327"/>
</kw>
<kw name="GET On Session" owner="RequestsLibrary">
<msg time="2026-06-20T14:06:36.659690" level="INFO">GET Request : url=https://parabank.parasoft.com/parabank/services/bank/customers/12878/accounts 
 path_url=/parabank/services/bank/customers/12878/accounts 
 headers={'User-Agent': 'python-requests/2.33.1', 'Accept-Encoding': 'gzip, deflate', 'Accept': 'application/json', 'Connection': 'keep-alive'} 
 body=None 
 </msg>
<msg time="2026-06-20T14:06:36.659796" level="INFO">GET Response : url=https://parabank.parasoft.com/parabank/services/bank/customers/12878/accounts 
 status=200, reason=OK 
 headers={'Date': 'Sat, 20 Jun 2026 08:36:35 GMT', 'Content-Type': 'application/json', 'Transfer-Encoding': 'chunked', 'Connection': 'keep-alive', 'Server': 'cloudflare', 'cf-cache-status': 'DYNAMIC', 'X-Content-Type-Options': 'nosniff', 'Content-Encoding': 'gzip', 'CF-RAY': 'a0e9725b69aec0b5-FRA'} 
 body=[{"id":14343,"customerId":12878,"type":"CHECKING","balance":115.50},{"id":14787,"customerId":12878,"type":"CHECKING","balance":100.00},{"id":14898,"customerId":12878,"type":"SAVINGS","balance":100.00},{"id":15231,"customerId":12878,"type":"SAVINGS","balance":100.00},{"id":15564,"customerId":12878,"type":"SAVINGS","balance":100.00}] 
 </msg>
<msg time="2026-06-20T14:06:36.660065" level="INFO">${response} = &lt;Response [200]&gt;</msg>
<var>${response}</var>
<arg>bank</arg>
<arg>/customers/${Customer_Id}/accounts</arg>
<doc>Sends a GET request on a previously created HTTP Session.</doc>
<status status="PASS" start="2026-06-20T14:06:35.215171" elapsed="1.444933"/>
</kw>
<kw name="Should Be Equal As Integers" owner="BuiltIn">
<msg time="2026-06-20T14:06:36.660984" level="INFO">Argument types are:
&lt;class 'int'&gt;
&lt;class 'str'&gt;</msg>
<arg>${response.status_code}</arg>
<arg>200</arg>
<doc>Fails if objects are unequal after converting them to integers.</doc>
<status status="PASS" start="2026-06-20T14:06:36.660300" elapsed="0.000747"/>
</kw>
<kw name="Set Variable" owner="BuiltIn">
<msg time="2026-06-20T14:06:36.661783" level="INFO">${body} = [{'id': 14343, 'customerId': 12878, 'type': 'CHECKING', 'balance': 115.5}, {'id': 14787, 'customerId': 12878, 'type': 'CHECKING', 'balance': 100.0}, {'id': 14898, 'customerId': 12878, 'type': 'SAVINGS...</msg>
<var>${body}</var>
<arg>${response.json()}</arg>
<doc>Returns the given values which can then be assigned to a variables.</doc>
<status status="PASS" start="2026-06-20T14:06:36.661158" elapsed="0.000655"/>
</kw>
<kw name="Set Variable" owner="BuiltIn">
<msg time="2026-06-20T14:06:36.662139" level="INFO">${found} = False</msg>
<var>${found}</var>
<arg>${False}</arg>
<doc>Returns the given values which can then be assigned to a variables.</doc>
<status status="PASS" start="2026-06-20T14:06:36.661918" elapsed="0.000247"/>
</kw>
<for flavor="IN">
<iter>
<kw name="Get From Dictionary" owner="Collections">
<msg time="2026-06-20T14:06:36.662773" level="INFO">${id} = 14343</msg>
<var>${id}</var>
<arg>${account}</arg>
<arg>id</arg>
<doc>Returns a value from the given ``dictionary`` based on the given ``key``.</doc>
<status status="PASS" start="2026-06-20T14:06:36.662582" elapsed="0.000218"/>
</kw>
<if>
<branch type="IF" condition="$id == $Account_Id">
<kw name="Set Variable" owner="BuiltIn">
<msg time="2026-06-20T14:06:36.663346" level="INFO">${found} = True</msg>
<var>${found}</var>
<arg>${True}</arg>
<doc>Returns the given values which can then be assigned to a variables.</doc>
<status status="PASS" start="2026-06-20T14:06:36.663102" elapsed="0.000271"/>
</kw>
<kw name="Exit For Loop" owner="BuiltIn">
<msg time="2026-06-20T14:06:36.663621" level="INFO">Exiting for loop altogether.</msg>
<doc>Stops executing the enclosing FOR loop.</doc>
<status status="PASS" start="2026-06-20T14:06:36.663474" elapsed="0.000218"/>
</kw>
<status status="PASS" start="2026-06-20T14:06:36.662889" elapsed="0.000846"/>
</branch>
<status status="PASS" start="2026-06-20T14:06:36.662867" elapsed="0.000912"/>
</if>
<var name="${account}">{'id': 14343, 'customerId': 12878, 'type': 'CHECKING', 'balance': 115.5}</var>
<status status="PASS" start="2026-06-20T14:06:36.662485" elapsed="0.001320"/>
</iter>
<var>${account}</var>
<value>@{body}</value>
<status status="PASS" start="2026-06-20T14:06:36.662247" elapsed="0.001606"/>
</for>
<kw name="Should Be True" owner="BuiltIn">
<arg>${found}</arg>
<arg>Account ${Account_Id} was not found in API response.x</arg>
<doc>Fails if the given condition is not true.</doc>
<status status="PASS" start="2026-06-20T14:06:36.663958" elapsed="0.000271"/>
</kw>
<doc>Checking if the account id is present in the list of accounts @</doc>
<status status="PASS" start="2026-06-20T14:06:35.214542" elapsed="1.449756"/>
</kw>
<kw name="Close Application" owner="common_keywords" type="TEARDOWN">
<kw name="Close All Browsers" owner="SeleniumLibrary">
<doc>Closes all open browsers and resets the browser cache.</doc>
<status status="PASS" start="2026-06-20T14:06:36.664720" elapsed="6.254313"/>
</kw>
<doc>Closing the application</doc>
<status status="PASS" start="2026-06-20T14:06:36.664492" elapsed="6.254694"/>
</kw>
<doc>Test to get the customerId of the user</doc>
<status status="PASS" start="2026-06-20T14:06:24.290436" elapsed="18.628838"/>
</test>
<status status="PASS" start="2026-06-20T14:06:23.994942" elapsed="18.924921"/>
</suite>
<status status="PASS" start="2026-06-20T14:06:23.993768" elapsed="18.926781"/>
</suite>
<status status="PASS" start="2026-06-20T14:06:23.958438" elapsed="18.962609"/>
</suite>
<statistics>
<total>
<stat pass="1" fail="0" skip="0">All Tests</stat>
</total>
<tag>
</tag>
<suite>
<stat name="Tests" id="s1" pass="1" fail="0" skip="0">Tests</stat>
<stat name="Api" id="s1-s1" pass="1" fail="0" skip="0">Tests.Api</stat>
<stat name="TC-API-02" id="s1-s1-s1" pass="1" fail="0" skip="0">Tests.Api.TC-API-02</stat>
</suite>
</statistics>
<errors>
<msg time="2026-06-20T14:06:24.283885" level="ERROR">Error in file 'C:\Users\aayus_ucf5jw3\OneDrive\Desktop\ParaBank Sprint\resources\keywords\api_keywords.robot' on line 8: Setting variable '${password}' failed: Recursive variable definition.</msg>
<msg time="2026-06-20T14:06:24.284921" level="ERROR">Error in file 'C:\Users\aayus_ucf5jw3\OneDrive\Desktop\ParaBank Sprint\resources\keywords\api_keywords.robot' on line 7: Setting variable '${username}' failed: Recursive variable definition.</msg>
</errors>
</robot>
